Buildfile: /home/mike/langsToLearn/java/projects/UnoClone/build.xml

-pre-init:

-init-private:

-init-user:

-init-project:

-init-macrodef-property:

-do-init:

-post-init:

-init-check:

-init-ap-cmdline-properties:

-init-macrodef-javac-with-processors:

-init-macrodef-javac-without-processors:

-init-macrodef-javac:

-init-macrodef-test-impl:

-init-macrodef-junit-init:

-init-macrodef-junit-single:

-init-test-properties:

-init-macrodef-junit-batch:

-init-macrodef-junit:

-init-macrodef-junit-impl:
Trying to override old definition of task http://www.netbeans.org/ns/j2se-project/3:test-impl

-init-macrodef-testng:

-init-macrodef-testng-impl:

-init-macrodef-test:

-init-macrodef-junit-debug:

-init-macrodef-junit-debug-batch:

-init-macrodef-junit-debug-impl:

-init-macrodef-test-debug-junit:

-init-macrodef-testng-debug:

-init-macrodef-testng-debug-impl:

-init-macrodef-test-debug-testng:

-init-macrodef-test-debug:

-init-debug-args:

-init-macrodef-nbjpda:

-init-macrodef-debug:

-init-macrodef-java:

-init-presetdef-jar:

-init-ap-cmdline-supported:

-init-ap-cmdline:

init:

-deps-jar-init:
   [delete] Deleting: /home/mike/langsToLearn/java/projects/UnoClone/build/built-jar.properties

deps-jar:

-warn-already-built-jar:
[propertyfile] Updating property file: /home/mike/langsToLearn/java/projects/UnoClone/build/built-jar.properties

-check-automatic-build:

-clean-after-automatic-build:

-pre-init:

-init-private:

-init-user:

-init-project:

-init-macrodef-property:

-do-init:

-post-init:

-init-check:

-init-ap-cmdline-properties:

-init-macrodef-javac-with-processors:

-init-macrodef-javac-without-processors:

-init-macrodef-javac:

-init-macrodef-test-impl:
Trying to override old definition of task http://www.netbeans.org/ns/j2se-project/3:test-impl

-init-macrodef-junit-init:

-init-macrodef-junit-single:

-init-test-properties:

-init-macrodef-junit-batch:

-init-macrodef-junit:

-init-macrodef-junit-impl:
Trying to override old definition of task http://www.netbeans.org/ns/j2se-project/3:test-impl

-init-macrodef-testng:

-init-macrodef-testng-impl:

-init-macrodef-test:

-init-macrodef-junit-debug:

-init-macrodef-junit-debug-batch:

-init-macrodef-junit-debug-impl:

-init-macrodef-test-debug-junit:

-init-macrodef-testng-debug:

-init-macrodef-testng-debug-impl:

-init-macrodef-test-debug-testng:

-init-macrodef-test-debug:

-init-debug-args:

-init-macrodef-nbjpda:

-init-macrodef-debug:

-init-macrodef-java:

-init-presetdef-jar:

-init-ap-cmdline-supported:

-init-ap-cmdline:

init:

-deps-clean-init:

deps-clean:

-warn-already-built-clean:
[propertyfile] Updating property file: /home/mike/langsToLearn/java/projects/UnoClone/build/built-clean.properties

-do-clean:
   [delete] Deleting directory /home/mike/langsToLearn/java/projects/UnoClone/build

-post-clean:

clean:

-verify-automatic-build:

-pre-pre-compile:
    [mkdir] Created dir: /home/mike/langsToLearn/java/projects/UnoClone/build/classes

-pre-compile:

-copy-persistence-xml:

-compile-depend:

-do-compile:
    [mkdir] Created dir: /home/mike/langsToLearn/java/projects/UnoClone/build/empty
    [mkdir] Created dir: /home/mike/langsToLearn/java/projects/UnoClone/build/generated-sources/ap-source-output
    [javac] Compiling 11 source files to /home/mike/langsToLearn/java/projects/UnoClone/build/classes
    [javac] Note: /home/mike/langsToLearn/java/projects/UnoClone/src/practiceUno/Deck.java uses unchecked or unsafe operations.
    [javac] Note: Recompile with -Xlint:unchecked for details.
     [copy] Copying 2 files to /home/mike/langsToLearn/java/projects/UnoClone/build/classes

-post-compile:

compile:

-pre-pre-compile-test:
    [mkdir] Created dir: /home/mike/langsToLearn/java/projects/UnoClone/build/test/classes

-pre-compile-test:

-compile-test-depend:

-do-compile-test:
    [javac] Compiling 8 source files to /home/mike/langsToLearn/java/projects/UnoClone/build/test/classes

-post-compile-test:

compile-test:

-pre-test-run:
    [mkdir] Created dir: /home/mike/langsToLearn/java/projects/UnoClone/build/test/results

-do-test-run:
    [junit] Testsuite: practiceUno.CardTest
    [junit] Print
    [junit] BLUE
    [junit] GetColor
    [junit] Tests run: 2, Failures: 0, Errors: 0, Time elapsed: 0.076 sec
    [junit] 
    [junit] ------------- Standard Output ---------------
    [junit] Print
    [junit] BLUE
    [junit] GetColor
    [junit] ------------- ---------------- ---------------
    [junit] Testsuite: practiceUno.DeckTest
    [junit] Apr 03, 2013 1:13:10 AM practiceUno.Deck CheckNumber
    [junit] AddDiscard Number and Number
    [junit] Adding: 5 BLUE
    [junit] 0 BLUE
    [junit] 1 BLUE
    [junit] 2 BLUE
    [junit] 3 BLUE
    [junit] 4 BLUE
    [junit] INFO: Tried to place a number on a number
    [junit] 5 BLUE
    [junit] Apr 03, 2013 1:13:10 AM practiceUno.Deck CheckNumber
    [junit] 6 BLUE
    [junit] INFO: 9 BLUE
    [junit] Apr 03, 2013 1:13:10 AM practiceUno.Deck CheckNumber
    [junit] 7 BLUE
    [junit] INFO: Tried to place a number on a number
    [junit] 8 BLUE
    [junit] Apr 03, 2013 1:13:10 AM practiceUno.Deck CheckNumber
    [junit] INFO: 9 BLUE
    [junit] Apr 03, 2013 1:13:10 AM practiceUno.Deck CheckNumber
    [junit] INFO: Tried to place a number on a number
    [junit] Apr 03, 2013 1:13:10 AM practiceUno.Deck CheckNumber
    [junit] INFO: 9 BLUE
    [junit] Apr 03, 2013 1:13:10 AM practiceUno.Deck CheckNumber
    [junit] INFO: Tried to place a number on a number
    [junit] Apr 03, 2013 1:13:10 AM practiceUno.Deck CheckNumber
    [junit] INFO: 9 BLUE
    [junit] Apr 03, 2013 1:13:10 AM practiceUno.Deck CheckNumber
    [junit] INFO: Tried to place a number on a number
    [junit] Apr 03, 2013 1:13:10 AM practiceUno.Deck CheckNumber
    [junit] INFO: 9 BLUE
    [junit] Apr 03, 2013 1:13:10 AM practiceUno.Deck CheckNumber
    [junit] INFO: Tried to place a number on a number
    [junit] Apr 03, 2013 1:13:10 AM practiceUno.Deck CheckNumber
    [junit] INFO: 9 BLUE
    [junit] Apr 03, 2013 1:13:10 AM practiceUno.Deck CheckNumber
    [junit] INFO: Tried to place a number on a number
    [junit] Apr 03, 2013 1:13:10 AM practiceUno.Deck CheckNumber
    [junit] INFO: 9 BLUE
    [junit] Apr 03, 2013 1:13:10 AM practiceUno.Deck CheckNumber
    [junit] INFO: Tried to place a number on a number
    [junit] Apr 03, 2013 1:13:10 AM practiceUno.Deck CheckNumber
    [junit] INFO: 9 BLUE
    [junit] Apr 03, 2013 1:13:10 AM practiceUno.Deck CheckNumber
    [junit] INFO: Tried to place a number on a number
    [junit] Apr 03, 2013 1:13:10 AM practiceUno.Deck CheckNumber
    [junit] INFO: 9 BLUE
    [junit] Apr 03, 2013 1:13:10 AM practiceUno.Deck CheckNumber
    [junit] INFO: Tried to place a number on a number
    [junit] Apr 03, 2013 1:13:10 AM practiceUno.Deck CheckNumber
    [junit] INFO: 9 RED
    [junit] Apr 03, 2013 1:13:10 AM practiceUno.Deck CheckNumber
    [junit] INFO: Tried to place a number on a number
    [junit] 9 BLUE
    [junit] 9 BLUE
    [junit] 9 BLUE
    [junit] 9 BLUE
    [junit] 9 BLUE
    [junit] 9 BLUE
    [junit] 9 BLUE
    [junit] 9 BLUE
    [junit] 9 BLUE
    [junit] 9 BLUE
    [junit] 9 RED
    [junit] 9 RED
    [junit] 9 RED
    [junit] 9 RED
    [junit] 9 RED
    [junit] 9 RED
    [junit] 9 RED
    [junit] 9 RED
    [junit] 9 RED
    [junit] 9 RED
    [junit] 9 GREEN
    [junit] 9 GREEN
    [junit] 9 GREEN
    [junit] 9 GREEN
    [junit] 9 GREEN
    [junit] 9 GREEN
    [junit] 9 GREEN
    [junit] 9 GREEN
    [junit] 9 GREEN
    [junit] Apr 03, 2013 1:13:10 AM practiceUno.Deck CheckNumber
    [junit] INFO: 9 RED
    [junit] Apr 03, 2013 1:13:10 AM practiceUno.Deck CheckNumber
    [junit] INFO: Tried to place a number on a number
    [junit] Apr 03, 2013 1:13:10 AM practiceUno.Deck CheckNumber
    [junit] INFO: 9 RED
    [junit] Apr 03, 2013 1:13:10 AM practiceUno.Deck CheckNumber
    [junit] INFO: Tried to place a number on a number
    [junit] Apr 03, 2013 1:13:10 AM practiceUno.Deck CheckNumber
    [junit] INFO: 9 RED
    [junit] Apr 03, 2013 1:13:10 AM practiceUno.Deck CheckNumber
    [junit] INFO: Tried to place a number on a number
    [junit] Apr 03, 2013 1:13:10 AM practiceUno.Deck CheckNumber
    [junit] INFO: 9 RED
    [junit] Apr 03, 2013 1:13:10 AM practiceUno.Deck CheckNumber
    [junit] INFO: Tried to place a number on a number
    [junit] Apr 03, 2013 1:13:10 AM practiceUno.Deck CheckNumber
    [junit] INFO: 9 RED
    [junit] Apr 03, 2013 1:13:10 AM practiceUno.Deck CheckNumber
    [junit] INFO: Tried to place a number on a number
    [junit] Apr 03, 2013 1:13:10 AM practiceUno.Deck CheckNumber
    [junit] INFO: 9 RED
    [junit] Apr 03, 2013 1:13:10 AM practiceUno.Deck CheckNumber
    [junit] INFO: Tried to place a number on a number
    [junit] Apr 03, 2013 1:13:10 AM practiceUno.Deck CheckNumber
    [junit] INFO: 9 RED
    [junit] Apr 03, 2013 1:13:10 AM practiceUno.Deck CheckNumber
    [junit] INFO: Tried to place a number on a number
    [junit] Apr 03, 2013 1:13:10 AM practiceUno.Deck CheckNumber
    [junit] INFO: 9 RED
    [junit] Apr 03, 2013 1:13:10 AM practiceUno.Deck CheckNumber
    [junit] INFO: Tried to place a number on a number
    [junit] Apr 03, 2013 1:13:10 AM practiceUno.Deck CheckNumber
    [junit] INFO: 9 GREEN
    [junit] Apr 03, 2013 1:13:10 AM practiceUno.Deck CheckNumber
    [junit] INFO: Tried to place a number on a number
    [junit] Apr 03, 2013 1:13:10 AM practiceUno.Deck CheckNumber
    [junit] INFO: 9 GREEN
    [junit] Apr 03, 2013 1:13:10 AM practiceUno.Deck CheckNumber
    [junit] INFO: Tried to place a number on a number
    [junit] Apr 03, 2013 1:13:10 AM practiceUno.Deck CheckNumber
    [junit] INFO: 9 GREEN
    [junit] Apr 03, 2013 1:13:10 AM practiceUno.Deck CheckNumber
    [junit] INFO: Tried to place a number on a number
    [junit] Apr 03, 2013 1:13:10 AM practiceUno.Deck CheckNumber
    [junit] INFO: 9 GREEN
    [junit] Apr 03, 2013 1:13:10 AM practiceUno.Deck CheckNumber
    [junit] INFO: Tried to place a number on a number
    [junit] Apr 03, 2013 1:13:10 AM practiceUno.Deck CheckNumber
    [junit] INFO: 9 GREEN
    [junit] Apr 03, 2013 1:13:10 AM practiceUno.Deck CheckNumber
    [junit] INFO: Tried to place a number on a number
    [junit] Apr 03, 2013 1:13:10 AM practiceUno.Deck CheckNumber
    [junit] INFO: 9 GREEN
    [junit] Apr 03, 2013 1:13:10 AM practiceUno.Deck CheckNumber
    [junit] INFO: Tried to place a number on a number
    [junit] Apr 03, 2013 1:13:10 AM practiceUno.Deck CheckNumber
    [junit] INFO: 9 GREEN
    [junit] Apr 03, 2013 1:13:10 AM practiceUno.Deck CheckNumber
    [junit] INFO: Tried to place a number on a number
    [junit] Apr 03, 2013 1:13:10 AM practiceUno.Deck CheckNumber
    [junit] INFO: 9 GREEN
    [junit] Apr 03, 2013 1:13:10 AM practiceUno.Deck CheckNumber
    [junit] INFO: Tried to place a number on a number
    [junit] Apr 03, 2013 1:13:10 AM practiceUno.Deck CheckNumber
    [junit] INFO: 9 GREEN
    [junit] Apr 03, 2013 1:13:10 AM practiceUno.Deck CheckNumber
    [junit] INFO: Tried to place a number card on special
    [junit] 9 GREEN
    [junit] 9 YELLOW
    [junit] DrawNext
    [junit] Discard Number on Special
    [junit] Adding: DRTWO YELLOW
    [junit] 5 YELLOW
    [junit] Discard Number on Wild
    [junit] Adding: WILD
    [junit] 9 RED
    [junit] 9 GREEN
    [junit] 9 YELLOW
    [junit] Add Discard Special on Number
    [junit] Adding: 7 GREEN
    [junit] 7 GREEN
    [junit] 7 GREEN
    [junit] Add Discard on Special on Wild
    [junit] Adding: WILD
    [junit] Add Discard Special On Special
    [junit] Adding: REVERSE RED
    [junit] Add Discard Wild on Special
    [junit] Adding: DRTWO YELLOW
    [junit] Add Discard Wild on Number
    [junit] Adding: 9 BLUE
    [junit] 9 BLUE
    [junit] Add Discard Wild on Wild
    [junit] Adding: WILD
    [junit] getSize
    [junit] ShowDiscard
    [junit] SetUpDiscard
    [junit] PrintDeck
    [junit] 0 BLUE
    [junit] 1 BLUE
    [junit] 1 BLUE
    [junit] 2 BLUE
    [junit] 2 BLUE
    [junit] 3 BLUE
    [junit] 3 BLUE
    [junit] 4 BLUE
    [junit] 4 BLUE
    [junit] 5 BLUE
    [junit] 5 BLUE
    [junit] 6 BLUE
    [junit] 6 BLUE
    [junit] 7 BLUE
    [junit] 7 BLUE
    [junit] 8 BLUE
    [junit] 8 BLUE
    [junit] 9 BLUE
    [junit] 9 BLUE
    [junit] 0 RED
    [junit] 1 RED
    [junit] 1 RED
    [junit] 2 RED
    [junit] 2 RED
    [junit] 3 RED
    [junit] 3 RED
    [junit] 4 RED
    [junit] 4 RED
    [junit] 5 RED
    [junit] 5 RED
    [junit] 6 RED
    [junit] 6 RED
    [junit] 7 RED
    [junit] 7 RED
    [junit] 8 RED
    [junit] 8 RED
    [junit] 9 RED
    [junit] 9 RED
    [junit] 0 GREEN
    [junit] 1 GREEN
    [junit] 1 GREEN
    [junit] 2 GREEN
    [junit] 2 GREEN
    [junit] 3 GREEN
    [junit] 3 GREEN
    [junit] 4 GREEN
    [junit] 4 GREEN
    [junit] 5 GREEN
    [junit] 5 GREEN
    [junit] 6 GREEN
    [junit] 6 GREEN
    [junit] 7 GREEN
    [junit] 7 GREEN
    [junit] 8 GREEN
    [junit] 8 GREEN
    [junit] 9 GREEN
    [junit] 9 GREEN
    [junit] 0 YELLOW
    [junit] 1 YELLOW
    [junit] 1 YELLOW
    [junit] 2 YELLOW
    [junit] 2 YELLOW
    [junit] 3 YELLOW
    [junit] 3 YELLOW
    [junit] 4 YELLOW
    [junit] 4 YELLOW
    [junit] 5 YELLOW
    [junit] 5 YELLOW
    [junit] 6 YELLOW
    [junit] 6 YELLOW
    [junit] 7 YELLOW
    [junit] Apr 03, 2013 1:13:10 AM practiceUno.Deck CheckNumber
    [junit] INFO: DRTWO YELLOW
    [junit] Apr 03, 2013 1:13:10 AM practiceUno.Deck CheckNumber
    [junit] INFO: Tried to place a number card on special
    [junit] Apr 03, 2013 1:13:10 AM practiceUno.Deck CheckNumber
    [junit] INFO: DRTWO YELLOW
    [junit] Apr 03, 2013 1:13:10 AM practiceUno.Deck CheckNumber
    [junit] INFO: Tried to place a number card on special
    [junit] Apr 03, 2013 1:13:10 AM practiceUno.Deck CheckNumber
    [junit] INFO: DRTWO YELLOW
    [junit] Apr 03, 2013 1:13:10 AM practiceUno.WildCard Wild
    [junit] INFO: Call for wild called
    [junit] Apr 03, 2013 1:13:10 AM practiceUno.Deck CheckNumber
    [junit] INFO: Tried to place a number card on wild.
    [junit] Apr 03, 2013 1:13:10 AM practiceUno.Deck CheckNumber
    [junit] INFO: WILD RED
    [junit] Apr 03, 2013 1:13:10 AM practiceUno.WildCard Wild
    [junit] INFO: Call for wild called
    [junit] Apr 03, 2013 1:13:10 AM practiceUno.WildCard Wild
    [junit] INFO: Call for wild called
    [junit] Apr 03, 2013 1:13:10 AM practiceUno.WildCard Wild
    [junit] INFO: Call for wild called
    [junit] Apr 03, 2013 1:13:10 AM practiceUno.WildCard Wild
    [junit] INFO: Call for wild called
    [junit] Apr 03, 2013 1:13:10 AM practiceUno.WildCard Wild
    [junit] INFO: Call for wild called
    [junit] Apr 03, 2013 1:13:10 AM practiceUno.Deck SetUpDiscard
    [junit] INFO: Setting up discard.
    [junit] Apr 03, 2013 1:13:10 AM practiceUno.WildCard Wild
    [junit] INFO: Call for wild called
    [junit] Apr 03, 2013 1:13:10 AM practiceUno.Deck SetUpDiscard
    [junit] INFO: Deck shows: WILDDRFOUR RED
    [junit] Apr 03, 2013 1:13:10 AM practiceUno.Deck SetUpDiscard
    [junit] INFO: Setting up discard.
    [junit] Apr 03, 2013 1:13:10 AM practiceUno.WildCard Wild
    [junit] INFO: Call for wild called
    [junit] Apr 03, 2013 1:13:10 AM practiceUno.Deck SetUpDiscard
    [junit] INFO: Deck shows: WILDDRFOUR RED
    [junit] Apr 03, 2013 1:13:10 AM practiceUno.Deck SetUpDiscard
    [junit] INFO: Setting up discard.
    [junit] Apr 03, 2013 1:13:10 AM practiceUno.WildCard Wild
    [junit] INFO: Call for wild called
    [junit] Apr 03, 2013 1:13:10 AM practiceUno.Deck SetUpDiscard
    [junit] INFO: Deck shows: WILDDRFOUR RED
    [junit] 7 YELLOW
    [junit] 8 YELLOW
    [junit] 8 YELLOW
    [junit] 9 YELLOW
    [junit] 9 YELLOW
    [junit] GetDeck
    [junit] SideEffect
    [junit] AddDiscard
    [junit] Shuffle
    [junit] Tests run: 18, Failures: 0, Errors: 0, Time elapsed: 0.254 sec
    [junit] 
    [junit] ------------- Standard Output ---------------
    [junit] AddDiscard Number and Number
    [junit] Adding: 5 BLUE
    [junit] 0 BLUE
    [junit] 1 BLUE
    [junit] 2 BLUE
    [junit] 3 BLUE
    [junit] 4 BLUE
    [junit] 5 BLUE
    [junit] 6 BLUE
    [junit] 7 BLUE
    [junit] 8 BLUE
    [junit] 9 BLUE
    [junit] 9 BLUE
    [junit] 9 BLUE
    [junit] 9 BLUE
    [junit] 9 BLUE
    [junit] 9 BLUE
    [junit] 9 BLUE
    [junit] 9 BLUE
    [junit] 9 BLUE
    [junit] 9 BLUE
    [junit] 9 RED
    [junit] 9 RED
    [junit] 9 RED
    [junit] 9 RED
    [junit] 9 RED
    [junit] 9 RED
    [junit] 9 RED
    [junit] 9 RED
    [junit] 9 RED
    [junit] 9 RED
    [junit] 9 GREEN
    [junit] 9 GREEN
    [junit] 9 GREEN
    [junit] 9 GREEN
    [junit] 9 GREEN
    [junit] 9 GREEN
    [junit] 9 GREEN
    [junit] 9 GREEN
    [junit] 9 GREEN
    [junit] 9 GREEN
    [junit] 9 YELLOW
    [junit] DrawNext
    [junit] Discard Number on Special
    [junit] Adding: DRTWO YELLOW
    [junit] 5 YELLOW
    [junit] Discard Number on Wild
    [junit] Adding: WILD
    [junit] 9 RED
    [junit] 9 GREEN
    [junit] 9 YELLOW
    [junit] Add Discard Special on Number
    [junit] Adding: 7 GREEN
    [junit] 7 GREEN
    [junit] 7 GREEN
    [junit] Add Discard on Special on Wild
    [junit] Adding: WILD
    [junit] Add Discard Special On Special
    [junit] Adding: REVERSE RED
    [junit] Add Discard Wild on Special
    [junit] Adding: DRTWO YELLOW
    [junit] Add Discard Wild on Number
    [junit] Adding: 9 BLUE
    [junit] 9 BLUE
    [junit] Add Discard Wild on Wild
    [junit] Adding: WILD
    [junit] getSize
    [junit] ShowDiscard
    [junit] SetUpDiscard
    [junit] PrintDeck
    [junit] 0 BLUE
    [junit] 1 BLUE
    [junit] 1 BLUE
    [junit] 2 BLUE
    [junit] 2 BLUE
    [junit] 3 BLUE
    [junit] 3 BLUE
    [junit] 4 BLUE
    [junit] 4 BLUE
    [junit] 5 BLUE
    [junit] 5 BLUE
    [junit] 6 BLUE
    [junit] 6 BLUE
    [junit] 7 BLUE
    [junit] 7 BLUE
    [junit] 8 BLUE
    [junit] 8 BLUE
    [junit] 9 BLUE
    [junit] 9 BLUE
    [junit] 0 RED
    [junit] 1 RED
    [junit] 1 RED
    [junit] 2 RED
    [junit] 2 RED
    [junit] 3 RED
    [junit] 3 RED
    [junit] 4 RED
    [junit] 4 RED
    [junit] 5 RED
    [junit] 5 RED
    [junit] 6 RED
    [junit] 6 RED
    [junit] 7 RED
    [junit] 7 RED
    [junit] 8 RED
    [junit] 8 RED
    [junit] 9 RED
    [junit] 9 RED
    [junit] 0 GREEN
    [junit] 1 GREEN
    [junit] 1 GREEN
    [junit] 2 GREEN
    [junit] 2 GREEN
    [junit] 3 GREEN
    [junit] 3 GREEN
    [junit] 4 GREEN
    [junit] 4 GREEN
    [junit] 5 GREEN
    [junit] 5 GREEN
    [junit] 6 GREEN
    [junit] 6 GREEN
    [junit] 7 GREEN
    [junit] 7 GREEN
    [junit] 8 GREEN
    [junit] 8 GREEN
    [junit] 9 GREEN
    [junit] 9 GREEN
    [junit] 0 YELLOW
    [junit] 1 YELLOW
    [junit] 1 YELLOW
    [junit] 2 YELLOW
    [junit] 2 YELLOW
    [junit] 3 YELLOW
    [junit] 3 YELLOW
    [junit] 4 YELLOW
    [junit] 4 YELLOW
    [junit] 5 YELLOW
    [junit] 5 YELLOW
    [junit] 6 YELLOW
    [junit] 6 YELLOW
    [junit] 7 YELLOW
    [junit] 7 YELLOW
    [junit] 8 YELLOW
    [junit] 8 YELLOW
    [junit] 9 YELLOW
    [junit] 9 YELLOW
    [junit] GetDeck
    [junit] SideEffect
    [junit] AddDiscard
    [junit] Shuffle
    [junit] ------------- ---------------- ---------------
    [junit] ------------- Standard Error -----------------
    [junit] Apr 03, 2013 1:13:10 AM practiceUno.Deck CheckNumber
    [junit] INFO: Tried to place a number on a number
    [junit] Apr 03, 2013 1:13:10 AM practiceUno.Deck CheckNumber
    [junit] INFO: 9 BLUE
    [junit] Apr 03, 2013 1:13:10 AM practiceUno.Deck CheckNumber
    [junit] INFO: Tried to place a number on a number
    [junit] Apr 03, 2013 1:13:10 AM practiceUno.Deck CheckNumber
    [junit] INFO: 9 BLUE
    [junit] Apr 03, 2013 1:13:10 AM practiceUno.Deck CheckNumber
    [junit] INFO: Tried to place a number on a number
    [junit] Apr 03, 2013 1:13:10 AM practiceUno.Deck CheckNumber
    [junit] INFO: 9 BLUE
    [junit] Apr 03, 2013 1:13:10 AM practiceUno.Deck CheckNumber
    [junit] INFO: Tried to place a number on a number
    [junit] Apr 03, 2013 1:13:10 AM practiceUno.Deck CheckNumber
    [junit] INFO: 9 BLUE
    [junit] Apr 03, 2013 1:13:10 AM practiceUno.Deck CheckNumber
    [junit] INFO: Tried to place a number on a number
    [junit] Apr 03, 2013 1:13:10 AM practiceUno.Deck CheckNumber
    [junit] INFO: 9 BLUE
    [junit] Apr 03, 2013 1:13:10 AM practiceUno.Deck CheckNumber
    [junit] INFO: Tried to place a number on a number
    [junit] Apr 03, 2013 1:13:10 AM practiceUno.Deck CheckNumber
    [junit] INFO: 9 BLUE
    [junit] Apr 03, 2013 1:13:10 AM practiceUno.Deck CheckNumber
    [junit] INFO: Tried to place a number on a number
    [junit] Apr 03, 2013 1:13:10 AM practiceUno.Deck CheckNumber
    [junit] INFO: 9 BLUE
    [junit] Apr 03, 2013 1:13:10 AM practiceUno.Deck CheckNumber
    [junit] INFO: Tried to place a number on a number
    [junit] Apr 03, 2013 1:13:10 AM practiceUno.Deck CheckNumber
    [junit] INFO: 9 BLUE
    [junit] Apr 03, 2013 1:13:10 AM practiceUno.Deck CheckNumber
    [junit] INFO: Tried to place a number on a number
    [junit] Apr 03, 2013 1:13:10 AM practiceUno.Deck CheckNumber
    [junit] INFO: 9 BLUE
    [junit] Apr 03, 2013 1:13:10 AM practiceUno.Deck CheckNumber
    [junit] INFO: Tried to place a number on a number
    [junit] Apr 03, 2013 1:13:10 AM practiceUno.Deck CheckNumber
    [junit] INFO: 9 RED
    [junit] Apr 03, 2013 1:13:10 AM practiceUno.Deck CheckNumber
    [junit] INFO: Tried to place a number on a number
    [junit] Apr 03, 2013 1:13:10 AM practiceUno.Deck CheckNumber
    [junit] INFO: 9 RED
    [junit] Apr 03, 2013 1:13:10 AM practiceUno.Deck CheckNumber
    [junit] INFO: Tried to place a number on a number
    [junit] Apr 03, 2013 1:13:10 AM practiceUno.Deck CheckNumber
    [junit] INFO: 9 RED
    [junit] Apr 03, 2013 1:13:10 AM practiceUno.Deck CheckNumber
    [junit] INFO: Tried to place a number on a number
    [junit] Apr 03, 2013 1:13:10 AM practiceUno.Deck CheckNumber
    [junit] INFO: 9 RED
    [junit] Apr 03, 2013 1:13:10 AM practiceUno.Deck CheckNumber
    [junit] INFO: Tried to place a number on a number
    [junit] Apr 03, 2013 1:13:10 AM practiceUno.Deck CheckNumber
    [junit] INFO: 9 RED
    [junit] Apr 03, 2013 1:13:10 AM practiceUno.Deck CheckNumber
    [junit] INFO: Tried to place a number on a number
    [junit] Apr 03, 2013 1:13:10 AM practiceUno.Deck CheckNumber
    [junit] INFO: 9 RED
    [junit] Apr 03, 2013 1:13:10 AM practiceUno.Deck CheckNumber
    [junit] INFO: Tried to place a number on a number
    [junit] Apr 03, 2013 1:13:10 AM practiceUno.Deck CheckNumber
    [junit] INFO: 9 RED
    [junit] Apr 03, 2013 1:13:10 AM practiceUno.Deck CheckNumber
    [junit] INFO: Tried to place a number on a number
    [junit] Apr 03, 2013 1:13:10 AM practiceUno.Deck CheckNumber
    [junit] INFO: 9 RED
    [junit] Apr 03, 2013 1:13:10 AM practiceUno.Deck CheckNumber
    [junit] INFO: Tried to place a number on a number
    [junit] Apr 03, 2013 1:13:10 AM practiceUno.Deck CheckNumber
    [junit] INFO: 9 RED
    [junit] Apr 03, 2013 1:13:10 AM practiceUno.Deck CheckNumber
    [junit] INFO: Tried to place a number on a number
    [junit] Apr 03, 2013 1:13:10 AM practiceUno.Deck CheckNumber
    [junit] INFO: 9 GREEN
    [junit] Apr 03, 2013 1:13:10 AM practiceUno.Deck CheckNumber
    [junit] INFO: Tried to place a number on a number
    [junit] Apr 03, 2013 1:13:10 AM practiceUno.Deck CheckNumber
    [junit] INFO: 9 GREEN
    [junit] Apr 03, 2013 1:13:10 AM practiceUno.Deck CheckNumber
    [junit] INFO: Tried to place a number on a number
    [junit] Apr 03, 2013 1:13:10 AM practiceUno.Deck CheckNumber
    [junit] INFO: 9 GREEN
    [junit] Apr 03, 2013 1:13:10 AM practiceUno.Deck CheckNumber
    [junit] INFO: Tried to place a number on a number
    [junit] Apr 03, 2013 1:13:10 AM practiceUno.Deck CheckNumber
    [junit] INFO: 9 GREEN
    [junit] Apr 03, 2013 1:13:10 AM practiceUno.Deck CheckNumber
    [junit] INFO: Tried to place a number on a number
    [junit] Apr 03, 2013 1:13:10 AM practiceUno.Deck CheckNumber
    [junit] INFO: 9 GREEN
    [junit] Apr 03, 2013 1:13:10 AM practiceUno.Deck CheckNumber
    [junit] INFO: Tried to place a number on a number
    [junit] Apr 03, 2013 1:13:10 AM practiceUno.Deck CheckNumber
    [junit] INFO: 9 GREEN
    [junit] Apr 03, 2013 1:13:10 AM practiceUno.Deck CheckNumber
    [junit] INFO: Tried to place a number on a number
    [junit] Apr 03, 2013 1:13:10 AM practiceUno.Deck CheckNumber
    [junit] INFO: 9 GREEN
    [junit] Apr 03, 2013 1:13:10 AM practiceUno.Deck CheckNumber
    [junit] INFO: Tried to place a number on a number
    [junit] Apr 03, 2013 1:13:10 AM practiceUno.Deck CheckNumber
    [junit] INFO: 9 GREEN
    [junit] Apr 03, 2013 1:13:10 AM practiceUno.Deck CheckNumber
    [junit] INFO: Tried to place a number on a number
    [junit] Apr 03, 2013 1:13:10 AM practiceUno.Deck CheckNumber
    [junit] INFO: 9 GREEN
    [junit] Apr 03, 2013 1:13:10 AM practiceUno.Deck CheckNumber
    [junit] INFO: Tried to place a number card on special
    [junit] Apr 03, 2013 1:13:10 AM practiceUno.Deck CheckNumber
    [junit] INFO: DRTWO YELLOW
    [junit] Apr 03, 2013 1:13:10 AM practiceUno.Deck CheckNumber
    [junit] INFO: Tried to place a number card on special
    [junit] Apr 03, 2013 1:13:10 AM practiceUno.Deck CheckNumber
    [junit] INFO: DRTWO YELLOW
    [junit] Apr 03, 2013 1:13:10 AM practiceUno.Deck CheckNumber
    [junit] INFO: Tried to place a number card on special
    [junit] Apr 03, 2013 1:13:10 AM practiceUno.Deck CheckNumber
    [junit] INFO: DRTWO YELLOW
    [junit] Apr 03, 2013 1:13:10 AM practiceUno.WildCard Wild
    [junit] INFO: Call for wild called
    [junit] Apr 03, 2013 1:13:10 AM practiceUno.Deck CheckNumber
    [junit] INFO: Tried to place a number card on wild.
    [junit] Apr 03, 2013 1:13:10 AM practiceUno.Deck CheckNumber
    [junit] INFO: WILD RED
    [junit] Apr 03, 2013 1:13:10 AM practiceUno.WildCard Wild
    [junit] INFO: Call for wild called
    [junit] Apr 03, 2013 1:13:10 AM practiceUno.WildCard Wild
    [junit] INFO: Call for wild called
    [junit] Apr 03, 2013 1:13:10 AM practiceUno.WildCard Wild
    [junit] INFO: Call for wild called
    [junit] Apr 03, 2013 1:13:10 AM practiceUno.WildCard Wild
    [junit] INFO: Call for wild called
    [junit] Apr 03, 2013 1:13:10 AM practiceUno.WildCard Wild
    [junit] INFO: Call for wild called
    [junit] Apr 03, 2013 1:13:10 AM practiceUno.Deck SetUpDiscard
    [junit] INFO: Setting up discard.
    [junit] Apr 03, 2013 1:13:10 AM practiceUno.WildCard Wild
    [junit] INFO: Call for wild called
    [junit] Apr 03, 2013 1:13:10 AM practiceUno.Deck SetUpDiscard
    [junit] INFO: Deck shows: WILDDRFOUR RED
    [junit] Apr 03, 2013 1:13:10 AM practiceUno.Deck SetUpDiscard
    [junit] INFO: Setting up discard.
    [junit] Apr 03, 2013 1:13:10 AM practiceUno.WildCard Wild
    [junit] INFO: Call for wild called
    [junit] Apr 03, 2013 1:13:10 AM practiceUno.Deck SetUpDiscard
    [junit] INFO: Deck shows: WILDDRFOUR RED
    [junit] Apr 03, 2013 1:13:10 AM practiceUno.Deck SetUpDiscard
    [junit] INFO: Setting up discard.
    [junit] Apr 03, 2013 1:13:10 AM practiceUno.WildCard Wild
    [junit] INFO: Call for wild called
    [junit] Apr 03, 2013 1:13:10 AM practiceUno.Deck SetUpDiscard
    [junit] INFO: Deck shows: WILDDRFOUR RED
    [junit] ------------- ---------------- ---------------
    [junit] Testsuite: practiceUno.HumanTest
    [junit] Tests run: 1, Failures: 0, Errors: 0, Time elapsed: 0.079 sec
    [junit] 
    [junit] Testsuite: practiceUno.NumberCardTest
    [junit] GetNumber
    [junit] GetColor
    [junit] Print
    [junit] 8 GREEN
    [junit] Constructor
    [junit] 10 YELLOW
    [junit] 
    [junit] Tests run: 4, Failures: 0, Errors: 0, Time elapsed: 0.086 sec
    [junit] 
    [junit] ------------- Standard Output ---------------
    [junit] GetNumber
    [junit] GetColor
    [junit] Print
    [junit] 8 GREEN
    [junit] Constructor
    [junit] 10 YELLOW
    [junit] 
    [junit] ------------- ---------------- ---------------
    [junit] Testsuite: practiceUno.PlayerTest
    [junit] Discard -- invalid
    [junit] TotalCards
    [junit] SetPlayerPos
    [junit] GetPlayerPos
    [junit] NextAction
    [junit] SetName
    [junit] GetName
    [junit] ShowHand
    [junit] Discard
    [junit] GetCard
    [junit] Tests run: 10, Failures: 0, Errors: 0, Time elapsed: 0.102 sec
    [junit] 
    [junit] ------------- Standard Output ---------------
    [junit] Discard -- invalid
    [junit] TotalCards
    [junit] SetPlayerPos
    [junit] GetPlayerPos
    [junit] NextAction
    [junit] SetName
    [junit] GetName
    [junit] ShowHand
    [junit] Discard
    [junit] GetCard
    [junit] ------------- ---------------- ---------------
    [junit] Testsuite: practiceUno.RobotTest
    [junit] Apr 03, 2013 1:13:13 AM practiceUno.Robot PlayAHand
    [junit] INFO: Trying to decide
    [junit] Apr 03, 2013 1:13:13 AM practiceUno.Robot Decide
    [junit] INFO: Entering robot decide function
    [junit] Apr 03, 2013 1:13:13 AM practiceUno.Robot Decide
    [junit] INFO: I have 2 cards. 
    [junit] Apr 03, 2013 1:13:13 AM practiceUno.Robot Decide
    [junit] INFO: Card 0: 5 BLUE
    [junit] Apr 03, 2013 1:13:13 AM practiceUno.Robot Decide
    [junit] INFO: Card 1: DRTWO RED
    [junit] Apr 03, 2013 1:13:13 AM practiceUno.Robot Decide
    [junit] INFO: The top card was a special card. REVERSE GREEN
    [junit] Apr 03, 2013 1:13:13 AM practiceUno.Robot Decide
    [junit] INFO: In special for loop. Card 5 BLUE
    [junit] Apr 03, 2013 1:13:13 AM practiceUno.Robot Decide
    [junit] INFO: No special match
    [junit] Apr 03, 2013 1:13:13 AM practiceUno.Robot Decide
    [junit] INFO: In special for loop. Card DRTWO RED
    [junit] Apr 03, 2013 1:13:13 AM practiceUno.Robot PlayAWild
    [junit] Adding: REVERSE GREEN
    [junit] Showing hand...
    [junit] Adding: REVERSE BLUE
    [junit] INFO: Seeing if I have any wild cards in my hand
    [junit] Apr 03, 2013 1:13:13 AM practiceUno.Robot Decide
    [junit] INFO: Done deciding
    [junit] Apr 03, 2013 1:13:13 AM practiceUno.Robot PlayAHand
    [junit] INFO: decided 2
    [junit] Apr 03, 2013 1:13:13 AM practiceUno.Robot PlayAHand
    [junit] INFO: Need to draw a card
    [junit] Apr 03, 2013 1:13:13 AM practiceUno.Robot Decide
    [junit] INFO: Entering robot decide function
    [junit] Apr 03, 2013 1:13:13 AM practiceUno.Robot Decide
    [junit] INFO: I have 3 cards. 
    [junit] Apr 03, 2013 1:13:13 AM practiceUno.Robot Decide
    [junit] INFO: Card 0: 5 BLUE
    [junit] Apr 03, 2013 1:13:13 AM practiceUno.Robot Decide
    [junit] INFO: Card 1: DRTWO RED
    [junit] Apr 03, 2013 1:13:13 AM practiceUno.Robot Decide
    [junit] INFO: Card 2: WILDDRFOUR
    [junit] Apr 03, 2013 1:13:13 AM practiceUno.Robot Decide
    [junit] INFO: The top card was a special card. REVERSE GREEN
    [junit] Apr 03, 2013 1:13:13 AM practiceUno.Robot Decide
    [junit] INFO: In special for loop. Card 5 BLUE
    [junit] Apr 03, 2013 1:13:13 AM practiceUno.Robot Decide
    [junit] INFO: No special match
    [junit] Apr 03, 2013 1:13:13 AM practiceUno.Robot Decide
    [junit] INFO: In special for loop. Card DRTWO RED
    [junit] Apr 03, 2013 1:13:13 AM practiceUno.Robot Decide
    [junit] INFO: In special for loop. Card WILDDRFOUR
    [junit] Apr 03, 2013 1:13:13 AM practiceUno.Robot Decide
    [junit] INFO: No special match
    [junit] Apr 03, 2013 1:13:13 AM practiceUno.Robot PlayAWild
    [junit] INFO: Seeing if I have any wild cards in my hand
    [junit] Apr 03, 2013 1:13:13 AM practiceUno.Robot Decide
    [junit] INFO: Done deciding
    [junit] Apr 03, 2013 1:13:13 AM practiceUno.Robot PlayAHand
    [junit] INFO: Trying to play a card WILDDRFOUR REVERSE GREEN
    [junit] Apr 03, 2013 1:13:13 AM practiceUno.Robot PlayAHand
    [junit] INFO: Time for a wild card. Choosing yellow
    [junit] Apr 03, 2013 1:13:13 AM practiceUno.Robot PlayAHand
    [junit] INFO: Choose yellow
    [junit] Apr 03, 2013 1:13:13 AM practiceUno.WildCard Wild
    [junit] INFO: Call for wild called
    [junit] Apr 03, 2013 1:13:13 AM practiceUno.Robot PlayAHand
    [junit] INFO: Add to deck
    [junit] Apr 03, 2013 1:13:13 AM practiceUno.Robot FindCard
    [junit] INFO: looking at you card : WILDDRFOUR YELLOW
    [junit] Apr 03, 2013 1:13:13 AM practiceUno.Robot FindCard
    [junit] INFO: Is at 2
    [junit] Apr 03, 2013 1:13:13 AM practiceUno.Robot PlayAHand
    [junit] INFO: removed
    [junit] Apr 03, 2013 1:13:13 AM practiceUno.Robot PlayAHand
    [junit] INFO: End turn
    [junit] Apr 03, 2013 1:13:13 AM practiceUno.Deck SetUpDiscard
    [junit] INFO: Setting up discard.
    [junit] Apr 03, 2013 1:13:13 AM practiceUno.WildCard Wild
    [junit] INFO: Call for wild called
    [junit] Apr 03, 2013 1:13:13 AM practiceUno.Deck SetUpDiscard
    [junit] INFO: Deck shows: WILDDRFOUR RED
    [junit] Apr 03, 2013 1:13:13 AM practiceUno.Robot PlayAHand
    [junit] INFO: Trying to decide
    [junit] Apr 03, 2013 1:13:13 AM practiceUno.Robot Decide
    [junit] INFO: Entering robot decide function
    [junit] Apr 03, 2013 1:13:13 AM practiceUno.Robot Decide
    [junit] INFO: I have 7 cards. 
    [junit] Apr 03, 2013 1:13:13 AM practiceUno.Robot Decide
    [junit] INFO: Card 0: WILDDRFOUR RED
    [junit] Apr 03, 2013 1:13:13 AM practiceUno.Robot Decide
    [junit] INFO: Card 1: WILDDRFOUR RED
    [junit] Apr 03, 2013 1:13:13 AM practiceUno.Robot Decide
    [junit] INFO: Card 2: WILDDRFOUR RED
    [junit] Apr 03, 2013 1:13:13 AM practiceUno.Robot Decide
    [junit] INFO: Card 3: WILD
    [junit] Apr 03, 2013 1:13:13 AM practiceUno.Robot Decide
    [junit] INFO: Card 4: WILD
    [junit] Apr 03, 2013 1:13:13 AM practiceUno.Robot Decide
    [junit] INFO: Card 5: WILD
    [junit] Apr 03, 2013 1:13:13 AM practiceUno.Robot Decide
    [junit] INFO: Card 6: WILD
    [junit] Apr 03, 2013 1:13:13 AM practiceUno.Robot Decide
    [junit] INFO: The top card was a wild card WILDDRFOUR RED
    [junit] Apr 03, 2013 1:13:13 AM practiceUno.Robot Decide
    [junit] INFO: Inside the wild loop WILDDRFOUR RED
    [junit] Apr 03, 2013 1:13:13 AM practiceUno.Robot Decide
    [junit] INFO: Inside the wild loop WILDDRFOUR RED
    [junit] Apr 03, 2013 1:13:13 AM practiceUno.Robot Decide
    [junit] INFO: Inside the wild loop WILDDRFOUR RED
    [junit] Apr 03, 2013 1:13:13 AM practiceUno.Robot Decide
    [junit] INFO: Inside the wild loop WILD
    [junit] Apr 03, 2013 1:13:13 AM practiceUno.Robot Decide
    [junit] INFO: Inside the wild loop WILD
    [junit] Apr 03, 2013 1:13:13 AM practiceUno.Robot Decide
    [junit] INFO: Inside the wild loop WILD
    [junit] Apr 03, 2013 1:13:13 AM practiceUno.Robot Decide
    [junit] INFO: Inside the wild loop WILD
    [junit] Apr 03, 2013 1:13:13 AM practiceUno.Robot PlayAWild
    [junit] INFO: Seeing if I have any wild cards in my hand
    [junit] Apr 03, 2013 1:13:13 AM practiceUno.Robot Decide
    [junit] INFO: Done deciding
    [junit] Apr 03, 2013 1:13:13 AM practiceUno.Robot PlayAHand
    [junit] INFO: Decided 1 WILD
    [junit] Apr 03, 2013 1:13:13 AM practiceUno.Robot PlayAHand
    [junit] INFO: Trying to play a card WILD WILDDRFOUR RED
    [junit] Apr 03, 2013 1:13:13 AM practiceUno.Robot PlayAHand
    [junit] INFO: Time for a wild card. Choosing yellow
    [junit] Apr 03, 2013 1:13:13 AM practiceUno.Robot PlayAHand
    [junit] INFO: Choose yellow
    [junit] Apr 03, 2013 1:13:13 AM practiceUno.WildCard Wild
    [junit] INFO: Call for wild called
    [junit] Apr 03, 2013 1:13:13 AM practiceUno.Robot PlayAHand
    [junit] INFO: Add to deck
    [junit] Apr 03, 2013 1:13:13 AM practiceUno.Robot FindCard
    [junit] INFO: looking at you card : WILD YELLOW
    [junit] Apr 03, 2013 1:13:13 AM practiceUno.Robot FindCard
    [junit] INFO: Is at 3
    [junit] Apr 03, 2013 1:13:13 AM practiceUno.Robot PlayAHand
    [junit] INFO: removed
    [junit] Apr 03, 2013 1:13:13 AM practiceUno.Robot PlayAHand
    [junit] INFO: End turn
    [junit] Apr 03, 2013 1:13:13 AM practiceUno.Robot PlayAHand
    [junit] INFO: Trying to decide
    [junit] Apr 03, 2013 1:13:13 AM practiceUno.Robot Decide
    [junit] INFO: Entering robot decide function
    [junit] Apr 03, 2013 1:13:13 AM practiceUno.Robot Decide
    [junit] INFO: I have 7 cards. 
    [junit] Top card is 5 BLUE
    [junit] Top card is 5 GREEN
    [junit] Top card is 5 YELLOW
    [junit] Top card is 5 RED
    [junit] Top card is SKIP RED
    [junit] Apr 03, 2013 1:13:13 AM practiceUno.Robot Decide
    [junit] INFO: Card 0: 5 BLUE
    [junit] Apr 03, 2013 1:13:13 AM practiceUno.Robot Decide
    [junit] INFO: Card 1: 5 GREEN
    [junit] Apr 03, 2013 1:13:13 AM practiceUno.Robot Decide
    [junit] INFO: Card 2: 5 YELLOW
    [junit] Apr 03, 2013 1:13:13 AM practiceUno.Robot Decide
    [junit] INFO: Card 3: 5 RED
    [junit] Apr 03, 2013 1:13:13 AM practiceUno.Robot Decide
    [junit] INFO: Card 4: DRTWO BLUE
    [junit] Apr 03, 2013 1:13:13 AM practiceUno.Robot Decide
    [junit] INFO: Card 5: SKIP RED
    [junit] Apr 03, 2013 1:13:13 AM practiceUno.Robot Decide
    [junit] INFO: Card 6: REVERSE GREEN
    [junit] Apr 03, 2013 1:13:13 AM practiceUno.Robot Decide
    [junit] INFO: The top card was a special card. REVERSE BLUE
    [junit] Apr 03, 2013 1:13:13 AM practiceUno.Robot Decide
    [junit] INFO: In special for loop. Card 5 BLUE
    [junit] Apr 03, 2013 1:13:13 AM practiceUno.Robot Decide
    [junit] INFO: Done deciding
    [junit] Apr 03, 2013 1:13:13 AM practiceUno.Robot PlayAHand
    [junit] INFO: Decided 1 5 BLUE
    [junit] Apr 03, 2013 1:13:13 AM practiceUno.Robot PlayAHand
    [junit] INFO: Trying to play a card 5 BLUE REVERSE BLUE
    [junit] Apr 03, 2013 1:13:13 AM practiceUno.Robot FindCard
    [junit] INFO: looking at you card : 5 BLUE
    [junit] Apr 03, 2013 1:13:13 AM practiceUno.Robot FindCard
    [junit] INFO: Is at 0
    [junit] Apr 03, 2013 1:13:14 AM practiceUno.Robot PlayAHand
    [junit] INFO: End turn
    [junit] Apr 03, 2013 1:13:14 AM practiceUno.Robot PlayAHand
    [junit] INFO: Trying to decide
    [junit] Apr 03, 2013 1:13:14 AM practiceUno.Robot Decide
    [junit] INFO: Entering robot decide function
    [junit] Apr 03, 2013 1:13:14 AM practiceUno.Robot Decide
    [junit] INFO: I have 6 cards. 
    [junit] Apr 03, 2013 1:13:14 AM practiceUno.Robot Decide
    [junit] INFO: Card 0: 5 GREEN
    [junit] Apr 03, 2013 1:13:14 AM practiceUno.Robot Decide
    [junit] INFO: Card 1: 5 YELLOW
    [junit] Apr 03, 2013 1:13:14 AM practiceUno.Robot Decide
    [junit] INFO: Card 2: 5 RED
    [junit] Apr 03, 2013 1:13:14 AM practiceUno.Robot Decide
    [junit] INFO: Card 3: DRTWO BLUE
    [junit] Apr 03, 2013 1:13:14 AM practiceUno.Robot Decide
    [junit] INFO: Card 4: SKIP RED
    [junit] Apr 03, 2013 1:13:14 AM practiceUno.Robot Decide
    [junit] INFO: Card 5: REVERSE GREEN
    [junit] Apr 03, 2013 1:13:14 AM practiceUno.Robot Decide
    [junit] INFO: The top card was a number 5 BLUE
    [junit] Apr 03, 2013 1:13:14 AM practiceUno.Robot Decide
    [junit] INFO: Done deciding
    [junit] Apr 03, 2013 1:13:14 AM practiceUno.Robot PlayAHand
    [junit] INFO: Decided 1 5 GREEN
    [junit] Apr 03, 2013 1:13:14 AM practiceUno.Robot PlayAHand
    [junit] INFO: Trying to play a card 5 GREEN 5 BLUE
    [junit] Apr 03, 2013 1:13:14 AM practiceUno.Robot FindCard
    [junit] INFO: looking at you card : 5 GREEN
    [junit] Apr 03, 2013 1:13:14 AM practiceUno.Robot FindCard
    [junit] INFO: Is at 0
    [junit] Apr 03, 2013 1:13:14 AM practiceUno.Robot PlayAHand
    [junit] INFO: End turn
    [junit] Apr 03, 2013 1:13:14 AM practiceUno.Robot PlayAHand
    [junit] INFO: Trying to decide
    [junit] Apr 03, 2013 1:13:14 AM practiceUno.Robot Decide
    [junit] INFO: Entering robot decide function
    [junit] Apr 03, 2013 1:13:14 AM practiceUno.Robot Decide
    [junit] INFO: I have 5 cards. 
    [junit] Apr 03, 2013 1:13:14 AM practiceUno.Robot Decide
    [junit] INFO: Card 0: 5 YELLOW
    [junit] Apr 03, 2013 1:13:14 AM practiceUno.Robot Decide
    [junit] INFO: Card 1: 5 RED
    [junit] Apr 03, 2013 1:13:14 AM practiceUno.Robot Decide
    [junit] INFO: Card 2: DRTWO BLUE
    [junit] Apr 03, 2013 1:13:14 AM practiceUno.Robot Decide
    [junit] INFO: Card 3: SKIP RED
    [junit] Apr 03, 2013 1:13:14 AM practiceUno.Robot Decide
    [junit] INFO: Card 4: REVERSE GREEN
    [junit] Apr 03, 2013 1:13:14 AM practiceUno.Robot Decide
    [junit] INFO: The top card was a number 5 GREEN
    [junit] Apr 03, 2013 1:13:14 AM practiceUno.Robot Decide
    [junit] INFO: Done deciding
    [junit] Apr 03, 2013 1:13:14 AM practiceUno.Robot PlayAHand
    [junit] INFO: Decided 1 5 YELLOW
    [junit] Apr 03, 2013 1:13:14 AM practiceUno.Robot PlayAHand
    [junit] INFO: Trying to play a card 5 YELLOW 5 GREEN
    [junit] Apr 03, 2013 1:13:14 AM practiceUno.Robot FindCard
    [junit] INFO: looking at you card : 5 YELLOW
    [junit] Apr 03, 2013 1:13:14 AM practiceUno.Robot FindCard
    [junit] INFO: Is at 0
    [junit] Apr 03, 2013 1:13:14 AM practiceUno.Robot PlayAHand
    [junit] INFO: End turn
    [junit] Apr 03, 2013 1:13:14 AM practiceUno.Robot PlayAHand
    [junit] INFO: Trying to decide
    [junit] Apr 03, 2013 1:13:14 AM practiceUno.Robot Decide
    [junit] INFO: Entering robot decide function
    [junit] Apr 03, 2013 1:13:14 AM practiceUno.Robot Decide
    [junit] INFO: I have 4 cards. 
    [junit] Apr 03, 2013 1:13:14 AM practiceUno.Robot Decide
    [junit] INFO: Card 0: 5 RED
    [junit] Apr 03, 2013 1:13:14 AM practiceUno.Robot Decide
    [junit] INFO: Card 1: DRTWO BLUE
    [junit] Apr 03, 2013 1:13:14 AM practiceUno.Robot Decide
    [junit] INFO: Card 2: SKIP RED
    [junit] Apr 03, 2013 1:13:14 AM practiceUno.Robot Decide
    [junit] INFO: Card 3: REVERSE GREEN
    [junit] Apr 03, 2013 1:13:14 AM practiceUno.Robot Decide
    [junit] INFO: The top card was a number 5 YELLOW
    [junit] Apr 03, 2013 1:13:14 AM practiceUno.Robot Decide
    [junit] INFO: Done deciding
    [junit] Apr 03, 2013 1:13:14 AM practiceUno.Robot PlayAHand
    [junit] INFO: Decided 1 5 RED
    [junit] Apr 03, 2013 1:13:14 AM practiceUno.Robot PlayAHand
    [junit] INFO: Trying to play a card 5 RED 5 YELLOW
    [junit] Apr 03, 2013 1:13:14 AM practiceUno.Robot FindCard
    [junit] INFO: looking at you card : 5 RED
    [junit] Apr 03, 2013 1:13:14 AM practiceUno.Robot FindCard
    [junit] INFO: Is at 0
    [junit] Apr 03, 2013 1:13:14 AM practiceUno.Robot PlayAHand
    [junit] INFO: End turn
    [junit] Apr 03, 2013 1:13:14 AM practiceUno.Robot PlayAHand
    [junit] INFO: Trying to decide
    [junit] Apr 03, 2013 1:13:14 AM practiceUno.Robot Decide
    [junit] INFO: Entering robot decide function
    [junit] Apr 03, 2013 1:13:14 AM practiceUno.Robot Decide
    [junit] INFO: I have 3 cards. 
    [junit] Apr 03, 2013 1:13:14 AM practiceUno.Robot Decide
    [junit] INFO: Card 0: DRTWO BLUE
    [junit] Apr 03, 2013 1:13:14 AM practiceUno.Robot Decide
    [junit] INFO: Card 1: SKIP RED
    [junit] Apr 03, 2013 1:13:14 AM practiceUno.Robot Decide
    [junit] INFO: Card 2: REVERSE GREEN
    [junit] Apr 03, 2013 1:13:14 AM practiceUno.Robot Decide
    [junit] INFO: The top card was a number 5 RED
    [junit] Apr 03, 2013 1:13:14 AM practiceUno.Robot Decide
    [junit] INFO: Done deciding
    [junit] Apr 03, 2013 1:13:14 AM practiceUno.Robot PlayAHand
    [junit] INFO: Decided 1 SKIP RED
    [junit] Apr 03, 2013 1:13:14 AM practiceUno.Robot PlayAHand
    [junit] INFO: Trying to play a card SKIP RED 5 RED
    [junit] Apr 03, 2013 1:13:14 AM practiceUno.Robot FindCard
    [junit] INFO: looking at you card : SKIP RED
    [junit] Apr 03, 2013 1:13:14 AM practiceUno.Robot FindCard
    [junit] INFO: Is at 1
    [junit] Apr 03, 2013 1:13:14 AM practiceUno.Robot PlayAHand
    [junit] INFO: End turn
    [junit] Apr 03, 2013 1:13:14 AM practiceUno.Robot PlayAHand
    [junit] INFO: Trying to decide
    [junit] Apr 03, 2013 1:13:14 AM practiceUno.Robot Decide
    [junit] INFO: Entering robot decide function
    [junit] Apr 03, 2013 1:13:14 AM practiceUno.Robot Decide
    [junit] INFO: I have 2 cards. 
    [junit] Apr 03, 2013 1:13:14 AM practiceUno.Robot Decide
    [junit] INFO: Card 0: DRTWO BLUE
    [junit] Apr 03, 2013 1:13:14 AM practiceUno.Robot Decide
    [junit] INFO: Card 1: REVERSE GREEN
    [junit] Apr 03, 2013 1:13:14 AM practiceUno.Robot Decide
    [junit] INFO: The top card was a special card. SKIP RED
    [junit] Apr 03, 2013 1:13:14 AM practiceUno.Robot Decide
    [junit] INFO: In special for loop. Card DRTWO BLUE
    [junit] Apr 03, 2013 1:13:14 AM practiceUno.Robot Decide
    [junit] INFO: In special for loop. Card REVERSE GREEN
    [junit] Apr 03, 2013 1:13:14 AM practiceUno.Robot PlayAWild
    [junit] INFO: Seeing if I have any wild cards in my hand
    [junit] Apr 03, 2013 1:13:14 AM practiceUno.Robot Decide
    [junit] INFO: Done deciding
    [junit] Apr 03, 2013 1:13:14 AM practiceUno.Robot PlayAHand
    [junit] INFO: decided 2
    [junit] Apr 03, 2013 1:13:14 AM practiceUno.Robot PlayAHand
    [junit] INFO: Need to draw a card
    [junit] Apr 03, 2013 1:13:14 AM practiceUno.Robot Decide
    [junit] INFO: Entering robot decide function
    [junit] Apr 03, 2013 1:13:14 AM practiceUno.Robot Decide
    [junit] INFO: I have 3 cards. 
    [junit] Apr 03, 2013 1:13:14 AM practiceUno.Robot Decide
    [junit] INFO: Card 0: DRTWO BLUE
    [junit] Apr 03, 2013 1:13:14 AM practiceUno.Robot Decide
    [junit] INFO: Card 1: REVERSE GREEN
    [junit] Apr 03, 2013 1:13:14 AM practiceUno.Robot Decide
    [junit] INFO: Card 2: WILDDRFOUR
    [junit] Apr 03, 2013 1:13:14 AM practiceUno.Robot Decide
    [junit] INFO: The top card was a special card. SKIP RED
    [junit] Apr 03, 2013 1:13:14 AM practiceUno.Robot Decide
    [junit] INFO: In special for loop. Card DRTWO BLUE
    [junit] Apr 03, 2013 1:13:14 AM practiceUno.Robot Decide
    [junit] INFO: In special for loop. Card REVERSE GREEN
    [junit] Apr 03, 2013 1:13:14 AM practiceUno.Robot Decide
    [junit] INFO: In special for loop. Card WILDDRFOUR
    [junit] Apr 03, 2013 1:13:14 AM practiceUno.Robot Decide
    [junit] INFO: No special match
    [junit] Apr 03, 2013 1:13:14 AM practiceUno.Robot PlayAWild
    [junit] INFO: Seeing if I have any wild cards in my hand
    [junit] Apr 03, 2013 1:13:14 AM practiceUno.Robot Decide
    [junit] INFO: Done deciding
    [junit] Apr 03, 2013 1:13:14 AM practiceUno.Robot PlayAHand
    [junit] INFO: Trying to play a card WILDDRFOUR SKIP RED
    [junit] Apr 03, 2013 1:13:14 AM practiceUno.Robot PlayAHand
    [junit] INFO: Time for a wild card. Choosing yellow
    [junit] Apr 03, 2013 1:13:14 AM practiceUno.Robot PlayAHand
    [junit] INFO: Choose yellow
    [junit] Apr 03, 2013 1:13:14 AM practiceUno.WildCard Wild
    [junit] INFO: Call for wild called
    [junit] Apr 03, 2013 1:13:14 AM practiceUno.Robot PlayAHand
    [junit] INFO: Add to deck
    [junit] Apr 03, 2013 1:13:14 AM practiceUno.Robot FindCard
    [junit] INFO: looking at you card : WILDDRFOUR YELLOW
    [junit] Apr 03, 2013 1:13:14 AM practiceUno.Robot FindCard
    [junit] INFO: Is at 2
    [junit] Apr 03, 2013 1:13:14 AM practiceUno.Robot PlayAHand
    [junit] INFO: removed
    [junit] Apr 03, 2013 1:13:14 AM practiceUno.Robot PlayAHand
    [junit] INFO: End turn
    [junit] Apr 03, 2013 1:13:14 AM practiceUno.Robot PlayAHand
    [junit] INFO: Trying to decide
    [junit] Apr 03, 2013 1:13:14 AM practiceUno.Robot Decide
    [junit] INFO: Entering robot decide function
    [junit] Apr 03, 2013 1:13:14 AM practiceUno.Robot Decide
    [junit] INFO: I have 6 cards. 
    [junit] Apr 03, 2013 1:13:14 AM practiceUno.Robot Decide
    [junit] INFO: Card 0: DRTWO BLUE
    [junit] Apr 03, 2013 1:13:14 AM practiceUno.Robot Decide
    [junit] INFO: Card 1: REVERSE GREEN
    [junit] Apr 03, 2013 1:13:14 AM practiceUno.Robot Decide
    [junit] INFO: Card 2: WILDDRFOUR YELLOW
    [junit] Apr 03, 2013 1:13:14 AM practiceUno.Robot Decide
    [junit] INFO: Card 3: WILDDRFOUR YELLOW
    [junit] Apr 03, 2013 1:13:14 AM practiceUno.Robot Decide
    [junit] INFO: Card 4: WILDDRFOUR YELLOW
    [junit] Apr 03, 2013 1:13:14 AM practiceUno.Robot Decide
    [junit] INFO: Card 5: WILD
    [junit] Apr 03, 2013 1:13:14 AM practiceUno.Robot Decide
    [junit] INFO: The top card was a wild card WILDDRFOUR YELLOW
    [junit] Apr 03, 2013 1:13:14 AM practiceUno.Robot Decide
    [junit] INFO: Inside the wild loop DRTWO BLUE
    [junit] Apr 03, 2013 1:13:14 AM practiceUno.Robot Decide
    [junit] INFO: Inside the wild loop REVERSE GREEN
    [junit] Apr 03, 2013 1:13:14 AM practiceUno.Robot Decide
    [junit] INFO: Inside the wild loop WILDDRFOUR YELLOW
    [junit] Apr 03, 2013 1:13:14 AM practiceUno.Robot Decide
    [junit] INFO: Inside the wild loop WILDDRFOUR YELLOW
    [junit] Apr 03, 2013 1:13:14 AM practiceUno.Robot Decide
    [junit] INFO: Inside the wild loop WILDDRFOUR YELLOW
    [junit] Apr 03, 2013 1:13:14 AM practiceUno.Robot Decide
    [junit] INFO: Inside the wild loop WILD
    [junit] Apr 03, 2013 1:13:14 AM practiceUno.Robot PlayAWild
    [junit] INFO: Seeing if I have any wild cards in my hand
    [junit] Apr 03, 2013 1:13:14 AM practiceUno.Robot Decide
    [junit] INFO: Done deciding
    [junit] Apr 03, 2013 1:13:14 AM practiceUno.Robot PlayAHand
    [junit] INFO: Decided 1 WILD
    [junit] Apr 03, 2013 1:13:14 AM practiceUno.Robot PlayAHand
    [junit] INFO: Trying to play a card WILD WILDDRFOUR YELLOW
    [junit] Apr 03, 2013 1:13:14 AM practiceUno.Robot PlayAHand
    [junit] INFO: Time for a wild card. Choosing yellow
    [junit] Apr 03, 2013 1:13:14 AM practiceUno.Robot PlayAHand
    [junit] INFO: Choose yellow
    [junit] Apr 03, 2013 1:13:14 AM practiceUno.WildCard Wild
    [junit] INFO: Call for wild called
    [junit] Apr 03, 2013 1:13:14 AM practiceUno.Robot PlayAHand
    [junit] INFO: Add to deck
    [junit] Apr 03, 2013 1:13:14 AM practiceUno.Robot FindCard
    [junit] INFO: looking at you card : WILD YELLOW
    [junit] Apr 03, 2013 1:13:14 AM practiceUno.Robot FindCard
    [junit] INFO: Is at 5
    [junit] Apr 03, 2013 1:13:14 AM practiceUno.Robot PlayAHand
    [junit] INFO: removed
    [junit] Apr 03, 2013 1:13:14 AM practiceUno.Robot PlayAHand
    [junit] INFO: End turn
    [junit] Apr 03, 2013 1:13:14 AM practiceUno.Robot PlayAHand
    [junit] INFO: Trying to decide
    [junit] Apr 03, 2013 1:13:14 AM practiceUno.Robot Decide
    [junit] INFO: Entering robot decide function
    [junit] Apr 03, 2013 1:13:14 AM practiceUno.Robot Decide
    [junit] INFO: I have 5 cards. 
    [junit] Apr 03, 2013 1:13:14 AM practiceUno.Robot Decide
    [junit] INFO: Card 0: DRTWO BLUE
    [junit] Apr 03, 2013 1:13:14 AM practiceUno.Robot Decide
    [junit] INFO: Card 1: REVERSE GREEN
    [junit] Apr 03, 2013 1:13:14 AM practiceUno.Robot Decide
    [junit] INFO: Card 2: WILDDRFOUR YELLOW
    [junit] Apr 03, 2013 1:13:14 AM practiceUno.Robot Decide
    [junit] INFO: Card 3: WILDDRFOUR YELLOW
    [junit] Apr 03, 2013 1:13:14 AM practiceUno.Robot Decide
    [junit] INFO: Card 4: WILDDRFOUR YELLOW
    [junit] Apr 03, 2013 1:13:14 AM practiceUno.Robot Decide
    [junit] INFO: The top card was a wild card WILD YELLOW
    [junit] Apr 03, 2013 1:13:14 AM practiceUno.Robot Decide
    [junit] INFO: Inside the wild loop DRTWO BLUE
    [junit] Apr 03, 2013 1:13:14 AM practiceUno.Robot Decide
    [junit] INFO: Inside the wild loop REVERSE GREEN
    [junit] Apr 03, 2013 1:13:14 AM practiceUno.Robot Decide
    [junit] INFO: Inside the wild loop WILDDRFOUR YELLOW
    [junit] Apr 03, 2013 1:13:14 AM practiceUno.Robot Decide
    [junit] INFO: Inside the wild loop WILDDRFOUR YELLOW
    [junit] Apr 03, 2013 1:13:14 AM practiceUno.Robot Decide
    [junit] INFO: Inside the wild loop WILDDRFOUR YELLOW
    [junit] Apr 03, 2013 1:13:14 AM practiceUno.Robot PlayAWild
    [junit] INFO: Seeing if I have any wild cards in my hand
    [junit] Apr 03, 2013 1:13:14 AM practiceUno.Robot Decide
    [junit] INFO: Done deciding
    [junit] Apr 03, 2013 1:13:14 AM practiceUno.Robot PlayAHand
    [junit] INFO: Decided 1 WILDDRFOUR YELLOW
    [junit] Apr 03, 2013 1:13:14 AM practiceUno.Robot PlayAHand
    [junit] INFO: Trying to play a card WILDDRFOUR YELLOW WILD YELLOW
    [junit] Apr 03, 2013 1:13:14 AM practiceUno.Robot PlayAHand
    [junit] INFO: Time for a wild card. Choosing yellow
    [junit] Apr 03, 2013 1:13:14 AM practiceUno.Robot PlayAHand
    [junit] INFO: Choose yellow
    [junit] Apr 03, 2013 1:13:14 AM practiceUno.WildCard Wild
    [junit] INFO: Call for wild called
    [junit] Apr 03, 2013 1:13:14 AM practiceUno.Robot PlayAHand
    [junit] INFO: Add to deck
    [junit] Apr 03, 2013 1:13:14 AM practiceUno.Robot FindCard
    [junit] INFO: looking at you card : WILDDRFOUR YELLOW
    [junit] Apr 03, 2013 1:13:14 AM practiceUno.Robot FindCard
    [junit] INFO: Is at 2
    [junit] Apr 03, 2013 1:13:14 AM practiceUno.Robot PlayAHand
    [junit] INFO: removed
    [junit] Apr 03, 2013 1:13:14 AM practiceUno.Robot PlayAHand
    [junit] INFO: End turn
    [junit] Apr 03, 2013 1:13:14 AM practiceUno.Robot PlayAHand
    [junit] INFO: Trying to decide
    [junit] Apr 03, 2013 1:13:14 AM practiceUno.Robot Decide
    [junit] INFO: Entering robot decide function
    [junit] Apr 03, 2013 1:13:14 AM practiceUno.Robot Decide
    [junit] INFO: I have 8 cards. 
    [junit] Apr 03, 2013 1:13:14 AM practiceUno.Robot Decide
    [junit] INFO: Card 0: DRTWO BLUE
    [junit] Apr 03, 2013 1:13:14 AM practiceUno.Robot Decide
    [junit] INFO: Card 1: REVERSE GREEN
    [junit] Apr 03, 2013 1:13:14 AM practiceUno.Robot Decide
    [junit] INFO: Card 2: WILDDRFOUR YELLOW
    [junit] Apr 03, 2013 1:13:14 AM practiceUno.Robot Decide
    [junit] INFO: Card 3: WILDDRFOUR YELLOW
    [junit] Apr 03, 2013 1:13:14 AM practiceUno.Robot Decide
    [junit] INFO: Card 4: WILD YELLOW
    [junit] Apr 03, 2013 1:13:14 AM practiceUno.Robot Decide
    [junit] INFO: Card 5: WILD YELLOW
    [junit] Apr 03, 2013 1:13:14 AM practiceUno.Robot Decide
    [junit] INFO: Card 6: WILD YELLOW
    [junit] Apr 03, 2013 1:13:14 AM practiceUno.Robot Decide
    [junit] INFO: Card 7: DRTWO YELLOW
    [junit] Apr 03, 2013 1:13:14 AM practiceUno.Robot Decide
    [junit] INFO: The top card was a wild card WILDDRFOUR YELLOW
    [junit] Apr 03, 2013 1:13:14 AM practiceUno.Robot Decide
    [junit] INFO: Inside the wild loop DRTWO BLUE
    [junit] Apr 03, 2013 1:13:14 AM practiceUno.Robot Decide
    [junit] INFO: Inside the wild loop REVERSE GREEN
    [junit] Apr 03, 2013 1:13:14 AM practiceUno.Robot Decide
    [junit] INFO: Inside the wild loop WILDDRFOUR YELLOW
    [junit] Apr 03, 2013 1:13:14 AM practiceUno.Robot Decide
    [junit] INFO: Inside the wild loop WILDDRFOUR YELLOW
    [junit] Apr 03, 2013 1:13:14 AM practiceUno.Robot Decide
    [junit] INFO: Inside the wild loop WILD YELLOW
    [junit] Apr 03, 2013 1:13:14 AM practiceUno.Robot Decide
    [junit] INFO: Inside the wild loop WILD YELLOW
    [junit] Apr 03, 2013 1:13:14 AM practiceUno.Robot Decide
    [junit] INFO: Inside the wild loop WILD YELLOW
    [junit] Apr 03, 2013 1:13:14 AM practiceUno.Robot Decide
    [junit] INFO: Inside the wild loop DRTWO YELLOW
    [junit] Apr 03, 2013 1:13:14 AM practiceUno.Robot Decide
    [junit] INFO: Done deciding
    [junit] Apr 03, 2013 1:13:14 AM practiceUno.Robot PlayAHand
    [junit] INFO: Decided 1 DRTWO YELLOW
    [junit] Apr 03, 2013 1:13:14 AM practiceUno.Robot PlayAHand
    [junit] INFO: Trying to play a card DRTWO YELLOW WILDDRFOUR YELLOW
    [junit] Apr 03, 2013 1:13:14 AM practiceUno.Robot FindCard
    [junit] INFO: looking at you card : DRTWO YELLOW
    [junit] Apr 03, 2013 1:13:14 AM practiceUno.Robot FindCard
    [junit] INFO: Is at 7
    [junit] Apr 03, 2013 1:13:14 AM practiceUno.Robot PlayAHand
    [junit] INFO: End turn
    [junit] Apr 03, 2013 1:13:14 AM practiceUno.Robot PlayAHand
    [junit] INFO: Trying to decide
    [junit] Apr 03, 2013 1:13:14 AM practiceUno.Robot Decide
    [junit] INFO: Entering robot decide function
    [junit] Apr 03, 2013 1:13:14 AM practiceUno.Robot Decide
    [junit] INFO: I have 7 cards. 
    [junit] Apr 03, 2013 1:13:14 AM practiceUno.Robot Decide
    [junit] INFO: Card 0: DRTWO BLUE
    [junit] Apr 03, 2013 1:13:14 AM practiceUno.Robot Decide
    [junit] INFO: Card 1: REVERSE GREEN
    [junit] Apr 03, 2013 1:13:14 AM practiceUno.Robot Decide
    [junit] INFO: Card 2: WILDDRFOUR YELLOW
    [junit] Apr 03, 2013 1:13:14 AM practiceUno.Robot Decide
    [junit] INFO: Card 3: WILDDRFOUR YELLOW
    [junit] Apr 03, 2013 1:13:14 AM practiceUno.Robot Decide
    [junit] INFO: Card 4: WILD YELLOW
    [junit] Apr 03, 2013 1:13:14 AM practiceUno.Robot Decide
    [junit] INFO: Card 5: WILD YELLOW
    [junit] Apr 03, 2013 1:13:14 AM practiceUno.Robot Decide
    [junit] INFO: Card 6: WILD YELLOW
    [junit] Apr 03, 2013 1:13:14 AM practiceUno.Robot Decide
    [junit] INFO: The top card was a special card. DRTWO YELLOW
    [junit] Apr 03, 2013 1:13:14 AM practiceUno.Robot Decide
    [junit] INFO: In special for loop. Card DRTWO BLUE
    [junit] Apr 03, 2013 1:13:14 AM practiceUno.Robot Decide
    [junit] INFO: Done deciding
    [junit] Top card is WILDDRFOUR YELLOW
    [junit] Top card is WILD YELLOW
    [junit] Top card is WILDDRFOUR YELLOW
    [junit] Top card is DRTWO YELLOW
    [junit] Apr 03, 2013 1:13:14 AM practiceUno.Robot PlayAHand
    [junit] INFO: Decided 1 DRTWO BLUE
    [junit] Apr 03, 2013 1:13:14 AM practiceUno.Robot PlayAHand
    [junit] INFO: Trying to play a card DRTWO BLUE DRTWO YELLOW
    [junit] Apr 03, 2013 1:13:14 AM practiceUno.Robot FindCard
    [junit] INFO: looking at you card : DRTWO BLUE
    [junit] Apr 03, 2013 1:13:14 AM practiceUno.Robot FindCard
    [junit] INFO: Is at 0
    [junit] Apr 03, 2013 1:13:14 AM practiceUno.Robot PlayAHand
    [junit] INFO: End turn
    [junit] Apr 03, 2013 1:13:14 AM practiceUno.Robot PlayAHand
    [junit] INFO: Trying to decide
    [junit] Apr 03, 2013 1:13:14 AM practiceUno.Robot Decide
    [junit] INFO: Entering robot decide function
    [junit] Apr 03, 2013 1:13:14 AM practiceUno.Robot Decide
    [junit] INFO: I have 6 cards. 
    [junit] Apr 03, 2013 1:13:14 AM practiceUno.Robot Decide
    [junit] INFO: Card 0: REVERSE GREEN
    [junit] Apr 03, 2013 1:13:14 AM practiceUno.Robot Decide
    [junit] INFO: Card 1: WILDDRFOUR YELLOW
    [junit] Apr 03, 2013 1:13:14 AM practiceUno.Robot Decide
    [junit] INFO: Card 2: WILDDRFOUR YELLOW
    [junit] Apr 03, 2013 1:13:14 AM practiceUno.Robot Decide
    [junit] INFO: Card 3: WILD YELLOW
    [junit] Apr 03, 2013 1:13:14 AM practiceUno.Robot Decide
    [junit] INFO: Card 4: WILD YELLOW
    [junit] Apr 03, 2013 1:13:14 AM practiceUno.Robot Decide
    [junit] INFO: Card 5: WILD YELLOW
    [junit] Apr 03, 2013 1:13:14 AM practiceUno.Robot Decide
    [junit] INFO: The top card was a special card. DRTWO BLUE
    [junit] Apr 03, 2013 1:13:14 AM practiceUno.Robot Decide
    [junit] INFO: In special for loop. Card REVERSE GREEN
    [junit] Apr 03, 2013 1:13:14 AM practiceUno.Robot Decide
    [junit] INFO: In special for loop. Card WILDDRFOUR YELLOW
    [junit] Apr 03, 2013 1:13:14 AM practiceUno.Robot Decide
    [junit] INFO: No special match
    [junit] Apr 03, 2013 1:13:14 AM practiceUno.Robot Decide
    [junit] INFO: In special for loop. Card WILDDRFOUR YELLOW
    [junit] Apr 03, 2013 1:13:14 AM practiceUno.Robot Decide
    [junit] INFO: No special match
    [junit] Apr 03, 2013 1:13:14 AM practiceUno.Robot Decide
    [junit] INFO: In special for loop. Card WILD YELLOW
    [junit] Apr 03, 2013 1:13:14 AM practiceUno.Robot Decide
    [junit] INFO: No special match
    [junit] Apr 03, 2013 1:13:14 AM practiceUno.Robot Decide
    [junit] INFO: In special for loop. Card WILD YELLOW
    [junit] Apr 03, 2013 1:13:14 AM practiceUno.Robot Decide
    [junit] INFO: No special match
    [junit] Apr 03, 2013 1:13:14 AM practiceUno.Robot Decide
    [junit] INFO: In special for loop. Card WILD YELLOW
    [junit] Apr 03, 2013 1:13:14 AM practiceUno.Robot Decide
    [junit] INFO: No special match
    [junit] Apr 03, 2013 1:13:14 AM practiceUno.Robot PlayAWild
    [junit] INFO: Seeing if I have any wild cards in my hand
    [junit] Apr 03, 2013 1:13:14 AM practiceUno.Robot Decide
    [junit] INFO: Done deciding
    [junit] Apr 03, 2013 1:13:14 AM practiceUno.Robot PlayAHand
    [junit] INFO: Decided 1 WILD YELLOW
    [junit] Apr 03, 2013 1:13:14 AM practiceUno.Robot PlayAHand
    [junit] INFO: Trying to play a card WILD YELLOW DRTWO BLUE
    [junit] Apr 03, 2013 1:13:14 AM practiceUno.Robot PlayAHand
    [junit] INFO: Time for a wild card. Choosing yellow
    [junit] Apr 03, 2013 1:13:14 AM practiceUno.Robot PlayAHand
    [junit] INFO: Choose yellow
    [junit] Apr 03, 2013 1:13:14 AM practiceUno.WildCard Wild
    [junit] INFO: Call for wild called
    [junit] Apr 03, 2013 1:13:14 AM practiceUno.Robot PlayAHand
    [junit] INFO: Add to deck
    [junit] Apr 03, 2013 1:13:14 AM practiceUno.Robot FindCard
    [junit] INFO: looking at you card : WILD YELLOW
    [junit] Apr 03, 2013 1:13:14 AM practiceUno.Robot FindCard
    [junit] INFO: Is at 3
    [junit] Apr 03, 2013 1:13:14 AM practiceUno.Robot PlayAHand
    [junit] INFO: removed
    [junit] Apr 03, 2013 1:13:14 AM practiceUno.Robot PlayAHand
    [junit] INFO: End turn
    [junit] Apr 03, 2013 1:13:14 AM practiceUno.Robot PlayAHand
    [junit] INFO: Trying to decide
    [junit] Apr 03, 2013 1:13:14 AM practiceUno.Robot Decide
    [junit] INFO: Entering robot decide function
    [junit] Apr 03, 2013 1:13:14 AM practiceUno.Robot Decide
    [junit] INFO: I have 5 cards. 
    [junit] Apr 03, 2013 1:13:14 AM practiceUno.Robot Decide
    [junit] INFO: Card 0: REVERSE GREEN
    [junit] Apr 03, 2013 1:13:14 AM practiceUno.Robot Decide
    [junit] INFO: Card 1: WILDDRFOUR YELLOW
    [junit] Apr 03, 2013 1:13:14 AM practiceUno.Robot Decide
    [junit] INFO: Card 2: WILDDRFOUR YELLOW
    [junit] Apr 03, 2013 1:13:14 AM practiceUno.Robot Decide
    [junit] INFO: Card 3: WILD YELLOW
    [junit] Apr 03, 2013 1:13:14 AM practiceUno.Robot Decide
    [junit] INFO: Card 4: WILD YELLOW
    [junit] Apr 03, 2013 1:13:14 AM practiceUno.Robot Decide
    [junit] INFO: The top card was a wild card WILD YELLOW
    [junit] Apr 03, 2013 1:13:14 AM practiceUno.Robot Decide
    [junit] INFO: Inside the wild loop REVERSE GREEN
    [junit] Apr 03, 2013 1:13:14 AM practiceUno.Robot Decide
    [junit] INFO: Inside the wild loop WILDDRFOUR YELLOW
    [junit] Apr 03, 2013 1:13:14 AM practiceUno.Robot Decide
    [junit] INFO: Inside the wild loop WILDDRFOUR YELLOW
    [junit] Apr 03, 2013 1:13:14 AM practiceUno.Robot Decide
    [junit] INFO: Inside the wild loop WILD YELLOW
    [junit] Top card is DRTWO BLUE
    [junit] Top card is WILD YELLOW
    [junit] Top card is WILD YELLOW
    [junit] Top card is WILD YELLOW
    [junit] Top card is WILDDRFOUR YELLOW
    [junit] Top card is DRTWO YELLOW
    [junit] Top card is DRTWO GREEN
    [junit] Top card is REVERSE GREEN
    [junit] Apr 03, 2013 1:13:14 AM practiceUno.Robot Decide
    [junit] INFO: Inside the wild loop WILD YELLOW
    [junit] Apr 03, 2013 1:13:14 AM practiceUno.Robot PlayAWild
    [junit] INFO: Seeing if I have any wild cards in my hand
    [junit] Apr 03, 2013 1:13:14 AM practiceUno.Robot Decide
    [junit] INFO: Done deciding
    [junit] Apr 03, 2013 1:13:14 AM practiceUno.Robot PlayAHand
    [junit] INFO: Decided 1 WILD YELLOW
    [junit] Apr 03, 2013 1:13:14 AM practiceUno.Robot PlayAHand
    [junit] INFO: Trying to play a card WILD YELLOW WILD YELLOW
    [junit] Apr 03, 2013 1:13:14 AM practiceUno.Robot PlayAHand
    [junit] INFO: Time for a wild card. Choosing yellow
    [junit] Apr 03, 2013 1:13:14 AM practiceUno.Robot PlayAHand
    [junit] INFO: Choose yellow
    [junit] Apr 03, 2013 1:13:14 AM practiceUno.WildCard Wild
    [junit] INFO: Call for wild called
    [junit] Apr 03, 2013 1:13:14 AM practiceUno.Robot PlayAHand
    [junit] INFO: Add to deck
    [junit] Apr 03, 2013 1:13:14 AM practiceUno.Robot FindCard
    [junit] INFO: looking at you card : WILD YELLOW
    [junit] Apr 03, 2013 1:13:14 AM practiceUno.Robot FindCard
    [junit] INFO: Is at 3
    [junit] Apr 03, 2013 1:13:14 AM practiceUno.Robot PlayAHand
    [junit] INFO: removed
    [junit] Apr 03, 2013 1:13:14 AM practiceUno.Robot PlayAHand
    [junit] INFO: End turn
    [junit] Apr 03, 2013 1:13:14 AM practiceUno.Robot PlayAHand
    [junit] INFO: Trying to decide
    [junit] Apr 03, 2013 1:13:14 AM practiceUno.Robot Decide
    [junit] INFO: Entering robot decide function
    [junit] Apr 03, 2013 1:13:14 AM practiceUno.Robot Decide
    [junit] INFO: I have 4 cards. 
    [junit] Apr 03, 2013 1:13:14 AM practiceUno.Robot Decide
    [junit] INFO: Card 0: REVERSE GREEN
    [junit] Apr 03, 2013 1:13:14 AM practiceUno.Robot Decide
    [junit] INFO: Card 1: WILDDRFOUR YELLOW
    [junit] Apr 03, 2013 1:13:14 AM practiceUno.Robot Decide
    [junit] INFO: Card 2: WILDDRFOUR YELLOW
    [junit] Apr 03, 2013 1:13:14 AM practiceUno.Robot Decide
    [junit] INFO: Card 3: WILD YELLOW
    [junit] Apr 03, 2013 1:13:14 AM practiceUno.Robot Decide
    [junit] INFO: The top card was a wild card WILD YELLOW
    [junit] Apr 03, 2013 1:13:14 AM practiceUno.Robot Decide
    [junit] INFO: Inside the wild loop REVERSE GREEN
    [junit] Apr 03, 2013 1:13:14 AM practiceUno.Robot Decide
    [junit] INFO: Inside the wild loop WILDDRFOUR YELLOW
    [junit] Apr 03, 2013 1:13:14 AM practiceUno.Robot Decide
    [junit] INFO: Inside the wild loop WILDDRFOUR YELLOW
    [junit] Apr 03, 2013 1:13:14 AM practiceUno.Robot Decide
    [junit] INFO: Inside the wild loop WILD YELLOW
    [junit] Apr 03, 2013 1:13:14 AM practiceUno.Robot PlayAWild
    [junit] INFO: Seeing if I have any wild cards in my hand
    [junit] Apr 03, 2013 1:13:14 AM practiceUno.Robot Decide
    [junit] INFO: Done deciding
    [junit] Apr 03, 2013 1:13:14 AM practiceUno.Robot PlayAHand
    [junit] INFO: Decided 1 WILD YELLOW
    [junit] Apr 03, 2013 1:13:14 AM practiceUno.Robot PlayAHand
    [junit] INFO: Trying to play a card WILD YELLOW WILD YELLOW
    [junit] Apr 03, 2013 1:13:14 AM practiceUno.Robot PlayAHand
    [junit] INFO: Time for a wild card. Choosing yellow
    [junit] Apr 03, 2013 1:13:14 AM practiceUno.Robot PlayAHand
    [junit] INFO: Choose yellow
    [junit] Apr 03, 2013 1:13:14 AM practiceUno.WildCard Wild
    [junit] INFO: Call for wild called
    [junit] Apr 03, 2013 1:13:14 AM practiceUno.Robot PlayAHand
    [junit] INFO: Add to deck
    [junit] Apr 03, 2013 1:13:14 AM practiceUno.Robot FindCard
    [junit] INFO: looking at you card : WILD YELLOW
    [junit] Apr 03, 2013 1:13:14 AM practiceUno.Robot FindCard
    [junit] INFO: Is at 3
    [junit] Apr 03, 2013 1:13:14 AM practiceUno.Robot PlayAHand
    [junit] INFO: removed
    [junit] Apr 03, 2013 1:13:14 AM practiceUno.Robot PlayAHand
    [junit] INFO: End turn
    [junit] Apr 03, 2013 1:13:14 AM practiceUno.Robot PlayAHand
    [junit] INFO: Trying to decide
    [junit] Apr 03, 2013 1:13:14 AM practiceUno.Robot Decide
    [junit] INFO: Entering robot decide function
    [junit] Apr 03, 2013 1:13:14 AM practiceUno.Robot Decide
    [junit] INFO: I have 3 cards. 
    [junit] Apr 03, 2013 1:13:14 AM practiceUno.Robot Decide
    [junit] INFO: Card 0: REVERSE GREEN
    [junit] Apr 03, 2013 1:13:14 AM practiceUno.Robot Decide
    [junit] INFO: Card 1: WILDDRFOUR YELLOW
    [junit] Apr 03, 2013 1:13:14 AM practiceUno.Robot Decide
    [junit] INFO: Card 2: WILDDRFOUR YELLOW
    [junit] Apr 03, 2013 1:13:14 AM practiceUno.Robot Decide
    [junit] INFO: The top card was a wild card WILD YELLOW
    [junit] Apr 03, 2013 1:13:14 AM practiceUno.Robot Decide
    [junit] INFO: Inside the wild loop REVERSE GREEN
    [junit] Apr 03, 2013 1:13:14 AM practiceUno.Robot Decide
    [junit] INFO: Inside the wild loop WILDDRFOUR YELLOW
    [junit] Apr 03, 2013 1:13:14 AM practiceUno.Robot Decide
    [junit] INFO: Inside the wild loop WILDDRFOUR YELLOW
    [junit] Apr 03, 2013 1:13:14 AM practiceUno.Robot PlayAWild
    [junit] INFO: Seeing if I have any wild cards in my hand
    [junit] Apr 03, 2013 1:13:14 AM practiceUno.Robot Decide
    [junit] INFO: Done deciding
    [junit] Apr 03, 2013 1:13:14 AM practiceUno.Robot PlayAHand
    [junit] INFO: Decided 1 WILDDRFOUR YELLOW
    [junit] Apr 03, 2013 1:13:14 AM practiceUno.Robot PlayAHand
    [junit] INFO: Trying to play a card WILDDRFOUR YELLOW WILD YELLOW
    [junit] Apr 03, 2013 1:13:14 AM practiceUno.Robot PlayAHand
    [junit] INFO: Time for a wild card. Choosing yellow
    [junit] Apr 03, 2013 1:13:14 AM practiceUno.Robot PlayAHand
    [junit] INFO: Choose yellow
    [junit] Apr 03, 2013 1:13:14 AM practiceUno.WildCard Wild
    [junit] INFO: Call for wild called
    [junit] Apr 03, 2013 1:13:14 AM practiceUno.Robot PlayAHand
    [junit] INFO: Add to deck
    [junit] Apr 03, 2013 1:13:14 AM practiceUno.Robot FindCard
    [junit] INFO: looking at you card : WILDDRFOUR YELLOW
    [junit] Apr 03, 2013 1:13:14 AM practiceUno.Robot FindCard
    [junit] INFO: Is at 1
    [junit] Apr 03, 2013 1:13:14 AM practiceUno.Robot PlayAHand
    [junit] INFO: removed
    [junit] Apr 03, 2013 1:13:14 AM practiceUno.Robot PlayAHand
    [junit] INFO: End turn
    [junit] Apr 03, 2013 1:13:14 AM practiceUno.Robot PlayAHand
    [junit] INFO: Trying to decide
    [junit] Apr 03, 2013 1:13:14 AM practiceUno.Robot Decide
    [junit] INFO: Entering robot decide function
    [junit] Apr 03, 2013 1:13:14 AM practiceUno.Robot Decide
    [junit] INFO: I have 6 cards. 
    [junit] Apr 03, 2013 1:13:14 AM practiceUno.Robot Decide
    [junit] INFO: Card 0: REVERSE GREEN
    [junit] Apr 03, 2013 1:13:14 AM practiceUno.Robot Decide
    [junit] INFO: Card 1: WILDDRFOUR YELLOW
    [junit] Apr 03, 2013 1:13:14 AM practiceUno.Robot Decide
    [junit] INFO: Card 2: DRTWO YELLOW
    [junit] Apr 03, 2013 1:13:14 AM practiceUno.Robot Decide
    [junit] INFO: Card 3: DRTWO GREEN
    [junit] Apr 03, 2013 1:13:14 AM practiceUno.Robot Decide
    [junit] INFO: Card 4: DRTWO GREEN
    [junit] Apr 03, 2013 1:13:14 AM practiceUno.Robot Decide
    [junit] INFO: Card 5: DRTWO RED
    [junit] Apr 03, 2013 1:13:14 AM practiceUno.Robot Decide
    [junit] INFO: The top card was a wild card WILDDRFOUR YELLOW
    [junit] Apr 03, 2013 1:13:14 AM practiceUno.Robot Decide
    [junit] INFO: Inside the wild loop REVERSE GREEN
    [junit] Apr 03, 2013 1:13:14 AM practiceUno.Robot Decide
    [junit] INFO: Inside the wild loop WILDDRFOUR YELLOW
    [junit] Apr 03, 2013 1:13:14 AM practiceUno.Robot Decide
    [junit] INFO: Inside the wild loop DRTWO YELLOW
    [junit] Apr 03, 2013 1:13:14 AM practiceUno.Robot Decide
    [junit] INFO: Done deciding
    [junit] Apr 03, 2013 1:13:14 AM practiceUno.Robot PlayAHand
    [junit] INFO: Decided 1 DRTWO YELLOW
    [junit] Apr 03, 2013 1:13:14 AM practiceUno.Robot PlayAHand
    [junit] INFO: Trying to play a card DRTWO YELLOW WILDDRFOUR YELLOW
    [junit] Apr 03, 2013 1:13:14 AM practiceUno.Robot FindCard
    [junit] INFO: looking at you card : DRTWO YELLOW
    [junit] Apr 03, 2013 1:13:14 AM practiceUno.Robot FindCard
    [junit] INFO: Is at 2
    [junit] Apr 03, 2013 1:13:14 AM practiceUno.Robot PlayAHand
    [junit] INFO: End turn
    [junit] Apr 03, 2013 1:13:14 AM practiceUno.Robot PlayAHand
    [junit] INFO: Trying to decide
    [junit] Apr 03, 2013 1:13:14 AM practiceUno.Robot Decide
    [junit] INFO: Entering robot decide function
    [junit] Apr 03, 2013 1:13:14 AM practiceUno.Robot Decide
    [junit] INFO: I have 5 cards. 
    [junit] Apr 03, 2013 1:13:14 AM practiceUno.Robot Decide
    [junit] INFO: Card 0: REVERSE GREEN
    [junit] Apr 03, 2013 1:13:14 AM practiceUno.Robot Decide
    [junit] INFO: Card 1: WILDDRFOUR YELLOW
    [junit] Apr 03, 2013 1:13:14 AM practiceUno.Robot Decide
    [junit] INFO: Card 2: DRTWO GREEN
    [junit] Apr 03, 2013 1:13:14 AM practiceUno.Robot Decide
    [junit] INFO: Card 3: DRTWO GREEN
    [junit] Apr 03, 2013 1:13:14 AM practiceUno.Robot Decide
    [junit] INFO: Card 4: DRTWO RED
    [junit] Apr 03, 2013 1:13:14 AM practiceUno.Robot Decide
    [junit] INFO: The top card was a special card. DRTWO YELLOW
    [junit] Apr 03, 2013 1:13:14 AM practiceUno.Robot Decide
    [junit] INFO: In special for loop. Card REVERSE GREEN
    [junit] Apr 03, 2013 1:13:14 AM practiceUno.Robot Decide
    [junit] INFO: In special for loop. Card WILDDRFOUR YELLOW
    [junit] Apr 03, 2013 1:13:14 AM practiceUno.Robot Decide
    [junit] INFO: No special match
    [junit] Apr 03, 2013 1:13:14 AM practiceUno.Robot Decide
    [junit] INFO: In special for loop. Card DRTWO GREEN
    [junit] Apr 03, 2013 1:13:14 AM practiceUno.Robot Decide
    [junit] INFO: Done deciding
    [junit] Apr 03, 2013 1:13:14 AM practiceUno.Robot PlayAHand
    [junit] INFO: Decided 1 DRTWO GREEN
    [junit] Apr 03, 2013 1:13:14 AM practiceUno.Robot PlayAHand
    [junit] INFO: Trying to play a card DRTWO GREEN DRTWO YELLOW
    [junit] Apr 03, 2013 1:13:14 AM practiceUno.Robot FindCard
    [junit] INFO: looking at you card : DRTWO GREEN
    [junit] Apr 03, 2013 1:13:14 AM practiceUno.Robot FindCard
    [junit] INFO: Is at 2
    [junit] Apr 03, 2013 1:13:14 AM practiceUno.Robot PlayAHand
    [junit] INFO: End turn
    [junit] Apr 03, 2013 1:13:14 AM practiceUno.Robot PlayAHand
    [junit] INFO: Trying to decide
    [junit] Apr 03, 2013 1:13:14 AM practiceUno.Robot Decide
    [junit] INFO: Entering robot decide function
    [junit] Apr 03, 2013 1:13:14 AM practiceUno.Robot Decide
    [junit] INFO: I have 4 cards. 
    [junit] Apr 03, 2013 1:13:14 AM practiceUno.Robot Decide
    [junit] INFO: Card 0: REVERSE GREEN
    [junit] Apr 03, 2013 1:13:14 AM practiceUno.Robot Decide
    [junit] INFO: Card 1: WILDDRFOUR YELLOW
    [junit] Apr 03, 2013 1:13:14 AM practiceUno.Robot Decide
    [junit] INFO: Card 2: DRTWO GREEN
    [junit] Apr 03, 2013 1:13:14 AM practiceUno.Robot Decide
    [junit] INFO: Card 3: DRTWO RED
    [junit] Apr 03, 2013 1:13:14 AM practiceUno.Robot Decide
    [junit] INFO: The top card was a special card. DRTWO GREEN
    [junit] Apr 03, 2013 1:13:14 AM practiceUno.Robot Decide
    [junit] INFO: In special for loop. Card REVERSE GREEN
    [junit] Apr 03, 2013 1:13:14 AM practiceUno.Robot Decide
    [junit] INFO: Done deciding
    [junit] Apr 03, 2013 1:13:14 AM practiceUno.Robot PlayAHand
    [junit] INFO: Decided 1 REVERSE GREEN
    [junit] Apr 03, 2013 1:13:14 AM practiceUno.Robot PlayAHand
    [junit] INFO: Trying to play a card REVERSE GREEN DRTWO GREEN
    [junit] Apr 03, 2013 1:13:14 AM practiceUno.Robot FindCard
    [junit] INFO: looking at you card : REVERSE GREEN
    [junit] Apr 03, 2013 1:13:14 AM practiceUno.Robot FindCard
    [junit] INFO: Is at 0
    [junit] Apr 03, 2013 1:13:14 AM practiceUno.Robot PlayAHand
    [junit] INFO: End turn
    [junit] Apr 03, 2013 1:13:14 AM practiceUno.Robot PlayAHand
    [junit] INFO: Trying to decide
    [junit] Apr 03, 2013 1:13:14 AM practiceUno.Robot Decide
    [junit] INFO: Entering robot decide function
    [junit] Apr 03, 2013 1:13:14 AM practiceUno.Robot Decide
    [junit] INFO: I have 3 cards. 
    [junit] Apr 03, 2013 1:13:14 AM practiceUno.Robot Decide
    [junit] INFO: Card 0: WILDDRFOUR YELLOW
    [junit] Apr 03, 2013 1:13:14 AM practiceUno.Robot Decide
    [junit] INFO: Card 1: DRTWO GREEN
    [junit] Apr 03, 2013 1:13:14 AM practiceUno.Robot Decide
    [junit] INFO: Card 2: DRTWO RED
    [junit] Apr 03, 2013 1:13:14 AM practiceUno.Robot Decide
    [junit] INFO: The top card was a special card. REVERSE GREEN
    [junit] Apr 03, 2013 1:13:14 AM practiceUno.Robot Decide
    [junit] INFO: In special for loop. Card WILDDRFOUR YELLOW
    [junit] Apr 03, 2013 1:13:14 AM practiceUno.Robot Decide
    [junit] INFO: No special match
    [junit] Apr 03, 2013 1:13:14 AM practiceUno.Robot Decide
    [junit] INFO: In special for loop. Card DRTWO GREEN
    [junit] Apr 03, 2013 1:13:14 AM practiceUno.Robot Decide
    [junit] INFO: Done deciding
    [junit] Apr 03, 2013 1:13:14 AM practiceUno.Robot PlayAHand
    [junit] INFO: Decided 1 DRTWO GREEN
    [junit] Apr 03, 2013 1:13:14 AM practiceUno.Robot PlayAHand
    [junit] INFO: Trying to play a card DRTWO GREEN REVERSE GREEN
    [junit] Apr 03, 2013 1:13:14 AM practiceUno.Robot FindCard
    [junit] INFO: looking at you card : DRTWO GREEN
    [junit] Apr 03, 2013 1:13:14 AM practiceUno.Robot FindCard
    [junit] INFO: Is at 1
    [junit] Apr 03, 2013 1:13:14 AM practiceUno.Robot PlayAHand
    [junit] INFO: End turn
    [junit] Apr 03, 2013 1:13:14 AM practiceUno.Robot PlayAHand
    [junit] INFO: Trying to decide
    [junit] Apr 03, 2013 1:13:14 AM practiceUno.Robot Decide
    [junit] INFO: Entering robot decide function
    [junit] Apr 03, 2013 1:13:14 AM practiceUno.Robot Decide
    [junit] INFO: I have 2 cards. 
    [junit] Apr 03, 2013 1:13:14 AM practiceUno.Robot Decide
    [junit] INFO: Card 0: WILDDRFOUR YELLOW
    [junit] Apr 03, 2013 1:13:14 AM practiceUno.Robot Decide
    [junit] INFO: Card 1: DRTWO RED
    [junit] Apr 03, 2013 1:13:14 AM practiceUno.Robot Decide
    [junit] INFO: The top card was a special card. DRTWO GREEN
    [junit] Apr 03, 2013 1:13:14 AM practiceUno.Robot Decide
    [junit] INFO: In special for loop. Card WILDDRFOUR YELLOW
    [junit] Apr 03, 2013 1:13:14 AM practiceUno.Robot Decide
    [junit] INFO: No special match
    [junit] Apr 03, 2013 1:13:14 AM practiceUno.Robot Decide
    [junit] INFO: In special for loop. Card DRTWO RED
    [junit] Apr 03, 2013 1:13:14 AM practiceUno.Robot Decide
    [junit] INFO: Done deciding
    [junit] Apr 03, 2013 1:13:14 AM practiceUno.Robot PlayAHand
    [junit] INFO: Decided 1 DRTWO RED
    [junit] Apr 03, 2013 1:13:14 AM practiceUno.Robot PlayAHand
    [junit] INFO: Trying to play a card DRTWO RED DRTWO GREEN
    [junit] Top card is DRTWO GREEN
    [junit] Top card is DRTWO RED
    [junit] UNO!
    [junit] Top card is WILDDRFOUR YELLOW
    [junit] Top card is SKIP YELLOW
    [junit] Top card is SKIP YELLOW
    [junit] Top card is SKIP GREEN
    [junit] Top card is SKIP GREEN
    [junit] Apr 03, 2013 1:13:14 AM practiceUno.Robot FindCard
    [junit] INFO: looking at you card : DRTWO RED
    [junit] Apr 03, 2013 1:13:14 AM practiceUno.Robot FindCard
    [junit] INFO: Is at 1
    [junit] Apr 03, 2013 1:13:14 AM practiceUno.Robot PlayAHand
    [junit] INFO: End turn
    [junit] Apr 03, 2013 1:13:14 AM practiceUno.Robot PlayAHand
    [junit] INFO: Trying to decide
    [junit] Apr 03, 2013 1:13:14 AM practiceUno.Robot Decide
    [junit] INFO: Entering robot decide function
    [junit] Apr 03, 2013 1:13:14 AM practiceUno.Robot Decide
    [junit] INFO: I have 1 cards. 
    [junit] Apr 03, 2013 1:13:14 AM practiceUno.Robot Decide
    [junit] INFO: Card 0: WILDDRFOUR YELLOW
    [junit] Apr 03, 2013 1:13:14 AM practiceUno.Robot Decide
    [junit] INFO: The top card was a special card. DRTWO RED
    [junit] Apr 03, 2013 1:13:14 AM practiceUno.Robot Decide
    [junit] INFO: In special for loop. Card WILDDRFOUR YELLOW
    [junit] Apr 03, 2013 1:13:14 AM practiceUno.Robot Decide
    [junit] INFO: No special match
    [junit] Apr 03, 2013 1:13:14 AM practiceUno.Robot PlayAWild
    [junit] INFO: Seeing if I have any wild cards in my hand
    [junit] Apr 03, 2013 1:13:14 AM practiceUno.Robot Decide
    [junit] INFO: Done deciding
    [junit] Apr 03, 2013 1:13:14 AM practiceUno.Robot PlayAHand
    [junit] INFO: Decided 1 WILDDRFOUR YELLOW
    [junit] Apr 03, 2013 1:13:14 AM practiceUno.Robot PlayAHand
    [junit] INFO: Trying to play a card WILDDRFOUR YELLOW DRTWO RED
    [junit] Apr 03, 2013 1:13:14 AM practiceUno.Robot PlayAHand
    [junit] INFO: Time for a wild card. Choosing yellow
    [junit] Apr 03, 2013 1:13:14 AM practiceUno.Robot PlayAHand
    [junit] INFO: Choose yellow
    [junit] Apr 03, 2013 1:13:14 AM practiceUno.WildCard Wild
    [junit] INFO: Call for wild called
    [junit] Apr 03, 2013 1:13:14 AM practiceUno.Robot PlayAHand
    [junit] INFO: Add to deck
    [junit] Apr 03, 2013 1:13:14 AM practiceUno.Robot FindCard
    [junit] INFO: looking at you card : WILDDRFOUR YELLOW
    [junit] Apr 03, 2013 1:13:14 AM practiceUno.Robot FindCard
    [junit] INFO: Is at 0
    [junit] Apr 03, 2013 1:13:14 AM practiceUno.Robot PlayAHand
    [junit] INFO: removed
    [junit] Apr 03, 2013 1:13:14 AM practiceUno.Robot PlayAHand
    [junit] INFO: End turn
    [junit] Apr 03, 2013 1:13:14 AM practiceUno.Robot PlayAHand
    [junit] INFO: Trying to decide
    [junit] Apr 03, 2013 1:13:14 AM practiceUno.Robot Decide
    [junit] INFO: Entering robot decide function
    [junit] Apr 03, 2013 1:13:14 AM practiceUno.Robot Decide
    [junit] INFO: I have 4 cards. 
    [junit] Apr 03, 2013 1:13:14 AM practiceUno.Robot Decide
    [junit] INFO: Card 0: DRTWO RED
    [junit] Apr 03, 2013 1:13:14 AM practiceUno.Robot Decide
    [junit] INFO: Card 1: DRTWO BLUE
    [junit] Apr 03, 2013 1:13:14 AM practiceUno.Robot Decide
    [junit] INFO: Card 2: DRTWO BLUE
    [junit] Apr 03, 2013 1:13:14 AM practiceUno.Robot Decide
    [junit] INFO: Card 3: SKIP YELLOW
    [junit] Apr 03, 2013 1:13:14 AM practiceUno.Robot Decide
    [junit] INFO: The top card was a wild card WILDDRFOUR YELLOW
    [junit] Apr 03, 2013 1:13:14 AM practiceUno.Robot Decide
    [junit] INFO: Inside the wild loop DRTWO RED
    [junit] Apr 03, 2013 1:13:14 AM practiceUno.Robot Decide
    [junit] INFO: Inside the wild loop DRTWO BLUE
    [junit] Apr 03, 2013 1:13:14 AM practiceUno.Robot Decide
    [junit] INFO: Inside the wild loop DRTWO BLUE
    [junit] Apr 03, 2013 1:13:14 AM practiceUno.Robot Decide
    [junit] INFO: Inside the wild loop SKIP YELLOW
    [junit] Apr 03, 2013 1:13:14 AM practiceUno.Robot Decide
    [junit] INFO: Done deciding
    [junit] Apr 03, 2013 1:13:14 AM practiceUno.Robot PlayAHand
    [junit] INFO: Decided 1 SKIP YELLOW
    [junit] Apr 03, 2013 1:13:14 AM practiceUno.Robot PlayAHand
    [junit] INFO: Trying to play a card SKIP YELLOW WILDDRFOUR YELLOW
    [junit] Apr 03, 2013 1:13:14 AM practiceUno.Robot FindCard
    [junit] INFO: looking at you card : SKIP YELLOW
    [junit] Apr 03, 2013 1:13:14 AM practiceUno.Robot FindCard
    [junit] INFO: Is at 3
    [junit] Apr 03, 2013 1:13:14 AM practiceUno.Robot PlayAHand
    [junit] INFO: End turn
    [junit] Apr 03, 2013 1:13:14 AM practiceUno.Robot PlayAHand
    [junit] INFO: Trying to decide
    [junit] Apr 03, 2013 1:13:14 AM practiceUno.Robot Decide
    [junit] INFO: Entering robot decide function
    [junit] Apr 03, 2013 1:13:14 AM practiceUno.Robot Decide
    [junit] INFO: I have 3 cards. 
    [junit] Apr 03, 2013 1:13:14 AM practiceUno.Robot Decide
    [junit] INFO: Card 0: DRTWO RED
    [junit] Apr 03, 2013 1:13:14 AM practiceUno.Robot Decide
    [junit] INFO: Card 1: DRTWO BLUE
    [junit] Apr 03, 2013 1:13:14 AM practiceUno.Robot Decide
    [junit] INFO: Card 2: DRTWO BLUE
    [junit] Apr 03, 2013 1:13:14 AM practiceUno.Robot Decide
    [junit] INFO: The top card was a special card. SKIP YELLOW
    [junit] Apr 03, 2013 1:13:14 AM practiceUno.Robot Decide
    [junit] INFO: In special for loop. Card DRTWO RED
    [junit] Apr 03, 2013 1:13:14 AM practiceUno.Robot Decide
    [junit] INFO: In special for loop. Card DRTWO BLUE
    [junit] Apr 03, 2013 1:13:14 AM practiceUno.Robot Decide
    [junit] INFO: In special for loop. Card DRTWO BLUE
    [junit] Apr 03, 2013 1:13:14 AM practiceUno.Robot PlayAWild
    [junit] INFO: Seeing if I have any wild cards in my hand
    [junit] Apr 03, 2013 1:13:14 AM practiceUno.Robot Decide
    [junit] INFO: Done deciding
    [junit] Apr 03, 2013 1:13:14 AM practiceUno.Robot PlayAHand
    [junit] INFO: decided 2
    [junit] Apr 03, 2013 1:13:14 AM practiceUno.Robot PlayAHand
    [junit] INFO: Need to draw a card
    [junit] Apr 03, 2013 1:13:14 AM practiceUno.Robot Decide
    [junit] INFO: Entering robot decide function
    [junit] Apr 03, 2013 1:13:14 AM practiceUno.Robot Decide
    [junit] INFO: I have 4 cards. 
    [junit] Apr 03, 2013 1:13:14 AM practiceUno.Robot Decide
    [junit] INFO: Card 0: DRTWO RED
    [junit] Apr 03, 2013 1:13:14 AM practiceUno.Robot Decide
    [junit] INFO: Card 1: DRTWO BLUE
    [junit] Apr 03, 2013 1:13:14 AM practiceUno.Robot Decide
    [junit] INFO: Card 2: DRTWO BLUE
    [junit] Apr 03, 2013 1:13:14 AM practiceUno.Robot Decide
    [junit] INFO: Card 3: SKIP YELLOW
    [junit] Apr 03, 2013 1:13:14 AM practiceUno.Robot Decide
    [junit] INFO: The top card was a special card. SKIP YELLOW
    [junit] Apr 03, 2013 1:13:14 AM practiceUno.Robot Decide
    [junit] INFO: In special for loop. Card DRTWO RED
    [junit] Apr 03, 2013 1:13:14 AM practiceUno.Robot Decide
    [junit] INFO: In special for loop. Card DRTWO BLUE
    [junit] Apr 03, 2013 1:13:14 AM practiceUno.Robot Decide
    [junit] INFO: In special for loop. Card DRTWO BLUE
    [junit] Apr 03, 2013 1:13:14 AM practiceUno.Robot Decide
    [junit] INFO: In special for loop. Card SKIP YELLOW
    [junit] Apr 03, 2013 1:13:14 AM practiceUno.Robot Decide
    [junit] INFO: Done deciding
    [junit] Apr 03, 2013 1:13:14 AM practiceUno.Robot PlayAHand
    [junit] INFO: Trying to play a card SKIP YELLOW SKIP YELLOW
    [junit] Apr 03, 2013 1:13:14 AM practiceUno.Robot FindCard
    [junit] INFO: looking at you card : SKIP YELLOW
    [junit] Apr 03, 2013 1:13:14 AM practiceUno.Robot FindCard
    [junit] INFO: Is at 3
    [junit] Apr 03, 2013 1:13:14 AM practiceUno.Robot PlayAHand
    [junit] INFO: End turn
    [junit] Apr 03, 2013 1:13:14 AM practiceUno.Robot PlayAHand
    [junit] INFO: Trying to decide
    [junit] Apr 03, 2013 1:13:14 AM practiceUno.Robot Decide
    [junit] INFO: Entering robot decide function
    [junit] Apr 03, 2013 1:13:14 AM practiceUno.Robot Decide
    [junit] INFO: I have 3 cards. 
    [junit] Apr 03, 2013 1:13:14 AM practiceUno.Robot Decide
    [junit] INFO: Card 0: DRTWO RED
    [junit] Apr 03, 2013 1:13:14 AM practiceUno.Robot Decide
    [junit] INFO: Card 1: DRTWO BLUE
    [junit] Apr 03, 2013 1:13:14 AM practiceUno.Robot Decide
    [junit] INFO: Card 2: DRTWO BLUE
    [junit] Apr 03, 2013 1:13:14 AM practiceUno.Robot Decide
    [junit] INFO: The top card was a special card. SKIP YELLOW
    [junit] Apr 03, 2013 1:13:14 AM practiceUno.Robot Decide
    [junit] INFO: In special for loop. Card DRTWO RED
    [junit] Apr 03, 2013 1:13:14 AM practiceUno.Robot Decide
    [junit] INFO: In special for loop. Card DRTWO BLUE
    [junit] Apr 03, 2013 1:13:14 AM practiceUno.Robot Decide
    [junit] INFO: In special for loop. Card DRTWO BLUE
    [junit] Apr 03, 2013 1:13:14 AM practiceUno.Robot PlayAWild
    [junit] INFO: Seeing if I have any wild cards in my hand
    [junit] Apr 03, 2013 1:13:14 AM practiceUno.Robot Decide
    [junit] INFO: Done deciding
    [junit] Apr 03, 2013 1:13:14 AM practiceUno.Robot PlayAHand
    [junit] INFO: decided 2
    [junit] Apr 03, 2013 1:13:14 AM practiceUno.Robot PlayAHand
    [junit] INFO: Need to draw a card
    [junit] Apr 03, 2013 1:13:14 AM practiceUno.Robot Decide
    [junit] INFO: Entering robot decide function
    [junit] Apr 03, 2013 1:13:14 AM practiceUno.Robot Decide
    [junit] INFO: I have 4 cards. 
    [junit] Apr 03, 2013 1:13:14 AM practiceUno.Robot Decide
    [junit] INFO: Card 0: DRTWO RED
    [junit] Apr 03, 2013 1:13:14 AM practiceUno.Robot Decide
    [junit] INFO: Card 1: DRTWO BLUE
    [junit] Apr 03, 2013 1:13:14 AM practiceUno.Robot Decide
    [junit] INFO: Card 2: DRTWO BLUE
    [junit] Apr 03, 2013 1:13:14 AM practiceUno.Robot Decide
    [junit] INFO: Card 3: SKIP GREEN
    [junit] Apr 03, 2013 1:13:14 AM practiceUno.Robot Decide
    [junit] INFO: The top card was a special card. SKIP YELLOW
    [junit] Apr 03, 2013 1:13:14 AM practiceUno.Robot Decide
    [junit] INFO: In special for loop. Card DRTWO RED
    [junit] Apr 03, 2013 1:13:14 AM practiceUno.Robot Decide
    [junit] INFO: In special for loop. Card DRTWO BLUE
    [junit] Apr 03, 2013 1:13:14 AM practiceUno.Robot Decide
    [junit] INFO: In special for loop. Card DRTWO BLUE
    [junit] Apr 03, 2013 1:13:14 AM practiceUno.Robot Decide
    [junit] INFO: In special for loop. Card SKIP GREEN
    [junit] Apr 03, 2013 1:13:14 AM practiceUno.Robot Decide
    [junit] INFO: Done deciding
    [junit] Apr 03, 2013 1:13:14 AM practiceUno.Robot PlayAHand
    [junit] INFO: Trying to play a card SKIP GREEN SKIP YELLOW
    [junit] Apr 03, 2013 1:13:14 AM practiceUno.Robot FindCard
    [junit] INFO: looking at you card : SKIP GREEN
    [junit] Apr 03, 2013 1:13:14 AM practiceUno.Robot FindCard
    [junit] INFO: Is at 3
    [junit] Apr 03, 2013 1:13:14 AM practiceUno.Robot PlayAHand
    [junit] INFO: End turn
    [junit] Apr 03, 2013 1:13:14 AM practiceUno.Robot PlayAHand
    [junit] INFO: Trying to decide
    [junit] Apr 03, 2013 1:13:14 AM practiceUno.Robot Decide
    [junit] INFO: Entering robot decide function
    [junit] Apr 03, 2013 1:13:14 AM practiceUno.Robot Decide
    [junit] INFO: I have 3 cards. 
    [junit] Apr 03, 2013 1:13:14 AM practiceUno.Robot Decide
    [junit] INFO: Card 0: DRTWO RED
    [junit] Apr 03, 2013 1:13:14 AM practiceUno.Robot Decide
    [junit] INFO: Card 1: DRTWO BLUE
    [junit] Apr 03, 2013 1:13:14 AM practiceUno.Robot Decide
    [junit] INFO: Card 2: DRTWO BLUE
    [junit] Apr 03, 2013 1:13:14 AM practiceUno.Robot Decide
    [junit] INFO: The top card was a special card. SKIP GREEN
    [junit] Apr 03, 2013 1:13:14 AM practiceUno.Robot Decide
    [junit] INFO: In special for loop. Card DRTWO RED
    [junit] Apr 03, 2013 1:13:14 AM practiceUno.Robot Decide
    [junit] INFO: In special for loop. Card DRTWO BLUE
    [junit] Apr 03, 2013 1:13:14 AM practiceUno.Robot Decide
    [junit] INFO: In special for loop. Card DRTWO BLUE
    [junit] Apr 03, 2013 1:13:14 AM practiceUno.Robot PlayAWild
    [junit] INFO: Seeing if I have any wild cards in my hand
    [junit] Apr 03, 2013 1:13:14 AM practiceUno.Robot Decide
    [junit] INFO: Done deciding
    [junit] Apr 03, 2013 1:13:14 AM practiceUno.Robot PlayAHand
    [junit] INFO: decided 2
    [junit] Apr 03, 2013 1:13:14 AM practiceUno.Robot PlayAHand
    [junit] INFO: Need to draw a card
    [junit] Apr 03, 2013 1:13:14 AM practiceUno.Robot Decide
    [junit] INFO: Entering robot decide function
    [junit] Apr 03, 2013 1:13:14 AM practiceUno.Robot Decide
    [junit] INFO: I have 4 cards. 
    [junit] Apr 03, 2013 1:13:14 AM practiceUno.Robot Decide
    [junit] INFO: Card 0: DRTWO RED
    [junit] Apr 03, 2013 1:13:14 AM practiceUno.Robot Decide
    [junit] INFO: Card 1: DRTWO BLUE
    [junit] Apr 03, 2013 1:13:14 AM practiceUno.Robot Decide
    [junit] INFO: Card 2: DRTWO BLUE
    [junit] Apr 03, 2013 1:13:14 AM practiceUno.Robot Decide
    [junit] INFO: Card 3: SKIP GREEN
    [junit] Apr 03, 2013 1:13:14 AM practiceUno.Robot Decide
    [junit] INFO: The top card was a special card. SKIP GREEN
    [junit] Apr 03, 2013 1:13:14 AM practiceUno.Robot Decide
    [junit] INFO: In special for loop. Card DRTWO RED
    [junit] Apr 03, 2013 1:13:14 AM practiceUno.Robot Decide
    [junit] INFO: In special for loop. Card DRTWO BLUE
    [junit] Apr 03, 2013 1:13:14 AM practiceUno.Robot Decide
    [junit] INFO: In special for loop. Card DRTWO BLUE
    [junit] Apr 03, 2013 1:13:14 AM practiceUno.Robot Decide
    [junit] INFO: In special for loop. Card SKIP GREEN
    [junit] Apr 03, 2013 1:13:14 AM practiceUno.Robot Decide
    [junit] INFO: Done deciding
    [junit] Apr 03, 2013 1:13:14 AM practiceUno.Robot PlayAHand
    [junit] INFO: Trying to play a card SKIP GREEN SKIP GREEN
    [junit] Apr 03, 2013 1:13:14 AM practiceUno.Robot FindCard
    [junit] INFO: looking at you card : SKIP GREEN
    [junit] Apr 03, 2013 1:13:14 AM practiceUno.Robot FindCard
    [junit] INFO: Is at 3
    [junit] Apr 03, 2013 1:13:14 AM practiceUno.Robot PlayAHand
    [junit] INFO: End turn
    [junit] Apr 03, 2013 1:13:14 AM practiceUno.Robot PlayAHand
    [junit] INFO: Trying to decide
    [junit] Apr 03, 2013 1:13:14 AM practiceUno.Robot Decide
    [junit] INFO: Entering robot decide function
    [junit] Apr 03, 2013 1:13:14 AM practiceUno.Robot Decide
    [junit] INFO: I have 3 cards. 
    [junit] Apr 03, 2013 1:13:14 AM practiceUno.Robot Decide
    [junit] INFO: Card 0: DRTWO RED
    [junit] Apr 03, 2013 1:13:14 AM practiceUno.Robot Decide
    [junit] INFO: Card 1: DRTWO BLUE
    [junit] Apr 03, 2013 1:13:14 AM practiceUno.Robot Decide
    [junit] INFO: Card 2: DRTWO BLUE
    [junit] Apr 03, 2013 1:13:14 AM practiceUno.Robot Decide
    [junit] INFO: The top card was a special card. SKIP GREEN
    [junit] Apr 03, 2013 1:13:14 AM practiceUno.Robot Decide
    [junit] INFO: In special for loop. Card DRTWO RED
    [junit] Apr 03, 2013 1:13:14 AM practiceUno.Robot Decide
    [junit] INFO: In special for loop. Card DRTWO BLUE
    [junit] Apr 03, 2013 1:13:14 AM practiceUno.Robot Decide
    [junit] INFO: In special for loop. Card DRTWO BLUE
    [junit] Apr 03, 2013 1:13:14 AM practiceUno.Robot PlayAWild
    [junit] INFO: Seeing if I have any wild cards in my hand
    [junit] Apr 03, 2013 1:13:14 AM practiceUno.Robot Decide
    [junit] INFO: Done deciding
    [junit] Apr 03, 2013 1:13:14 AM practiceUno.Robot PlayAHand
    [junit] INFO: decided 2
    [junit] Apr 03, 2013 1:13:14 AM practiceUno.Robot PlayAHand
    [junit] INFO: Need to draw a card
    [junit] Apr 03, 2013 1:13:14 AM practiceUno.Robot Decide
    [junit] INFO: Entering robot decide function
    [junit] Apr 03, 2013 1:13:14 AM practiceUno.Robot Decide
    [junit] INFO: I have 4 cards. 
    [junit] Apr 03, 2013 1:13:14 AM practiceUno.Robot Decide
    [junit] INFO: Card 0: DRTWO RED
    [junit] Apr 03, 2013 1:13:14 AM practiceUno.Robot Decide
    [junit] INFO: Card 1: DRTWO BLUE
    [junit] Apr 03, 2013 1:13:14 AM practiceUno.Robot Decide
    [junit] INFO: Card 2: DRTWO BLUE
    [junit] Apr 03, 2013 1:13:14 AM practiceUno.Robot Decide
    [junit] INFO: Card 3: SKIP RED
    [junit] Apr 03, 2013 1:13:14 AM practiceUno.Robot Decide
    [junit] INFO: The top card was a special card. SKIP GREEN
    [junit] Apr 03, 2013 1:13:14 AM practiceUno.Robot Decide
    [junit] INFO: In special for loop. Card DRTWO RED
    [junit] Apr 03, 2013 1:13:14 AM practiceUno.Robot Decide
    [junit] INFO: In special for loop. Card DRTWO BLUE
    [junit] Apr 03, 2013 1:13:14 AM practiceUno.Robot Decide
    [junit] INFO: In special for loop. Card DRTWO BLUE
    [junit] Apr 03, 2013 1:13:14 AM practiceUno.Robot Decide
    [junit] INFO: In special for loop. Card SKIP RED
    [junit] Apr 03, 2013 1:13:14 AM practiceUno.Robot Decide
    [junit] INFO: Done deciding
    [junit] Apr 03, 2013 1:13:14 AM practiceUno.Robot PlayAHand
    [junit] INFO: Trying to play a card SKIP RED SKIP GREEN
    [junit] Apr 03, 2013 1:13:14 AM practiceUno.Robot FindCard
    [junit] INFO: looking at you card : SKIP RED
    [junit] Apr 03, 2013 1:13:14 AM practiceUno.Robot FindCard
    [junit] INFO: Is at 3
    [junit] Apr 03, 2013 1:13:14 AM practiceUno.Robot PlayAHand
    [junit] INFO: End turn
    [junit] Apr 03, 2013 1:13:14 AM practiceUno.Robot PlayAHand
    [junit] INFO: Trying to decide
    [junit] Apr 03, 2013 1:13:14 AM practiceUno.Robot Decide
    [junit] INFO: Entering robot decide function
    [junit] Apr 03, 2013 1:13:14 AM practiceUno.Robot Decide
    [junit] INFO: I have 3 cards. 
    [junit] Apr 03, 2013 1:13:14 AM practiceUno.Robot Decide
    [junit] INFO: Card 0: DRTWO RED
    [junit] Apr 03, 2013 1:13:14 AM practiceUno.Robot Decide
    [junit] INFO: Card 1: DRTWO BLUE
    [junit] Apr 03, 2013 1:13:14 AM practiceUno.Robot Decide
    [junit] INFO: Card 2: DRTWO BLUE
    [junit] Apr 03, 2013 1:13:14 AM practiceUno.Robot Decide
    [junit] INFO: The top card was a special card. SKIP RED
    [junit] Apr 03, 2013 1:13:14 AM practiceUno.Robot Decide
    [junit] INFO: In special for loop. Card DRTWO RED
    [junit] Apr 03, 2013 1:13:14 AM practiceUno.Robot Decide
    [junit] INFO: Done deciding
    [junit] Apr 03, 2013 1:13:14 AM practiceUno.Robot PlayAHand
    [junit] INFO: Decided 1 DRTWO RED
    [junit] Apr 03, 2013 1:13:14 AM practiceUno.Robot PlayAHand
    [junit] INFO: Trying to play a card DRTWO RED SKIP RED
    [junit] Apr 03, 2013 1:13:14 AM practiceUno.Robot FindCard
    [junit] INFO: looking at you card : DRTWO RED
    [junit] Apr 03, 2013 1:13:14 AM practiceUno.Robot FindCard
    [junit] INFO: Is at 0
    [junit] Apr 03, 2013 1:13:14 AM practiceUno.Robot PlayAHand
    [junit] INFO: End turn
    [junit] Apr 03, 2013 1:13:14 AM practiceUno.Robot PlayAHand
    [junit] INFO: Trying to decide
    [junit] Apr 03, 2013 1:13:14 AM practiceUno.Robot Decide
    [junit] INFO: Entering robot decide function
    [junit] Apr 03, 2013 1:13:14 AM practiceUno.Robot Decide
    [junit] INFO: I have 2 cards. 
    [junit] Apr 03, 2013 1:13:14 AM practiceUno.Robot Decide
    [junit] INFO: Card 0: DRTWO BLUE
    [junit] Apr 03, 2013 1:13:14 AM practiceUno.Robot Decide
    [junit] INFO: Card 1: DRTWO BLUE
    [junit] Apr 03, 2013 1:13:14 AM practiceUno.Robot Decide
    [junit] INFO: The top card was a special card. DRTWO RED
    [junit] Apr 03, 2013 1:13:14 AM practiceUno.Robot Decide
    [junit] INFO: In special for loop. Card DRTWO BLUE
    [junit] Apr 03, 2013 1:13:14 AM practiceUno.Robot Decide
    [junit] INFO: Done deciding
    [junit] Apr 03, 2013 1:13:14 AM practiceUno.Robot PlayAHand
    [junit] INFO: Decided 1 DRTWO BLUE
    [junit] Apr 03, 2013 1:13:14 AM practiceUno.Robot PlayAHand
    [junit] INFO: Trying to play a card DRTWO BLUE DRTWO RED
    [junit] Apr 03, 2013 1:13:14 AM practiceUno.Robot FindCard
    [junit] INFO: looking at you card : DRTWO BLUE
    [junit] Apr 03, 2013 1:13:14 AM practiceUno.Robot FindCard
    [junit] INFO: Is at 0
    [junit] Apr 03, 2013 1:13:14 AM practiceUno.Robot PlayAHand
    [junit] INFO: End turn
    [junit] Apr 03, 2013 1:13:14 AM practiceUno.Robot PlayAHand
    [junit] INFO: Trying to decide
    [junit] Apr 03, 2013 1:13:14 AM practiceUno.Robot Decide
    [junit] INFO: Entering robot decide function
    [junit] Apr 03, 2013 1:13:14 AM practiceUno.Robot Decide
    [junit] INFO: I have 1 cards. 
    [junit] Apr 03, 2013 1:13:14 AM practiceUno.Robot Decide
    [junit] INFO: Card 0: DRTWO BLUE
    [junit] Apr 03, 2013 1:13:14 AM practiceUno.Robot Decide
    [junit] INFO: The top card was a special card. DRTWO BLUE
    [junit] Apr 03, 2013 1:13:14 AM practiceUno.Robot Decide
    [junit] INFO: In special for loop. Card DRTWO BLUE
    [junit] Apr 03, 2013 1:13:14 AM practiceUno.Robot Decide
    [junit] INFO: Done deciding
    [junit] Apr 03, 2013 1:13:14 AM practiceUno.Robot PlayAHand
    [junit] INFO: Decided 1 DRTWO BLUE
    [junit] Apr 03, 2013 1:13:14 AM practiceUno.Robot PlayAHand
    [junit] INFO: Trying to play a card DRTWO BLUE DRTWO BLUE
    [junit] Apr 03, 2013 1:13:14 AM practiceUno.Robot FindCard
    [junit] INFO: looking at you card : DRTWO BLUE
    [junit] Apr 03, 2013 1:13:14 AM practiceUno.Robot FindCard
    [junit] INFO: Is at 0
    [junit] Apr 03, 2013 1:13:14 AM practiceUno.Robot PlayAHand
    [junit] INFO: End turn
    [junit] Apr 03, 2013 1:13:14 AM practiceUno.WildCard Wild
    [junit] INFO: Call for wild called
    [junit] Apr 03, 2013 1:13:14 AM practiceUno.Robot PlayAHand
    [junit] INFO: Trying to decide
    [junit] Apr 03, 2013 1:13:14 AM practiceUno.Robot Decide
    [junit] INFO: Entering robot decide function
    [junit] Apr 03, 2013 1:13:14 AM practiceUno.Robot Decide
    [junit] INFO: I have 2 cards. 
    [junit] Apr 03, 2013 1:13:14 AM practiceUno.Robot Decide
    [junit] INFO: Card 0: 5 BLUE
    [junit] Apr 03, 2013 1:13:14 AM practiceUno.Robot Decide
    [junit] INFO: Card 1: DRTWO RED
    [junit] Apr 03, 2013 1:13:14 AM practiceUno.Robot Decide
    [junit] INFO: The top card was a wild card WILD RED
    [junit] Apr 03, 2013 1:13:14 AM practiceUno.Robot Decide
    [junit] INFO: Inside the wild loop 5 BLUE
    [junit] Apr 03, 2013 1:13:14 AM practiceUno.Robot Decide
    [junit] INFO: Inside the wild loop DRTWO RED
    [junit] Apr 03, 2013 1:13:14 AM practiceUno.Robot Decide
    [junit] INFO: Done deciding
    [junit] Apr 03, 2013 1:13:14 AM practiceUno.Robot PlayAHand
    [junit] INFO: Decided 1 DRTWO RED
    [junit] Apr 03, 2013 1:13:14 AM practiceUno.Robot PlayAHand
    [junit] INFO: Trying to play a card DRTWO RED WILD RED
    [junit] Apr 03, 2013 1:13:14 AM practiceUno.Robot FindCard
    [junit] INFO: looking at you card : DRTWO RED
    [junit] Apr 03, 2013 1:13:14 AM practiceUno.Robot FindCard
    [junit] INFO: Is at 1
    [junit] Apr 03, 2013 1:13:14 AM practiceUno.Robot PlayAHand
    [junit] INFO: End turn
    [junit] Apr 03, 2013 1:13:14 AM practiceUno.Robot PlayAHand
    [junit] INFO: Trying to decide
    [junit] Apr 03, 2013 1:13:14 AM practiceUno.Robot Decide
    [junit] INFO: Entering robot decide function
    [junit] Apr 03, 2013 1:13:14 AM practiceUno.Robot Decide
    [junit] INFO: I have 2 cards. 
    [junit] Apr 03, 2013 1:13:14 AM practiceUno.Robot Decide
    [junit] INFO: Card 0: 5 BLUE
    [junit] Apr 03, 2013 1:13:14 AM practiceUno.Robot Decide
    [junit] INFO: Card 1: DRTWO RED
    [junit] Apr 03, 2013 1:13:14 AM practiceUno.Robot Decide
    [junit] INFO: The top card was a number 5 BLUE
    [junit] Apr 03, 2013 1:13:14 AM practiceUno.Robot Decide
    [junit] INFO: Done deciding
    [junit] Apr 03, 2013 1:13:14 AM practiceUno.Robot PlayAHand
    [junit] INFO: Decided 1 5 BLUE
    [junit] Apr 03, 2013 1:13:14 AM practiceUno.Robot PlayAHand
    [junit] INFO: Trying to play a card 5 BLUE 5 BLUE
    [junit] Apr 03, 2013 1:13:14 AM practiceUno.Robot FindCard
    [junit] INFO: looking at you card : 5 BLUE
    [junit] Apr 03, 2013 1:13:14 AM practiceUno.Robot FindCard
    [junit] INFO: Is at 0
    [junit] Apr 03, 2013 1:13:14 AM practiceUno.Robot PlayAHand
    [junit] INFO: End turn
    [junit] Apr 03, 2013 1:13:14 AM practiceUno.Robot FindCard
    [junit] INFO: looking at you card : 5 BLUE
    [junit] Apr 03, 2013 1:13:14 AM practiceUno.Robot FindCard
    [junit] INFO: Is at -1
    [junit] Apr 03, 2013 1:13:14 AM practiceUno.Robot PlayAHand
    [junit] INFO: Trying to decide
    [junit] Apr 03, 2013 1:13:14 AM practiceUno.Robot Decide
    [junit] INFO: Entering robot decide function
    [junit] Apr 03, 2013 1:13:14 AM practiceUno.Robot Decide
    [junit] INFO: I have 7 cards. 
    [junit] Apr 03, 2013 1:13:14 AM practiceUno.Robot Decide
    [junit] INFO: Card 0: DRTWO YELLOW
    [junit] Apr 03, 2013 1:13:14 AM practiceUno.Robot Decide
    [junit] INFO: Card 1: 1 RED
    [junit] Apr 03, 2013 1:13:14 AM practiceUno.Robot Decide
    [junit] INFO: Card 2: 9 RED
    [junit] Apr 03, 2013 1:13:14 AM practiceUno.Robot Decide
    [junit] INFO: Card 3: 3 YELLOW
    [junit] Apr 03, 2013 1:13:14 AM practiceUno.Robot Decide
    [junit] INFO: Card 4: 1 GREEN
    [junit] Apr 03, 2013 1:13:14 AM practiceUno.Robot Decide
    [junit] INFO: Card 5: DRTWO BLUE
    [junit] Apr 03, 2013 1:13:14 AM practiceUno.Robot Decide
    [junit] INFO: Card 6: REVERSE RED
    [junit] Apr 03, 2013 1:13:14 AM practiceUno.Robot Decide
    [junit] INFO: The top card was a number 6 RED
    [junit] Apr 03, 2013 1:13:14 AM practiceUno.Robot Decide
    [junit] INFO: Done deciding
    [junit] Apr 03, 2013 1:13:14 AM practiceUno.Robot PlayAHand
    [junit] INFO: Decided 1 1 RED
    [junit] Apr 03, 2013 1:13:14 AM practiceUno.Robot PlayAHand
    [junit] INFO: Trying to play a card 1 RED 6 RED
    [junit] Apr 03, 2013 1:13:14 AM practiceUno.Robot FindCard
    [junit] INFO: looking at you card : 1 RED
    [junit] Apr 03, 2013 1:13:14 AM practiceUno.Robot FindCard
    [junit] INFO: Is at 1
    [junit] Apr 03, 2013 1:13:14 AM practiceUno.Robot PlayAHand
    [junit] Top card is SKIP RED
    [junit] Top card is DRTWO RED
    [junit] Top card is DRTWO BLUE
    [junit] UNO!
    [junit] Top card is DRTWO BLUE
    [junit] I'm all out of cards!
    [junit] Adding: WILD
    [junit] Adding: 5 BLUE
    [junit] Adding: 6 RED
    [junit] Tests run: 7, Failures: 0, Errors: 0, Time elapsed: 0.636 sec
    [junit] 
    [junit] ------------- Standard Output ---------------
    [junit] Adding: REVERSE GREEN
    [junit] Showing hand...
    [junit] Adding: REVERSE BLUE
    [junit] Top card is 5 BLUE
    [junit] Top card is 5 GREEN
    [junit] Top card is 5 YELLOW
    [junit] Top card is 5 RED
    [junit] Top card is SKIP RED
    [junit] Top card is WILDDRFOUR YELLOW
    [junit] Top card is WILD YELLOW
    [junit] Top card is WILDDRFOUR YELLOW
    [junit] Top card is DRTWO YELLOW
    [junit] Top card is DRTWO BLUE
    [junit] Top card is WILD YELLOW
    [junit] Top card is WILD YELLOW
    [junit] Top card is WILD YELLOW
    [junit] Top card is WILDDRFOUR YELLOW
    [junit] Top card is DRTWO YELLOW
    [junit] Top card is DRTWO GREEN
    [junit] Top card is REVERSE GREEN
    [junit] Top card is DRTWO GREEN
    [junit] Top card is DRTWO RED
    [junit] UNO!
    [junit] Top card is WILDDRFOUR YELLOW
    [junit] Top card is SKIP YELLOW
    [junit] Top card is SKIP YELLOW
    [junit] Top card is SKIP GREEN
    [junit] Top card is SKIP GREEN
    [junit] Top card is SKIP RED
    [junit] Top card is DRTWO RED
    [junit] Top card is DRTWO BLUE
    [junit] UNO!
    [junit] Top card is DRTWO BLUE
    [junit] I'm all out of cards!
    [junit] Adding: WILD
    [junit] Adding: 5 BLUE
    [junit] Adding: 6 RED
    [junit] ------------- ---------------- ---------------
    [junit] ------------- Standard Error -----------------
    [junit] Apr 03, 2013 1:13:13 AM practiceUno.Robot PlayAHand
    [junit] INFO: Trying to decide
    [junit] Apr 03, 2013 1:13:13 AM practiceUno.Robot Decide
    [junit] INFO: Entering robot decide function
    [junit] Apr 03, 2013 1:13:13 AM practiceUno.Robot Decide
    [junit] INFO: I have 2 cards. 
    [junit] Apr 03, 2013 1:13:13 AM practiceUno.Robot Decide
    [junit] INFO: Card 0: 5 BLUE
    [junit] Apr 03, 2013 1:13:13 AM practiceUno.Robot Decide
    [junit] INFO: Card 1: DRTWO RED
    [junit] Apr 03, 2013 1:13:13 AM practiceUno.Robot Decide
    [junit] INFO: The top card was a special card. REVERSE GREEN
    [junit] Apr 03, 2013 1:13:13 AM practiceUno.Robot Decide
    [junit] INFO: In special for loop. Card 5 BLUE
    [junit] Apr 03, 2013 1:13:13 AM practiceUno.Robot Decide
    [junit] INFO: No special match
    [junit] Apr 03, 2013 1:13:13 AM practiceUno.Robot Decide
    [junit] INFO: In special for loop. Card DRTWO RED
    [junit] Apr 03, 2013 1:13:13 AM practiceUno.Robot PlayAWild
    [junit] INFO: Seeing if I have any wild cards in my hand
    [junit] Apr 03, 2013 1:13:13 AM practiceUno.Robot Decide
    [junit] INFO: Done deciding
    [junit] Apr 03, 2013 1:13:13 AM practiceUno.Robot PlayAHand
    [junit] INFO: decided 2
    [junit] Apr 03, 2013 1:13:13 AM practiceUno.Robot PlayAHand
    [junit] INFO: Need to draw a card
    [junit] Apr 03, 2013 1:13:13 AM practiceUno.Robot Decide
    [junit] INFO: Entering robot decide function
    [junit] Apr 03, 2013 1:13:13 AM practiceUno.Robot Decide
    [junit] INFO: I have 3 cards. 
    [junit] Apr 03, 2013 1:13:13 AM practiceUno.Robot Decide
    [junit] INFO: Card 0: 5 BLUE
    [junit] Apr 03, 2013 1:13:13 AM practiceUno.Robot Decide
    [junit] INFO: Card 1: DRTWO RED
    [junit] Apr 03, 2013 1:13:13 AM practiceUno.Robot Decide
    [junit] INFO: Card 2: WILDDRFOUR
    [junit] Apr 03, 2013 1:13:13 AM practiceUno.Robot Decide
    [junit] INFO: The top card was a special card. REVERSE GREEN
    [junit] Apr 03, 2013 1:13:13 AM practiceUno.Robot Decide
    [junit] INFO: In special for loop. Card 5 BLUE
    [junit] Apr 03, 2013 1:13:13 AM practiceUno.Robot Decide
    [junit] INFO: No special match
    [junit] Apr 03, 2013 1:13:13 AM practiceUno.Robot Decide
    [junit] INFO: In special for loop. Card DRTWO RED
    [junit] Apr 03, 2013 1:13:13 AM practiceUno.Robot Decide
    [junit] INFO: In special for loop. Card WILDDRFOUR
    [junit] Apr 03, 2013 1:13:13 AM practiceUno.Robot Decide
    [junit] INFO: No special match
    [junit] Apr 03, 2013 1:13:13 AM practiceUno.Robot PlayAWild
    [junit] INFO: Seeing if I have any wild cards in my hand
    [junit] Apr 03, 2013 1:13:13 AM practiceUno.Robot Decide
    [junit] INFO: Done deciding
    [junit] Apr 03, 2013 1:13:13 AM practiceUno.Robot PlayAHand
    [junit] INFO: Trying to play a card WILDDRFOUR REVERSE GREEN
    [junit] Apr 03, 2013 1:13:13 AM practiceUno.Robot PlayAHand
    [junit] INFO: Time for a wild card. Choosing yellow
    [junit] Apr 03, 2013 1:13:13 AM practiceUno.Robot PlayAHand
    [junit] INFO: Choose yellow
    [junit] Apr 03, 2013 1:13:13 AM practiceUno.WildCard Wild
    [junit] INFO: Call for wild called
    [junit] Apr 03, 2013 1:13:13 AM practiceUno.Robot PlayAHand
    [junit] INFO: Add to deck
    [junit] Apr 03, 2013 1:13:13 AM practiceUno.Robot FindCard
    [junit] INFO: looking at you card : WILDDRFOUR YELLOW
    [junit] Apr 03, 2013 1:13:13 AM practiceUno.Robot FindCard
    [junit] INFO: Is at 2
    [junit] Apr 03, 2013 1:13:13 AM practiceUno.Robot PlayAHand
    [junit] INFO: removed
    [junit] Apr 03, 2013 1:13:13 AM practiceUno.Robot PlayAHand
    [junit] INFO: End turn
    [junit] Apr 03, 2013 1:13:13 AM practiceUno.Deck SetUpDiscard
    [junit] INFO: Setting up discard.
    [junit] Apr 03, 2013 1:13:13 AM practiceUno.WildCard Wild
    [junit] INFO: Call for wild called
    [junit] Apr 03, 2013 1:13:13 AM practiceUno.Deck SetUpDiscard
    [junit] INFO: Deck shows: WILDDRFOUR RED
    [junit] Apr 03, 2013 1:13:13 AM practiceUno.Robot PlayAHand
    [junit] INFO: Trying to decide
    [junit] INFO: End turn
    [junit] Apr 03, 2013 1:13:13 AM practiceUno.Robot Decide
    [junit] INFO: Entering robot decide function
    [junit] Apr 03, 2013 1:13:13 AM practiceUno.Robot Decide
    [junit] INFO: I have 7 cards. 
    [junit] Apr 03, 2013 1:13:13 AM practiceUno.Robot Decide
    [junit] INFO: Card 0: WILDDRFOUR RED
    [junit] Apr 03, 2013 1:13:13 AM practiceUno.Robot Decide
    [junit] INFO: Card 1: WILDDRFOUR RED
    [junit] Apr 03, 2013 1:13:13 AM practiceUno.Robot Decide
    [junit] INFO: Card 2: WILDDRFOUR RED
    [junit] Apr 03, 2013 1:13:13 AM practiceUno.Robot Decide
    [junit] INFO: Card 3: WILD
    [junit] Apr 03, 2013 1:13:13 AM practiceUno.Robot Decide
    [junit] INFO: Card 4: WILD
    [junit] Apr 03, 2013 1:13:13 AM practiceUno.Robot Decide
    [junit] INFO: Card 5: WILD
    [junit] Apr 03, 2013 1:13:13 AM practiceUno.Robot Decide
    [junit] INFO: Card 6: WILD
    [junit] Apr 03, 2013 1:13:13 AM practiceUno.Robot Decide
    [junit] INFO: The top card was a wild card WILDDRFOUR RED
    [junit] Apr 03, 2013 1:13:13 AM practiceUno.Robot Decide
    [junit] INFO: Inside the wild loop WILDDRFOUR RED
    [junit] Apr 03, 2013 1:13:13 AM practiceUno.Robot Decide
    [junit] INFO: Inside the wild loop WILDDRFOUR RED
    [junit] Apr 03, 2013 1:13:13 AM practiceUno.Robot Decide
    [junit] INFO: Inside the wild loop WILDDRFOUR RED
    [junit] Apr 03, 2013 1:13:13 AM practiceUno.Robot Decide
    [junit] INFO: Inside the wild loop WILD
    [junit] Apr 03, 2013 1:13:13 AM practiceUno.Robot Decide
    [junit] INFO: Inside the wild loop WILD
    [junit] Apr 03, 2013 1:13:13 AM practiceUno.Robot Decide
    [junit] INFO: Inside the wild loop WILD
    [junit] Apr 03, 2013 1:13:13 AM practiceUno.Robot Decide
    [junit] INFO: Inside the wild loop WILD
    [junit] Apr 03, 2013 1:13:13 AM practiceUno.Robot PlayAWild
    [junit] INFO: Seeing if I have any wild cards in my hand
    [junit] Apr 03, 2013 1:13:13 AM practiceUno.Robot Decide
    [junit] INFO: Done deciding
    [junit] Apr 03, 2013 1:13:13 AM practiceUno.Robot PlayAHand
    [junit] INFO: Decided 1 WILD
    [junit] Apr 03, 2013 1:13:13 AM practiceUno.Robot PlayAHand
    [junit] INFO: Trying to play a card WILD WILDDRFOUR RED
    [junit] Apr 03, 2013 1:13:13 AM practiceUno.Robot PlayAHand
    [junit] INFO: Time for a wild card. Choosing yellow
    [junit] Apr 03, 2013 1:13:13 AM practiceUno.Robot PlayAHand
    [junit] INFO: Choose yellow
    [junit] Apr 03, 2013 1:13:13 AM practiceUno.WildCard Wild
    [junit] INFO: Call for wild called
    [junit] Apr 03, 2013 1:13:13 AM practiceUno.Robot PlayAHand
    [junit] INFO: Add to deck
    [junit] Apr 03, 2013 1:13:13 AM practiceUno.Robot FindCard
    [junit] INFO: looking at you card : WILD YELLOW
    [junit] Apr 03, 2013 1:13:13 AM practiceUno.Robot FindCard
    [junit] INFO: Is at 3
    [junit] Apr 03, 2013 1:13:13 AM practiceUno.Robot PlayAHand
    [junit] INFO: removed
    [junit] Apr 03, 2013 1:13:13 AM practiceUno.Robot PlayAHand
    [junit] INFO: End turn
    [junit] Apr 03, 2013 1:13:13 AM practiceUno.Robot PlayAHand
    [junit] INFO: Trying to decide
    [junit] Apr 03, 2013 1:13:13 AM practiceUno.Robot Decide
    [junit] INFO: Entering robot decide function
    [junit] Apr 03, 2013 1:13:13 AM practiceUno.Robot Decide
    [junit] INFO: I have 7 cards. 
    [junit] Apr 03, 2013 1:13:13 AM practiceUno.Robot Decide
    [junit] INFO: Card 0: 5 BLUE
    [junit] Apr 03, 2013 1:13:13 AM practiceUno.Robot Decide
    [junit] INFO: Card 1: 5 GREEN
    [junit] Apr 03, 2013 1:13:13 AM practiceUno.Robot Decide
    [junit] INFO: Card 2: 5 YELLOW
    [junit] Apr 03, 2013 1:13:13 AM practiceUno.Robot Decide
    [junit] INFO: Card 3: 5 RED
    [junit] Apr 03, 2013 1:13:13 AM practiceUno.Robot Decide
    [junit] INFO: Card 4: DRTWO BLUE
    [junit] Apr 03, 2013 1:13:13 AM practiceUno.Robot Decide
    [junit] INFO: Card 5: SKIP RED
    [junit] Apr 03, 2013 1:13:13 AM practiceUno.Robot Decide
    [junit] INFO: Card 6: REVERSE GREEN
    [junit] Apr 03, 2013 1:13:13 AM practiceUno.Robot Decide
    [junit] INFO: The top card was a special card. REVERSE BLUE
    [junit] Apr 03, 2013 1:13:13 AM practiceUno.Robot Decide
    [junit] INFO: In special for loop. Card 5 BLUE
    [junit] Apr 03, 2013 1:13:13 AM practiceUno.Robot Decide
    [junit] INFO: Done deciding
    [junit] Apr 03, 2013 1:13:13 AM practiceUno.Robot PlayAHand
    [junit] INFO: Decided 1 5 BLUE
    [junit] Apr 03, 2013 1:13:13 AM practiceUno.Robot PlayAHand
    [junit] INFO: Trying to play a card 5 BLUE REVERSE BLUE
    [junit] Apr 03, 2013 1:13:13 AM practiceUno.Robot FindCard
    [junit] INFO: looking at you card : 5 BLUE
    [junit] Apr 03, 2013 1:13:13 AM practiceUno.Robot FindCard
    [junit] INFO: Is at 0
    [junit] Apr 03, 2013 1:13:14 AM practiceUno.Robot PlayAHand
    [junit] INFO: End turn
    [junit] Apr 03, 2013 1:13:14 AM practiceUno.Robot PlayAHand
    [junit] INFO: Trying to decide
    [junit] Apr 03, 2013 1:13:14 AM practiceUno.Robot Decide
    [junit] INFO: Entering robot decide function
    [junit] Apr 03, 2013 1:13:14 AM practiceUno.Robot Decide
    [junit] INFO: I have 6 cards. 
    [junit] Apr 03, 2013 1:13:14 AM practiceUno.Robot Decide
    [junit] INFO: Card 0: 5 GREEN
    [junit] Apr 03, 2013 1:13:14 AM practiceUno.Robot Decide
    [junit] INFO: Card 1: 5 YELLOW
    [junit] Apr 03, 2013 1:13:14 AM practiceUno.Robot Decide
    [junit] INFO: Card 2: 5 RED
    [junit] Apr 03, 2013 1:13:14 AM practiceUno.Robot Decide
    [junit] INFO: Card 3: DRTWO BLUE
    [junit] Apr 03, 2013 1:13:14 AM practiceUno.Robot Decide
    [junit] INFO: Card 4: SKIP RED
    [junit] Apr 03, 2013 1:13:14 AM practiceUno.Robot Decide
    [junit] INFO: Card 5: REVERSE GREEN
    [junit] Apr 03, 2013 1:13:14 AM practiceUno.Robot Decide
    [junit] INFO: The top card was a number 5 BLUE
    [junit] Apr 03, 2013 1:13:14 AM practiceUno.Robot Decide
    [junit] INFO: Done deciding
    [junit] Apr 03, 2013 1:13:14 AM practiceUno.Robot PlayAHand
    [junit] INFO: Decided 1 5 GREEN
    [junit] Apr 03, 2013 1:13:14 AM practiceUno.Robot PlayAHand
    [junit] INFO: Trying to play a card 5 GREEN 5 BLUE
    [junit] Apr 03, 2013 1:13:14 AM practiceUno.Robot FindCard
    [junit] INFO: looking at you card : 5 GREEN
    [junit] Apr 03, 2013 1:13:14 AM practiceUno.Robot FindCard
    [junit] INFO: Is at 0
    [junit] Apr 03, 2013 1:13:14 AM practiceUno.Robot PlayAHand
    [junit] INFO: End turn
    [junit] Apr 03, 2013 1:13:14 AM practiceUno.Robot PlayAHand
    [junit] INFO: Trying to decide
    [junit] Apr 03, 2013 1:13:14 AM practiceUno.Robot Decide
    [junit] INFO: Entering robot decide function
    [junit] Apr 03, 2013 1:13:14 AM practiceUno.Robot Decide
    [junit] INFO: I have 5 cards. 
    [junit] Apr 03, 2013 1:13:14 AM practiceUno.Robot Decide
    [junit] INFO: Card 0: 5 YELLOW
    [junit] Apr 03, 2013 1:13:14 AM practiceUno.Robot Decide
    [junit] INFO: Card 1: 5 RED
    [junit] Apr 03, 2013 1:13:14 AM practiceUno.Robot Decide
    [junit] INFO: Card 2: DRTWO BLUE
    [junit] Apr 03, 2013 1:13:14 AM practiceUno.Robot Decide
    [junit] INFO: Card 3: SKIP RED
    [junit] Apr 03, 2013 1:13:14 AM practiceUno.Robot Decide
    [junit] INFO: Card 4: REVERSE GREEN
    [junit] Apr 03, 2013 1:13:14 AM practiceUno.Robot Decide
    [junit] INFO: The top card was a number 5 GREEN
    [junit] Apr 03, 2013 1:13:14 AM practiceUno.Robot Decide
    [junit] INFO: Done deciding
    [junit] Apr 03, 2013 1:13:14 AM practiceUno.Robot PlayAHand
    [junit] INFO: Decided 1 5 YELLOW
    [junit] Apr 03, 2013 1:13:14 AM practiceUno.Robot PlayAHand
    [junit] INFO: Trying to play a card 5 YELLOW 5 GREEN
    [junit] Apr 03, 2013 1:13:14 AM practiceUno.Robot FindCard
    [junit] INFO: looking at you card : 5 YELLOW
    [junit] Apr 03, 2013 1:13:14 AM practiceUno.Robot FindCard
    [junit] INFO: Is at 0
    [junit] Apr 03, 2013 1:13:14 AM practiceUno.Robot PlayAHand
    [junit] INFO: End turn
    [junit] Apr 03, 2013 1:13:14 AM practiceUno.Robot PlayAHand
    [junit] INFO: Trying to decide
    [junit] Apr 03, 2013 1:13:14 AM practiceUno.Robot Decide
    [junit] INFO: Entering robot decide function
    [junit] Apr 03, 2013 1:13:14 AM practiceUno.Robot Decide
    [junit] INFO: I have 4 cards. 
    [junit] Apr 03, 2013 1:13:14 AM practiceUno.Robot Decide
    [junit] INFO: Card 0: 5 RED
    [junit] Apr 03, 2013 1:13:14 AM practiceUno.Robot Decide
    [junit] INFO: Card 1: DRTWO BLUE
    [junit] Apr 03, 2013 1:13:14 AM practiceUno.Robot Decide
    [junit] INFO: Card 2: SKIP RED
    [junit] Apr 03, 2013 1:13:14 AM practiceUno.Robot Decide
    [junit] INFO: Card 3: REVERSE GREEN
    [junit] Apr 03, 2013 1:13:14 AM practiceUno.Robot Decide
    [junit] INFO: The top card was a number 5 YELLOW
    [junit] Apr 03, 2013 1:13:14 AM practiceUno.Robot Decide
    [junit] INFO: Done deciding
    [junit] Apr 03, 2013 1:13:14 AM practiceUno.Robot PlayAHand
    [junit] INFO: Decided 1 5 RED
    [junit] Apr 03, 2013 1:13:14 AM practiceUno.Robot PlayAHand
    [junit] INFO: Trying to play a card 5 RED 5 YELLOW
    [junit] Apr 03, 2013 1:13:14 AM practiceUno.Robot FindCard
    [junit] INFO: looking at you card : 5 RED
    [junit] Apr 03, 2013 1:13:14 AM practiceUno.Robot FindCard
    [junit] INFO: Is at 0
    [junit] Apr 03, 2013 1:13:14 AM practiceUno.Robot PlayAHand
    [junit] INFO: End turn
    [junit] Apr 03, 2013 1:13:14 AM practiceUno.Robot PlayAHand
    [junit] INFO: Trying to decide
    [junit] Apr 03, 2013 1:13:14 AM practiceUno.Robot Decide
    [junit] INFO: Entering robot decide function
    [junit] Apr 03, 2013 1:13:14 AM practiceUno.Robot Decide
    [junit] INFO: I have 3 cards. 
    [junit] Apr 03, 2013 1:13:14 AM practiceUno.Robot Decide
    [junit] INFO: Card 0: DRTWO BLUE
    [junit] Apr 03, 2013 1:13:14 AM practiceUno.Robot Decide
    [junit] INFO: Card 1: SKIP RED
    [junit] Apr 03, 2013 1:13:14 AM practiceUno.Robot Decide
    [junit] INFO: Card 2: REVERSE GREEN
    [junit] Apr 03, 2013 1:13:14 AM practiceUno.Robot Decide
    [junit] INFO: The top card was a number 5 RED
    [junit] Apr 03, 2013 1:13:14 AM practiceUno.Robot Decide
    [junit] INFO: Done deciding
    [junit] Apr 03, 2013 1:13:14 AM practiceUno.Robot PlayAHand
    [junit] INFO: Decided 1 SKIP RED
    [junit] Apr 03, 2013 1:13:14 AM practiceUno.Robot PlayAHand
    [junit] INFO: Trying to play a card SKIP RED 5 RED
    [junit] Apr 03, 2013 1:13:14 AM practiceUno.Robot FindCard
    [junit] INFO: looking at you card : SKIP RED
    [junit] Apr 03, 2013 1:13:14 AM practiceUno.Robot FindCard
    [junit] INFO: Is at 1
    [junit] Apr 03, 2013 1:13:14 AM practiceUno.Robot PlayAHand
    [junit] INFO: End turn
    [junit] Apr 03, 2013 1:13:14 AM practiceUno.Robot PlayAHand
    [junit] INFO: Trying to decide
    [junit] Apr 03, 2013 1:13:14 AM practiceUno.Robot Decide
    [junit] INFO: Entering robot decide function
    [junit] Apr 03, 2013 1:13:14 AM practiceUno.Robot Decide
    [junit] INFO: I have 2 cards. 
    [junit] Apr 03, 2013 1:13:14 AM practiceUno.Robot Decide
    [junit] INFO: Card 0: DRTWO BLUE
    [junit] Apr 03, 2013 1:13:14 AM practiceUno.Robot Decide
    [junit] INFO: Card 1: REVERSE GREEN
    [junit] Apr 03, 2013 1:13:14 AM practiceUno.Robot Decide
    [junit] INFO: The top card was a special card. SKIP RED
    [junit] Apr 03, 2013 1:13:14 AM practiceUno.Robot Decide
    [junit] INFO: In special for loop. Card DRTWO BLUE
    [junit] Apr 03, 2013 1:13:14 AM practiceUno.Robot Decide
    [junit] INFO: In special for loop. Card REVERSE GREEN
    [junit] Apr 03, 2013 1:13:14 AM practiceUno.Robot PlayAWild
    [junit] INFO: Seeing if I have any wild cards in my hand
    [junit] Apr 03, 2013 1:13:14 AM practiceUno.Robot Decide
    [junit] INFO: Done deciding
    [junit] Apr 03, 2013 1:13:14 AM practiceUno.Robot PlayAHand
    [junit] INFO: decided 2
    [junit] Apr 03, 2013 1:13:14 AM practiceUno.Robot PlayAHand
    [junit] INFO: Need to draw a card
    [junit] Apr 03, 2013 1:13:14 AM practiceUno.Robot Decide
    [junit] INFO: Entering robot decide function
    [junit] Apr 03, 2013 1:13:14 AM practiceUno.Robot Decide
    [junit] INFO: I have 3 cards. 
    [junit] Apr 03, 2013 1:13:14 AM practiceUno.Robot Decide
    [junit] INFO: Card 0: DRTWO BLUE
    [junit] Apr 03, 2013 1:13:14 AM practiceUno.Robot Decide
    [junit] INFO: Card 1: REVERSE GREEN
    [junit] Apr 03, 2013 1:13:14 AM practiceUno.Robot Decide
    [junit] INFO: Card 2: WILDDRFOUR
    [junit] Apr 03, 2013 1:13:14 AM practiceUno.Robot Decide
    [junit] INFO: The top card was a special card. SKIP RED
    [junit] Apr 03, 2013 1:13:14 AM practiceUno.Robot Decide
    [junit] INFO: In special for loop. Card DRTWO BLUE
    [junit] Apr 03, 2013 1:13:14 AM practiceUno.Robot Decide
    [junit] INFO: In special for loop. Card REVERSE GREEN
    [junit] Apr 03, 2013 1:13:14 AM practiceUno.Robot Decide
    [junit] INFO: In special for loop. Card WILDDRFOUR
    [junit] Apr 03, 2013 1:13:14 AM practiceUno.Robot Decide
    [junit] INFO: No special match
    [junit] Apr 03, 2013 1:13:14 AM practiceUno.Robot PlayAWild
    [junit] INFO: Seeing if I have any wild cards in my hand
    [junit] Apr 03, 2013 1:13:14 AM practiceUno.Robot Decide
    [junit] INFO: Done deciding
    [junit] Apr 03, 2013 1:13:14 AM practiceUno.Robot PlayAHand
    [junit] INFO: Trying to play a card WILDDRFOUR SKIP RED
    [junit] Apr 03, 2013 1:13:14 AM practiceUno.Robot PlayAHand
    [junit] INFO: Time for a wild card. Choosing yellow
    [junit] Apr 03, 2013 1:13:14 AM practiceUno.Robot PlayAHand
    [junit] INFO: Choose yellow
    [junit] Apr 03, 2013 1:13:14 AM practiceUno.WildCard Wild
    [junit] INFO: Call for wild called
    [junit] Apr 03, 2013 1:13:14 AM practiceUno.Robot PlayAHand
    [junit] INFO: Add to deck
    [junit] Apr 03, 2013 1:13:14 AM practiceUno.Robot FindCard
    [junit] INFO: looking at you card : WILDDRFOUR YELLOW
    [junit] Apr 03, 2013 1:13:14 AM practiceUno.Robot FindCard
    [junit] INFO: Is at 2
    [junit] Apr 03, 2013 1:13:14 AM practiceUno.Robot PlayAHand
    [junit] INFO: removed
    [junit] Apr 03, 2013 1:13:14 AM practiceUno.Robot PlayAHand
    [junit] INFO: End turn
    [junit] Apr 03, 2013 1:13:14 AM practiceUno.Robot PlayAHand
    [junit] INFO: Trying to decide
    [junit] Apr 03, 2013 1:13:14 AM practiceUno.Robot Decide
    [junit] INFO: Entering robot decide function
    [junit] Apr 03, 2013 1:13:14 AM practiceUno.Robot Decide
    [junit] INFO: I have 6 cards. 
    [junit] Apr 03, 2013 1:13:14 AM practiceUno.Robot Decide
    [junit] INFO: Card 0: DRTWO BLUE
    [junit] Apr 03, 2013 1:13:14 AM practiceUno.Robot Decide
    [junit] INFO: Card 1: REVERSE GREEN
    [junit] Apr 03, 2013 1:13:14 AM practiceUno.Robot Decide
    [junit] INFO: Card 2: WILDDRFOUR YELLOW
    [junit] Apr 03, 2013 1:13:14 AM practiceUno.Robot Decide
    [junit] INFO: Card 3: WILDDRFOUR YELLOW
    [junit] Apr 03, 2013 1:13:14 AM practiceUno.Robot Decide
    [junit] INFO: Card 4: WILDDRFOUR YELLOW
    [junit] Apr 03, 2013 1:13:14 AM practiceUno.Robot Decide
    [junit] INFO: Card 5: WILD
    [junit] Apr 03, 2013 1:13:14 AM practiceUno.Robot Decide
    [junit] INFO: The top card was a wild card WILDDRFOUR YELLOW
    [junit] Apr 03, 2013 1:13:14 AM practiceUno.Robot Decide
    [junit] INFO: Inside the wild loop DRTWO BLUE
    [junit] Apr 03, 2013 1:13:14 AM practiceUno.Robot Decide
    [junit] INFO: Inside the wild loop REVERSE GREEN
    [junit] Apr 03, 2013 1:13:14 AM practiceUno.Robot Decide
    [junit] INFO: Inside the wild loop WILDDRFOUR YELLOW
    [junit] Apr 03, 2013 1:13:14 AM practiceUno.Robot Decide
    [junit] INFO: Inside the wild loop WILDDRFOUR YELLOW
    [junit] Apr 03, 2013 1:13:14 AM practiceUno.Robot Decide
    [junit] INFO: Inside the wild loop WILDDRFOUR YELLOW
    [junit] Apr 03, 2013 1:13:14 AM practiceUno.Robot Decide
    [junit] INFO: Inside the wild loop WILD
    [junit] Apr 03, 2013 1:13:14 AM practiceUno.Robot PlayAWild
    [junit] INFO: Seeing if I have any wild cards in my hand
    [junit] Apr 03, 2013 1:13:14 AM practiceUno.Robot Decide
    [junit] INFO: Done deciding
    [junit] Apr 03, 2013 1:13:14 AM practiceUno.Robot PlayAHand
    [junit] INFO: Decided 1 WILD
    [junit] Apr 03, 2013 1:13:14 AM practiceUno.Robot PlayAHand
    [junit] INFO: Trying to play a card WILD WILDDRFOUR YELLOW
    [junit] Apr 03, 2013 1:13:14 AM practiceUno.Robot PlayAHand
    [junit] INFO: Time for a wild card. Choosing yellow
    [junit] Apr 03, 2013 1:13:14 AM practiceUno.Robot PlayAHand
    [junit] INFO: Choose yellow
    [junit] Apr 03, 2013 1:13:14 AM practiceUno.WildCard Wild
    [junit] INFO: Call for wild called
    [junit] Apr 03, 2013 1:13:14 AM practiceUno.Robot PlayAHand
    [junit] INFO: Add to deck
    [junit] Apr 03, 2013 1:13:14 AM practiceUno.Robot FindCard
    [junit] INFO: looking at you card : WILD YELLOW
    [junit] Apr 03, 2013 1:13:14 AM practiceUno.Robot FindCard
    [junit] INFO: Is at 5
    [junit] Apr 03, 2013 1:13:14 AM practiceUno.Robot PlayAHand
    [junit] INFO: removed
    [junit] Apr 03, 2013 1:13:14 AM practiceUno.Robot PlayAHand
    [junit] INFO: End turn
    [junit] Apr 03, 2013 1:13:14 AM practiceUno.Robot PlayAHand
    [junit] INFO: Trying to decide
    [junit] Apr 03, 2013 1:13:14 AM practiceUno.Robot Decide
    [junit] INFO: Entering robot decide function
    [junit] Apr 03, 2013 1:13:14 AM practiceUno.Robot Decide
    [junit] INFO: I have 5 cards. 
    [junit] Apr 03, 2013 1:13:14 AM practiceUno.Robot Decide
    [junit] INFO: Card 0: DRTWO BLUE
    [junit] Apr 03, 2013 1:13:14 AM practiceUno.Robot Decide
    [junit] INFO: Card 1: REVERSE GREEN
    [junit] Apr 03, 2013 1:13:14 AM practiceUno.Robot Decide
    [junit] INFO: Card 2: WILDDRFOUR YELLOW
    [junit] Apr 03, 2013 1:13:14 AM practiceUno.Robot Decide
    [junit] INFO: Card 3: WILDDRFOUR YELLOW
    [junit] Apr 03, 2013 1:13:14 AM practiceUno.Robot Decide
    [junit] INFO: Card 4: WILDDRFOUR YELLOW
    [junit] Apr 03, 2013 1:13:14 AM practiceUno.Robot Decide
    [junit] INFO: The top card was a wild card WILD YELLOW
    [junit] Apr 03, 2013 1:13:14 AM practiceUno.Robot Decide
    [junit] INFO: Inside the wild loop DRTWO BLUE
    [junit] Apr 03, 2013 1:13:14 AM practiceUno.Robot Decide
    [junit] INFO: Inside the wild loop REVERSE GREEN
    [junit] Apr 03, 2013 1:13:14 AM practiceUno.Robot Decide
    [junit] INFO: Inside the wild loop WILDDRFOUR YELLOW
    [junit] Apr 03, 2013 1:13:14 AM practiceUno.Robot Decide
    [junit] INFO: Inside the wild loop WILDDRFOUR YELLOW
    [junit] Apr 03, 2013 1:13:14 AM practiceUno.Robot Decide
    [junit] INFO: Inside the wild loop WILDDRFOUR YELLOW
    [junit] Apr 03, 2013 1:13:14 AM practiceUno.Robot PlayAWild
    [junit] INFO: Seeing if I have any wild cards in my hand
    [junit] Apr 03, 2013 1:13:14 AM practiceUno.Robot Decide
    [junit] INFO: Done deciding
    [junit] Apr 03, 2013 1:13:14 AM practiceUno.Robot PlayAHand
    [junit] INFO: Decided 1 WILDDRFOUR YELLOW
    [junit] Apr 03, 2013 1:13:14 AM practiceUno.Robot PlayAHand
    [junit] INFO: Trying to play a card WILDDRFOUR YELLOW WILD YELLOW
    [junit] Apr 03, 2013 1:13:14 AM practiceUno.Robot PlayAHand
    [junit] INFO: Time for a wild card. Choosing yellow
    [junit] Apr 03, 2013 1:13:14 AM practiceUno.Robot PlayAHand
    [junit] INFO: Choose yellow
    [junit] Apr 03, 2013 1:13:14 AM practiceUno.WildCard Wild
    [junit] INFO: Call for wild called
    [junit] Apr 03, 2013 1:13:14 AM practiceUno.Robot PlayAHand
    [junit] INFO: Add to deck
    [junit] Apr 03, 2013 1:13:14 AM practiceUno.Robot FindCard
    [junit] INFO: looking at you card : WILDDRFOUR YELLOW
    [junit] Apr 03, 2013 1:13:14 AM practiceUno.Robot FindCard
    [junit] INFO: Is at 2
    [junit] Apr 03, 2013 1:13:14 AM practiceUno.Robot PlayAHand
    [junit] INFO: removed
    [junit] Apr 03, 2013 1:13:14 AM practiceUno.Robot PlayAHand
    [junit] INFO: End turn
    [junit] Apr 03, 2013 1:13:14 AM practiceUno.Robot PlayAHand
    [junit] INFO: Trying to decide
    [junit] Apr 03, 2013 1:13:14 AM practiceUno.Robot Decide
    [junit] INFO: Entering robot decide function
    [junit] Apr 03, 2013 1:13:14 AM practiceUno.Robot Decide
    [junit] INFO: I have 8 cards. 
    [junit] Apr 03, 2013 1:13:14 AM practiceUno.Robot Decide
    [junit] INFO: Card 0: DRTWO BLUE
    [junit] Apr 03, 2013 1:13:14 AM practiceUno.Robot Decide
    [junit] INFO: Card 1: REVERSE GREEN
    [junit] Apr 03, 2013 1:13:14 AM practiceUno.Robot Decide
    [junit] INFO: Card 2: WILDDRFOUR YELLOW
    [junit] Apr 03, 2013 1:13:14 AM practiceUno.Robot Decide
    [junit] INFO: Card 3: WILDDRFOUR YELLOW
    [junit] Apr 03, 2013 1:13:14 AM practiceUno.Robot Decide
    [junit] INFO: Card 4: WILD YELLOW
    [junit] Apr 03, 2013 1:13:14 AM practiceUno.Robot Decide
    [junit] INFO: Card 5: WILD YELLOW
    [junit] Apr 03, 2013 1:13:14 AM practiceUno.Robot Decide
    [junit] INFO: Card 6: WILD YELLOW
    [junit] Apr 03, 2013 1:13:14 AM practiceUno.Robot Decide
    [junit] INFO: Card 7: DRTWO YELLOW
    [junit] Apr 03, 2013 1:13:14 AM practiceUno.Robot Decide
    [junit] INFO: The top card was a wild card WILDDRFOUR YELLOW
    [junit] Apr 03, 2013 1:13:14 AM practiceUno.Robot Decide
    [junit] INFO: Inside the wild loop DRTWO BLUE
    [junit] Apr 03, 2013 1:13:14 AM practiceUno.Robot Decide
    [junit] INFO: Inside the wild loop REVERSE GREEN
    [junit] Apr 03, 2013 1:13:14 AM practiceUno.Robot Decide
    [junit] INFO: Inside the wild loop WILDDRFOUR YELLOW
    [junit] Apr 03, 2013 1:13:14 AM practiceUno.Robot Decide
    [junit] INFO: Inside the wild loop WILDDRFOUR YELLOW
    [junit] Apr 03, 2013 1:13:14 AM practiceUno.Robot Decide
    [junit] INFO: Inside the wild loop WILD YELLOW
    [junit] Apr 03, 2013 1:13:14 AM practiceUno.Robot Decide
    [junit] INFO: Inside the wild loop WILD YELLOW
    [junit] Apr 03, 2013 1:13:14 AM practiceUno.Robot Decide
    [junit] INFO: Inside the wild loop WILD YELLOW
    [junit] Apr 03, 2013 1:13:14 AM practiceUno.Robot Decide
    [junit] INFO: Inside the wild loop DRTWO YELLOW
    [junit] Apr 03, 2013 1:13:14 AM practiceUno.Robot Decide
    [junit] INFO: Done deciding
    [junit] Apr 03, 2013 1:13:14 AM practiceUno.Robot PlayAHand
    [junit] INFO: Decided 1 DRTWO YELLOW
    [junit] Apr 03, 2013 1:13:14 AM practiceUno.Robot PlayAHand
    [junit] INFO: Trying to play a card DRTWO YELLOW WILDDRFOUR YELLOW
    [junit] Apr 03, 2013 1:13:14 AM practiceUno.Robot FindCard
    [junit] INFO: looking at you card : DRTWO YELLOW
    [junit] Apr 03, 2013 1:13:14 AM practiceUno.Robot FindCard
    [junit] INFO: Is at 7
    [junit] Apr 03, 2013 1:13:14 AM practiceUno.Robot PlayAHand
    [junit] INFO: End turn
    [junit] Apr 03, 2013 1:13:14 AM practiceUno.Robot PlayAHand
    [junit] INFO: Trying to decide
    [junit] Apr 03, 2013 1:13:14 AM practiceUno.Robot Decide
    [junit] INFO: Entering robot decide function
    [junit] Apr 03, 2013 1:13:14 AM practiceUno.Robot Decide
    [junit] INFO: I have 7 cards. 
    [junit] Apr 03, 2013 1:13:14 AM practiceUno.Robot Decide
    [junit] INFO: Card 0: DRTWO BLUE
    [junit] Apr 03, 2013 1:13:14 AM practiceUno.Robot Decide
    [junit] INFO: Card 1: REVERSE GREEN
    [junit] Apr 03, 2013 1:13:14 AM practiceUno.Robot Decide
    [junit] INFO: Card 2: WILDDRFOUR YELLOW
    [junit] Apr 03, 2013 1:13:14 AM practiceUno.Robot Decide
    [junit] INFO: Card 3: WILDDRFOUR YELLOW
    [junit] Apr 03, 2013 1:13:14 AM practiceUno.Robot Decide
    [junit] INFO: Card 4: WILD YELLOW
    [junit] Apr 03, 2013 1:13:14 AM practiceUno.Robot Decide
    [junit] INFO: Card 5: WILD YELLOW
    [junit] Apr 03, 2013 1:13:14 AM practiceUno.Robot Decide
    [junit] INFO: Card 6: WILD YELLOW
    [junit] Apr 03, 2013 1:13:14 AM practiceUno.Robot Decide
    [junit] INFO: The top card was a special card. DRTWO YELLOW
    [junit] Apr 03, 2013 1:13:14 AM practiceUno.Robot Decide
    [junit] INFO: In special for loop. Card DRTWO BLUE
    [junit] Apr 03, 2013 1:13:14 AM practiceUno.Robot Decide
    [junit] INFO: Done deciding
    [junit] Apr 03, 2013 1:13:14 AM practiceUno.Robot PlayAHand
    [junit] INFO: Decided 1 DRTWO BLUE
    [junit] Apr 03, 2013 1:13:14 AM practiceUno.Robot PlayAHand
    [junit] INFO: Trying to play a card DRTWO BLUE DRTWO YELLOW
    [junit] Apr 03, 2013 1:13:14 AM practiceUno.Robot FindCard
    [junit] INFO: looking at you card : DRTWO BLUE
    [junit] Apr 03, 2013 1:13:14 AM practiceUno.Robot FindCard
    [junit] INFO: Is at 0
    [junit] Apr 03, 2013 1:13:14 AM practiceUno.Robot PlayAHand
    [junit] INFO: End turn
    [junit] Apr 03, 2013 1:13:14 AM practiceUno.Robot PlayAHand
    [junit] INFO: Trying to decide
    [junit] Apr 03, 2013 1:13:14 AM practiceUno.Robot Decide
    [junit] INFO: Entering robot decide function
    [junit] Apr 03, 2013 1:13:14 AM practiceUno.Robot Decide
    [junit] INFO: I have 6 cards. 
    [junit] Apr 03, 2013 1:13:14 AM practiceUno.Robot Decide
    [junit] INFO: Card 0: REVERSE GREEN
    [junit] Apr 03, 2013 1:13:14 AM practiceUno.Robot Decide
    [junit] INFO: Card 1: WILDDRFOUR YELLOW
    [junit] Apr 03, 2013 1:13:14 AM practiceUno.Robot Decide
    [junit] INFO: Card 2: WILDDRFOUR YELLOW
    [junit] Apr 03, 2013 1:13:14 AM practiceUno.Robot Decide
    [junit] INFO: Card 3: WILD YELLOW
    [junit] Apr 03, 2013 1:13:14 AM practiceUno.Robot Decide
    [junit] INFO: Card 4: WILD YELLOW
    [junit] Apr 03, 2013 1:13:14 AM practiceUno.Robot Decide
    [junit] INFO: Card 5: WILD YELLOW
    [junit] Apr 03, 2013 1:13:14 AM practiceUno.Robot Decide
    [junit] INFO: The top card was a special card. DRTWO BLUE
    [junit] Apr 03, 2013 1:13:14 AM practiceUno.Robot Decide
    [junit] INFO: In special for loop. Card REVERSE GREEN
    [junit] Apr 03, 2013 1:13:14 AM practiceUno.Robot Decide
    [junit] INFO: In special for loop. Card WILDDRFOUR YELLOW
    [junit] Apr 03, 2013 1:13:14 AM practiceUno.Robot Decide
    [junit] INFO: No special match
    [junit] Apr 03, 2013 1:13:14 AM practiceUno.Robot Decide
    [junit] INFO: In special for loop. Card WILDDRFOUR YELLOW
    [junit] Apr 03, 2013 1:13:14 AM practiceUno.Robot Decide
    [junit] INFO: No special match
    [junit] Apr 03, 2013 1:13:14 AM practiceUno.Robot Decide
    [junit] INFO: In special for loop. Card WILD YELLOW
    [junit] Apr 03, 2013 1:13:14 AM practiceUno.Robot Decide
    [junit] INFO: No special match
    [junit] Apr 03, 2013 1:13:14 AM practiceUno.Robot Decide
    [junit] INFO: In special for loop. Card WILD YELLOW
    [junit] Apr 03, 2013 1:13:14 AM practiceUno.Robot Decide
    [junit] INFO: No special match
    [junit] Apr 03, 2013 1:13:14 AM practiceUno.Robot Decide
    [junit] INFO: In special for loop. Card WILD YELLOW
    [junit] Apr 03, 2013 1:13:14 AM practiceUno.Robot Decide
    [junit] INFO: No special match
    [junit] Apr 03, 2013 1:13:14 AM practiceUno.Robot PlayAWild
    [junit] INFO: Seeing if I have any wild cards in my hand
    [junit] Apr 03, 2013 1:13:14 AM practiceUno.Robot Decide
    [junit] INFO: Done deciding
    [junit] Apr 03, 2013 1:13:14 AM practiceUno.Robot PlayAHand
    [junit] INFO: Decided 1 WILD YELLOW
    [junit] Apr 03, 2013 1:13:14 AM practiceUno.Robot PlayAHand
    [junit] INFO: Trying to play a card WILD YELLOW DRTWO BLUE
    [junit] Apr 03, 2013 1:13:14 AM practiceUno.Robot PlayAHand
    [junit] INFO: Time for a wild card. Choosing yellow
    [junit] Apr 03, 2013 1:13:14 AM practiceUno.Robot PlayAHand
    [junit] INFO: Choose yellow
    [junit] Apr 03, 2013 1:13:14 AM practiceUno.WildCard Wild
    [junit] INFO: Call for wild called
    [junit] Apr 03, 2013 1:13:14 AM practiceUno.Robot PlayAHand
    [junit] INFO: Add to deck
    [junit] Apr 03, 2013 1:13:14 AM practiceUno.Robot FindCard
    [junit] INFO: looking at you card : WILD YELLOW
    [junit] Apr 03, 2013 1:13:14 AM practiceUno.Robot FindCard
    [junit] INFO: Is at 3
    [junit] Apr 03, 2013 1:13:14 AM practiceUno.Robot PlayAHand
    [junit] INFO: removed
    [junit] Apr 03, 2013 1:13:14 AM practiceUno.Robot PlayAHand
    [junit] INFO: End turn
    [junit] Apr 03, 2013 1:13:14 AM practiceUno.Robot PlayAHand
    [junit] INFO: Trying to decide
    [junit] Apr 03, 2013 1:13:14 AM practiceUno.Robot Decide
    [junit] INFO: Entering robot decide function
    [junit] Apr 03, 2013 1:13:14 AM practiceUno.Robot Decide
    [junit] INFO: I have 5 cards. 
    [junit] Apr 03, 2013 1:13:14 AM practiceUno.Robot Decide
    [junit] INFO: Card 0: REVERSE GREEN
    [junit] Apr 03, 2013 1:13:14 AM practiceUno.Robot Decide
    [junit] INFO: Card 1: WILDDRFOUR YELLOW
    [junit] Apr 03, 2013 1:13:14 AM practiceUno.Robot Decide
    [junit] INFO: Card 2: WILDDRFOUR YELLOW
    [junit] Apr 03, 2013 1:13:14 AM practiceUno.Robot Decide
    [junit] INFO: Card 3: WILD YELLOW
    [junit] Apr 03, 2013 1:13:14 AM practiceUno.Robot Decide
    [junit] INFO: Card 4: WILD YELLOW
    [junit] Apr 03, 2013 1:13:14 AM practiceUno.Robot Decide
    [junit] INFO: The top card was a wild card WILD YELLOW
    [junit] Apr 03, 2013 1:13:14 AM practiceUno.Robot Decide
    [junit] INFO: Inside the wild loop REVERSE GREEN
    [junit] Apr 03, 2013 1:13:14 AM practiceUno.Robot Decide
    [junit] INFO: Inside the wild loop WILDDRFOUR YELLOW
    [junit] Apr 03, 2013 1:13:14 AM practiceUno.Robot Decide
    [junit] INFO: Inside the wild loop WILDDRFOUR YELLOW
    [junit] Apr 03, 2013 1:13:14 AM practiceUno.Robot Decide
    [junit] INFO: Inside the wild loop WILD YELLOW
    [junit] Apr 03, 2013 1:13:14 AM practiceUno.Robot Decide
    [junit] INFO: Inside the wild loop WILD YELLOW
    [junit] Apr 03, 2013 1:13:14 AM practiceUno.Robot PlayAWild
    [junit] INFO: Seeing if I have any wild cards in my hand
    [junit] Apr 03, 2013 1:13:14 AM practiceUno.Robot Decide
    [junit] INFO: Done deciding
    [junit] Apr 03, 2013 1:13:14 AM practiceUno.Robot PlayAHand
    [junit] INFO: Decided 1 WILD YELLOW
    [junit] Apr 03, 2013 1:13:14 AM practiceUno.Robot PlayAHand
    [junit] INFO: Trying to play a card WILD YELLOW WILD YELLOW
    [junit] Apr 03, 2013 1:13:14 AM practiceUno.Robot PlayAHand
    [junit] INFO: Time for a wild card. Choosing yellow
    [junit] Apr 03, 2013 1:13:14 AM practiceUno.Robot PlayAHand
    [junit] INFO: Choose yellow
    [junit] Apr 03, 2013 1:13:14 AM practiceUno.WildCard Wild
    [junit] INFO: Call for wild called
    [junit] Apr 03, 2013 1:13:14 AM practiceUno.Robot PlayAHand
    [junit] INFO: Add to deck
    [junit] Apr 03, 2013 1:13:14 AM practiceUno.Robot FindCard
    [junit] INFO: looking at you card : WILD YELLOW
    [junit] Apr 03, 2013 1:13:14 AM practiceUno.Robot FindCard
    [junit] INFO: Is at 3
    [junit] Apr 03, 2013 1:13:14 AM practiceUno.Robot PlayAHand
    [junit] INFO: removed
    [junit] Apr 03, 2013 1:13:14 AM practiceUno.Robot PlayAHand
    [junit] INFO: End turn
    [junit] Apr 03, 2013 1:13:14 AM practiceUno.Robot PlayAHand
    [junit] INFO: Trying to decide
    [junit] Apr 03, 2013 1:13:14 AM practiceUno.Robot Decide
    [junit] INFO: Entering robot decide function
    [junit] Apr 03, 2013 1:13:14 AM practiceUno.Robot Decide
    [junit] INFO: I have 4 cards. 
    [junit] Apr 03, 2013 1:13:14 AM practiceUno.Robot Decide
    [junit] INFO: Card 0: REVERSE GREEN
    [junit] Apr 03, 2013 1:13:14 AM practiceUno.Robot Decide
    [junit] INFO: Card 1: WILDDRFOUR YELLOW
    [junit] Apr 03, 2013 1:13:14 AM practiceUno.Robot Decide
    [junit] INFO: Card 2: WILDDRFOUR YELLOW
    [junit] Apr 03, 2013 1:13:14 AM practiceUno.Robot Decide
    [junit] INFO: Card 3: WILD YELLOW
    [junit] Apr 03, 2013 1:13:14 AM practiceUno.Robot Decide
    [junit] INFO: The top card was a wild card WILD YELLOW
    [junit] Apr 03, 2013 1:13:14 AM practiceUno.Robot Decide
    [junit] INFO: Inside the wild loop REVERSE GREEN
    [junit] Apr 03, 2013 1:13:14 AM practiceUno.Robot Decide
    [junit] INFO: Inside the wild loop WILDDRFOUR YELLOW
    [junit] Apr 03, 2013 1:13:14 AM practiceUno.Robot Decide
    [junit] INFO: Inside the wild loop WILDDRFOUR YELLOW
    [junit] Apr 03, 2013 1:13:14 AM practiceUno.Robot Decide
    [junit] INFO: Inside the wild loop WILD YELLOW
    [junit] Apr 03, 2013 1:13:14 AM practiceUno.Robot PlayAWild
    [junit] INFO: Seeing if I have any wild cards in my hand
    [junit] Apr 03, 2013 1:13:14 AM practiceUno.Robot Decide
    [junit] INFO: Done deciding
    [junit] Apr 03, 2013 1:13:14 AM practiceUno.Robot PlayAHand
    [junit] INFO: Decided 1 WILD YELLOW
    [junit] Apr 03, 2013 1:13:14 AM practiceUno.Robot PlayAHand
    [junit] INFO: Trying to play a card WILD YELLOW WILD YELLOW
    [junit] Apr 03, 2013 1:13:14 AM practiceUno.Robot PlayAHand
    [junit] INFO: Time for a wild card. Choosing yellow
    [junit] Apr 03, 2013 1:13:14 AM practiceUno.Robot PlayAHand
    [junit] INFO: Choose yellow
    [junit] Apr 03, 2013 1:13:14 AM practiceUno.WildCard Wild
    [junit] INFO: Call for wild called
    [junit] Apr 03, 2013 1:13:14 AM practiceUno.Robot PlayAHand
    [junit] INFO: Add to deck
    [junit] Apr 03, 2013 1:13:14 AM practiceUno.Robot FindCard
    [junit] INFO: looking at you card : WILD YELLOW
    [junit] Apr 03, 2013 1:13:14 AM practiceUno.Robot FindCard
    [junit] INFO: Is at 3
    [junit] Apr 03, 2013 1:13:14 AM practiceUno.Robot PlayAHand
    [junit] INFO: removed
    [junit] Apr 03, 2013 1:13:14 AM practiceUno.Robot PlayAHand
    [junit] INFO: End turn
    [junit] Apr 03, 2013 1:13:14 AM practiceUno.Robot PlayAHand
    [junit] INFO: Trying to decide
    [junit] Apr 03, 2013 1:13:14 AM practiceUno.Robot Decide
    [junit] INFO: Entering robot decide function
    [junit] Apr 03, 2013 1:13:14 AM practiceUno.Robot Decide
    [junit] INFO: I have 3 cards. 
    [junit] Apr 03, 2013 1:13:14 AM practiceUno.Robot Decide
    [junit] INFO: Card 0: REVERSE GREEN
    [junit] Apr 03, 2013 1:13:14 AM practiceUno.Robot Decide
    [junit] INFO: Card 1: WILDDRFOUR YELLOW
    [junit] Apr 03, 2013 1:13:14 AM practiceUno.Robot Decide
    [junit] INFO: Card 2: WILDDRFOUR YELLOW
    [junit] Apr 03, 2013 1:13:14 AM practiceUno.Robot Decide
    [junit] INFO: The top card was a wild card WILD YELLOW
    [junit] Apr 03, 2013 1:13:14 AM practiceUno.Robot Decide
    [junit] INFO: Inside the wild loop REVERSE GREEN
    [junit] Apr 03, 2013 1:13:14 AM practiceUno.Robot Decide
    [junit] INFO: Inside the wild loop WILDDRFOUR YELLOW
    [junit] Apr 03, 2013 1:13:14 AM practiceUno.Robot Decide
    [junit] INFO: Inside the wild loop WILDDRFOUR YELLOW
    [junit] Apr 03, 2013 1:13:14 AM practiceUno.Robot PlayAWild
    [junit] INFO: Seeing if I have any wild cards in my hand
    [junit] Apr 03, 2013 1:13:14 AM practiceUno.Robot Decide
    [junit] INFO: Done deciding
    [junit] Apr 03, 2013 1:13:14 AM practiceUno.Robot PlayAHand
    [junit] INFO: Decided 1 WILDDRFOUR YELLOW
    [junit] Apr 03, 2013 1:13:14 AM practiceUno.Robot PlayAHand
    [junit] INFO: Trying to play a card WILDDRFOUR YELLOW WILD YELLOW
    [junit] Apr 03, 2013 1:13:14 AM practiceUno.Robot PlayAHand
    [junit] INFO: Time for a wild card. Choosing yellow
    [junit] Apr 03, 2013 1:13:14 AM practiceUno.Robot PlayAHand
    [junit] INFO: Choose yellow
    [junit] Apr 03, 2013 1:13:14 AM practiceUno.WildCard Wild
    [junit] INFO: Call for wild called
    [junit] Apr 03, 2013 1:13:14 AM practiceUno.Robot PlayAHand
    [junit] INFO: Add to deck
    [junit] Apr 03, 2013 1:13:14 AM practiceUno.Robot FindCard
    [junit] INFO: looking at you card : WILDDRFOUR YELLOW
    [junit] Apr 03, 2013 1:13:14 AM practiceUno.Robot FindCard
    [junit] INFO: Is at 1
    [junit] Apr 03, 2013 1:13:14 AM practiceUno.Robot PlayAHand
    [junit] INFO: removed
    [junit] Apr 03, 2013 1:13:14 AM practiceUno.Robot PlayAHand
    [junit] INFO: End turn
    [junit] Apr 03, 2013 1:13:14 AM practiceUno.Robot PlayAHand
    [junit] INFO: Trying to decide
    [junit] Apr 03, 2013 1:13:14 AM practiceUno.Robot Decide
    [junit] INFO: Entering robot decide function
    [junit] Apr 03, 2013 1:13:14 AM practiceUno.Robot Decide
    [junit] INFO: I have 6 cards. 
    [junit] Apr 03, 2013 1:13:14 AM practiceUno.Robot Decide
    [junit] INFO: Card 0: REVERSE GREEN
    [junit] Apr 03, 2013 1:13:14 AM practiceUno.Robot Decide
    [junit] INFO: Card 1: WILDDRFOUR YELLOW
    [junit] Apr 03, 2013 1:13:14 AM practiceUno.Robot Decide
    [junit] INFO: Card 2: DRTWO YELLOW
    [junit] Apr 03, 2013 1:13:14 AM practiceUno.Robot Decide
    [junit] INFO: Card 3: DRTWO GREEN
    [junit] Apr 03, 2013 1:13:14 AM practiceUno.Robot Decide
    [junit] INFO: Card 4: DRTWO GREEN
    [junit] Apr 03, 2013 1:13:14 AM practiceUno.Robot Decide
    [junit] INFO: Card 5: DRTWO RED
    [junit] Apr 03, 2013 1:13:14 AM practiceUno.Robot Decide
    [junit] INFO: The top card was a wild card WILDDRFOUR YELLOW
    [junit] Apr 03, 2013 1:13:14 AM practiceUno.Robot Decide
    [junit] INFO: Inside the wild loop REVERSE GREEN
    [junit] Apr 03, 2013 1:13:14 AM practiceUno.Robot Decide
    [junit] INFO: Inside the wild loop WILDDRFOUR YELLOW
    [junit] Apr 03, 2013 1:13:14 AM practiceUno.Robot Decide
    [junit] INFO: Inside the wild loop DRTWO YELLOW
    [junit] Apr 03, 2013 1:13:14 AM practiceUno.Robot Decide
    [junit] INFO: Done deciding
    [junit] Apr 03, 2013 1:13:14 AM practiceUno.Robot PlayAHand
    [junit] INFO: Decided 1 DRTWO YELLOW
    [junit] Apr 03, 2013 1:13:14 AM practiceUno.Robot PlayAHand
    [junit] INFO: Trying to play a card DRTWO YELLOW WILDDRFOUR YELLOW
    [junit] Apr 03, 2013 1:13:14 AM practiceUno.Robot FindCard
    [junit] INFO: looking at you card : DRTWO YELLOW
    [junit] Apr 03, 2013 1:13:14 AM practiceUno.Robot FindCard
    [junit] INFO: Is at 2
    [junit] Apr 03, 2013 1:13:14 AM practiceUno.Robot PlayAHand
    [junit] INFO: End turn
    [junit] Apr 03, 2013 1:13:14 AM practiceUno.Robot PlayAHand
    [junit] INFO: Trying to decide
    [junit] Apr 03, 2013 1:13:14 AM practiceUno.Robot Decide
    [junit] INFO: Entering robot decide function
    [junit] Apr 03, 2013 1:13:14 AM practiceUno.Robot Decide
    [junit] INFO: I have 5 cards. 
    [junit] Apr 03, 2013 1:13:14 AM practiceUno.Robot Decide
    [junit] INFO: Card 0: REVERSE GREEN
    [junit] Apr 03, 2013 1:13:14 AM practiceUno.Robot Decide
    [junit] INFO: Card 1: WILDDRFOUR YELLOW
    [junit] Apr 03, 2013 1:13:14 AM practiceUno.Robot Decide
    [junit] INFO: Card 2: DRTWO GREEN
    [junit] Apr 03, 2013 1:13:14 AM practiceUno.Robot Decide
    [junit] INFO: Card 3: DRTWO GREEN
    [junit] Apr 03, 2013 1:13:14 AM practiceUno.Robot Decide
    [junit] INFO: Card 4: DRTWO RED
    [junit] Apr 03, 2013 1:13:14 AM practiceUno.Robot Decide
    [junit] INFO: The top card was a special card. DRTWO YELLOW
    [junit] Apr 03, 2013 1:13:14 AM practiceUno.Robot Decide
    [junit] INFO: In special for loop. Card REVERSE GREEN
    [junit] Apr 03, 2013 1:13:14 AM practiceUno.Robot Decide
    [junit] INFO: In special for loop. Card WILDDRFOUR YELLOW
    [junit] Apr 03, 2013 1:13:14 AM practiceUno.Robot Decide
    [junit] INFO: No special match
    [junit] Apr 03, 2013 1:13:14 AM practiceUno.Robot Decide
    [junit] INFO: In special for loop. Card DRTWO GREEN
    [junit] Apr 03, 2013 1:13:14 AM practiceUno.Robot Decide
    [junit] INFO: Done deciding
    [junit] Apr 03, 2013 1:13:14 AM practiceUno.Robot PlayAHand
    [junit] INFO: Decided 1 DRTWO GREEN
    [junit] Apr 03, 2013 1:13:14 AM practiceUno.Robot PlayAHand
    [junit] INFO: Trying to play a card DRTWO GREEN DRTWO YELLOW
    [junit] Apr 03, 2013 1:13:14 AM practiceUno.Robot FindCard
    [junit] INFO: looking at you card : DRTWO GREEN
    [junit] Apr 03, 2013 1:13:14 AM practiceUno.Robot FindCard
    [junit] INFO: Is at 2
    [junit] Apr 03, 2013 1:13:14 AM practiceUno.Robot PlayAHand
    [junit] INFO: End turn
    [junit] Apr 03, 2013 1:13:14 AM practiceUno.Robot PlayAHand
    [junit] INFO: Trying to decide
    [junit] Apr 03, 2013 1:13:14 AM practiceUno.Robot Decide
    [junit] INFO: Entering robot decide function
    [junit] Apr 03, 2013 1:13:14 AM practiceUno.Robot Decide
    [junit] INFO: I have 4 cards. 
    [junit] Apr 03, 2013 1:13:14 AM practiceUno.Robot Decide
    [junit] INFO: Card 0: REVERSE GREEN
    [junit] Apr 03, 2013 1:13:14 AM practiceUno.Robot Decide
    [junit] INFO: Card 1: WILDDRFOUR YELLOW
    [junit] Apr 03, 2013 1:13:14 AM practiceUno.Robot Decide
    [junit] INFO: Card 2: DRTWO GREEN
    [junit] Apr 03, 2013 1:13:14 AM practiceUno.Robot Decide
    [junit] INFO: Card 3: DRTWO RED
    [junit] Apr 03, 2013 1:13:14 AM practiceUno.Robot Decide
    [junit] INFO: The top card was a special card. DRTWO GREEN
    [junit] Apr 03, 2013 1:13:14 AM practiceUno.Robot Decide
    [junit] INFO: In special for loop. Card REVERSE GREEN
    [junit] Apr 03, 2013 1:13:14 AM practiceUno.Robot Decide
    [junit] INFO: Done deciding
    [junit] Apr 03, 2013 1:13:14 AM practiceUno.Robot PlayAHand
    [junit] INFO: Decided 1 REVERSE GREEN
    [junit] Apr 03, 2013 1:13:14 AM practiceUno.Robot PlayAHand
    [junit] INFO: Trying to play a card REVERSE GREEN DRTWO GREEN
    [junit] Apr 03, 2013 1:13:14 AM practiceUno.Robot FindCard
    [junit] INFO: looking at you card : REVERSE GREEN
    [junit] Apr 03, 2013 1:13:14 AM practiceUno.Robot FindCard
    [junit] INFO: Is at 0
    [junit] Apr 03, 2013 1:13:14 AM practiceUno.Robot PlayAHand
    [junit] INFO: End turn
    [junit] Apr 03, 2013 1:13:14 AM practiceUno.Robot PlayAHand
    [junit] INFO: Trying to decide
    [junit] Apr 03, 2013 1:13:14 AM practiceUno.Robot Decide
    [junit] INFO: Entering robot decide function
    [junit] Apr 03, 2013 1:13:14 AM practiceUno.Robot Decide
    [junit] INFO: I have 3 cards. 
    [junit] Apr 03, 2013 1:13:14 AM practiceUno.Robot Decide
    [junit] INFO: Card 0: WILDDRFOUR YELLOW
    [junit] Apr 03, 2013 1:13:14 AM practiceUno.Robot Decide
    [junit] INFO: Card 1: DRTWO GREEN
    [junit] Apr 03, 2013 1:13:14 AM practiceUno.Robot Decide
    [junit] INFO: Card 2: DRTWO RED
    [junit] Apr 03, 2013 1:13:14 AM practiceUno.Robot Decide
    [junit] INFO: The top card was a special card. REVERSE GREEN
    [junit] Apr 03, 2013 1:13:14 AM practiceUno.Robot Decide
    [junit] INFO: In special for loop. Card WILDDRFOUR YELLOW
    [junit] Apr 03, 2013 1:13:14 AM practiceUno.Robot Decide
    [junit] INFO: No special match
    [junit] Apr 03, 2013 1:13:14 AM practiceUno.Robot Decide
    [junit] INFO: In special for loop. Card DRTWO GREEN
    [junit] Apr 03, 2013 1:13:14 AM practiceUno.Robot Decide
    [junit] INFO: Done deciding
    [junit] Apr 03, 2013 1:13:14 AM practiceUno.Robot PlayAHand
    [junit] INFO: Decided 1 DRTWO GREEN
    [junit] Apr 03, 2013 1:13:14 AM practiceUno.Robot PlayAHand
    [junit] INFO: Trying to play a card DRTWO GREEN REVERSE GREEN
    [junit] Apr 03, 2013 1:13:14 AM practiceUno.Robot FindCard
    [junit] INFO: looking at you card : DRTWO GREEN
    [junit] Apr 03, 2013 1:13:14 AM practiceUno.Robot FindCard
    [junit] INFO: Is at 1
    [junit] Apr 03, 2013 1:13:14 AM practiceUno.Robot PlayAHand
    [junit] INFO: End turn
    [junit] Apr 03, 2013 1:13:14 AM practiceUno.Robot PlayAHand
    [junit] INFO: Trying to decide
    [junit] Apr 03, 2013 1:13:14 AM practiceUno.Robot Decide
    [junit] INFO: Entering robot decide function
    [junit] Apr 03, 2013 1:13:14 AM practiceUno.Robot Decide
    [junit] INFO: I have 2 cards. 
    [junit] Apr 03, 2013 1:13:14 AM practiceUno.Robot Decide
    [junit] INFO: Card 0: WILDDRFOUR YELLOW
    [junit] Apr 03, 2013 1:13:14 AM practiceUno.Robot Decide
    [junit] INFO: Card 1: DRTWO RED
    [junit] Apr 03, 2013 1:13:14 AM practiceUno.Robot Decide
    [junit] INFO: The top card was a special card. DRTWO GREEN
    [junit] Apr 03, 2013 1:13:14 AM practiceUno.Robot Decide
    [junit] INFO: In special for loop. Card WILDDRFOUR YELLOW
    [junit] Apr 03, 2013 1:13:14 AM practiceUno.Robot Decide
    [junit] INFO: No special match
    [junit] Apr 03, 2013 1:13:14 AM practiceUno.Robot Decide
    [junit] INFO: In special for loop. Card DRTWO RED
    [junit] Apr 03, 2013 1:13:14 AM practiceUno.Robot Decide
    [junit] INFO: Done deciding
    [junit] Apr 03, 2013 1:13:14 AM practiceUno.Robot PlayAHand
    [junit] INFO: Decided 1 DRTWO RED
    [junit] Apr 03, 2013 1:13:14 AM practiceUno.Robot PlayAHand
    [junit] INFO: Trying to play a card DRTWO RED DRTWO GREEN
    [junit] Apr 03, 2013 1:13:14 AM practiceUno.Robot FindCard
    [junit] INFO: looking at you card : DRTWO RED
    [junit] Apr 03, 2013 1:13:14 AM practiceUno.Robot FindCard
    [junit] INFO: Is at 1
    [junit] Apr 03, 2013 1:13:14 AM practiceUno.Robot PlayAHand
    [junit] INFO: End turn
    [junit] Apr 03, 2013 1:13:14 AM practiceUno.Robot PlayAHand
    [junit] INFO: Trying to decide
    [junit] Apr 03, 2013 1:13:14 AM practiceUno.Robot Decide
    [junit] INFO: Entering robot decide function
    [junit] Apr 03, 2013 1:13:14 AM practiceUno.Robot Decide
    [junit] INFO: I have 1 cards. 
    [junit] Apr 03, 2013 1:13:14 AM practiceUno.Robot Decide
    [junit] INFO: Card 0: WILDDRFOUR YELLOW
    [junit] Apr 03, 2013 1:13:14 AM practiceUno.Robot Decide
    [junit] INFO: The top card was a special card. DRTWO RED
    [junit] Apr 03, 2013 1:13:14 AM practiceUno.Robot Decide
    [junit] INFO: In special for loop. Card WILDDRFOUR YELLOW
    [junit] Apr 03, 2013 1:13:14 AM practiceUno.Robot Decide
    [junit] INFO: No special match
    [junit] Apr 03, 2013 1:13:14 AM practiceUno.Robot PlayAWild
    [junit] INFO: Seeing if I have any wild cards in my hand
    [junit] Apr 03, 2013 1:13:14 AM practiceUno.Robot Decide
    [junit] INFO: Done deciding
    [junit] Apr 03, 2013 1:13:14 AM practiceUno.Robot PlayAHand
    [junit] INFO: Decided 1 WILDDRFOUR YELLOW
    [junit] Apr 03, 2013 1:13:14 AM practiceUno.Robot PlayAHand
    [junit] INFO: Trying to play a card WILDDRFOUR YELLOW DRTWO RED
    [junit] Apr 03, 2013 1:13:14 AM practiceUno.Robot PlayAHand
    [junit] INFO: Time for a wild card. Choosing yellow
    [junit] Apr 03, 2013 1:13:14 AM practiceUno.Robot PlayAHand
    [junit] INFO: Choose yellow
    [junit] Apr 03, 2013 1:13:14 AM practiceUno.WildCard Wild
    [junit] INFO: Call for wild called
    [junit] Apr 03, 2013 1:13:14 AM practiceUno.Robot PlayAHand
    [junit] INFO: Add to deck
    [junit] Apr 03, 2013 1:13:14 AM practiceUno.Robot FindCard
    [junit] INFO: looking at you card : WILDDRFOUR YELLOW
    [junit] Apr 03, 2013 1:13:14 AM practiceUno.Robot FindCard
    [junit] INFO: Is at 0
    [junit] Apr 03, 2013 1:13:14 AM practiceUno.Robot PlayAHand
    [junit] INFO: removed
    [junit] Apr 03, 2013 1:13:14 AM practiceUno.Robot PlayAHand
    [junit] INFO: End turn
    [junit] Apr 03, 2013 1:13:14 AM practiceUno.Robot PlayAHand
    [junit] INFO: Trying to decide
    [junit] Apr 03, 2013 1:13:14 AM practiceUno.Robot Decide
    [junit] INFO: Entering robot decide function
    [junit] Apr 03, 2013 1:13:14 AM practiceUno.Robot Decide
    [junit] INFO: I have 4 cards. 
    [junit] Apr 03, 2013 1:13:14 AM practiceUno.Robot Decide
    [junit] INFO: Card 0: DRTWO RED
    [junit] Apr 03, 2013 1:13:14 AM practiceUno.Robot Decide
    [junit] INFO: Card 1: DRTWO BLUE
    [junit] Apr 03, 2013 1:13:14 AM practiceUno.Robot Decide
    [junit] INFO: Card 2: DRTWO BLUE
    [junit] Apr 03, 2013 1:13:14 AM practiceUno.Robot Decide
    [junit] INFO: Card 3: SKIP YELLOW
    [junit] Apr 03, 2013 1:13:14 AM practiceUno.Robot Decide
    [junit] INFO: The top card was a wild card WILDDRFOUR YELLOW
    [junit] Apr 03, 2013 1:13:14 AM practiceUno.Robot Decide
    [junit] INFO: Inside the wild loop DRTWO RED
    [junit] Apr 03, 2013 1:13:14 AM practiceUno.Robot Decide
    [junit] INFO: Inside the wild loop DRTWO BLUE
    [junit] Apr 03, 2013 1:13:14 AM practiceUno.Robot Decide
    [junit] INFO: Inside the wild loop DRTWO BLUE
    [junit] Apr 03, 2013 1:13:14 AM practiceUno.Robot Decide
    [junit] INFO: Inside the wild loop SKIP YELLOW
    [junit] Apr 03, 2013 1:13:14 AM practiceUno.Robot Decide
    [junit] INFO: Done deciding
    [junit] Apr 03, 2013 1:13:14 AM practiceUno.Robot PlayAHand
    [junit] INFO: Decided 1 SKIP YELLOW
    [junit] Apr 03, 2013 1:13:14 AM practiceUno.Robot PlayAHand
    [junit] INFO: Trying to play a card SKIP YELLOW WILDDRFOUR YELLOW
    [junit] Apr 03, 2013 1:13:14 AM practiceUno.Robot FindCard
    [junit] INFO: looking at you card : SKIP YELLOW
    [junit] Apr 03, 2013 1:13:14 AM practiceUno.Robot FindCard
    [junit] INFO: Is at 3
    [junit] Apr 03, 2013 1:13:14 AM practiceUno.Robot PlayAHand
    [junit] INFO: End turn
    [junit] Apr 03, 2013 1:13:14 AM practiceUno.Robot PlayAHand
    [junit] INFO: Trying to decide
    [junit] Apr 03, 2013 1:13:14 AM practiceUno.Robot Decide
    [junit] INFO: Entering robot decide function
    [junit] Apr 03, 2013 1:13:14 AM practiceUno.Robot Decide
    [junit] INFO: I have 3 cards. 
    [junit] Apr 03, 2013 1:13:14 AM practiceUno.Robot Decide
    [junit] INFO: Card 0: DRTWO RED
    [junit] Apr 03, 2013 1:13:14 AM practiceUno.Robot Decide
    [junit] INFO: Card 1: DRTWO BLUE
    [junit] Apr 03, 2013 1:13:14 AM practiceUno.Robot Decide
    [junit] INFO: Card 2: DRTWO BLUE
    [junit] Apr 03, 2013 1:13:14 AM practiceUno.Robot Decide
    [junit] INFO: The top card was a special card. SKIP YELLOW
    [junit] Apr 03, 2013 1:13:14 AM practiceUno.Robot Decide
    [junit] INFO: In special for loop. Card DRTWO RED
    [junit] Apr 03, 2013 1:13:14 AM practiceUno.Robot Decide
    [junit] INFO: In special for loop. Card DRTWO BLUE
    [junit] Apr 03, 2013 1:13:14 AM practiceUno.Robot Decide
    [junit] INFO: In special for loop. Card DRTWO BLUE
    [junit] Apr 03, 2013 1:13:14 AM practiceUno.Robot PlayAWild
    [junit] INFO: Seeing if I have any wild cards in my hand
    [junit] Apr 03, 2013 1:13:14 AM practiceUno.Robot Decide
    [junit] INFO: Done deciding
    [junit] Apr 03, 2013 1:13:14 AM practiceUno.Robot PlayAHand
    [junit] INFO: decided 2
    [junit] Apr 03, 2013 1:13:14 AM practiceUno.Robot PlayAHand
    [junit] INFO: Need to draw a card
    [junit] Apr 03, 2013 1:13:14 AM practiceUno.Robot Decide
    [junit] INFO: Entering robot decide function
    [junit] Apr 03, 2013 1:13:14 AM practiceUno.Robot Decide
    [junit] INFO: I have 4 cards. 
    [junit] Apr 03, 2013 1:13:14 AM practiceUno.Robot Decide
    [junit] INFO: Card 0: DRTWO RED
    [junit] Apr 03, 2013 1:13:14 AM practiceUno.Robot Decide
    [junit] INFO: Card 1: DRTWO BLUE
    [junit] Apr 03, 2013 1:13:14 AM practiceUno.Robot Decide
    [junit] INFO: Card 2: DRTWO BLUE
    [junit] Apr 03, 2013 1:13:14 AM practiceUno.Robot Decide
    [junit] INFO: Card 3: SKIP YELLOW
    [junit] Apr 03, 2013 1:13:14 AM practiceUno.Robot Decide
    [junit] INFO: The top card was a special card. SKIP YELLOW
    [junit] Apr 03, 2013 1:13:14 AM practiceUno.Robot Decide
    [junit] INFO: In special for loop. Card DRTWO RED
    [junit] Apr 03, 2013 1:13:14 AM practiceUno.Robot Decide
    [junit] INFO: In special for loop. Card DRTWO BLUE
    [junit] Apr 03, 2013 1:13:14 AM practiceUno.Robot Decide
    [junit] INFO: In special for loop. Card DRTWO BLUE
    [junit] Apr 03, 2013 1:13:14 AM practiceUno.Robot Decide
    [junit] INFO: In special for loop. Card SKIP YELLOW
    [junit] Apr 03, 2013 1:13:14 AM practiceUno.Robot Decide
    [junit] INFO: Done deciding
    [junit] Apr 03, 2013 1:13:14 AM practiceUno.Robot PlayAHand
    [junit] INFO: Trying to play a card SKIP YELLOW SKIP YELLOW
    [junit] Apr 03, 2013 1:13:14 AM practiceUno.Robot FindCard
    [junit] INFO: looking at you card : SKIP YELLOW
    [junit] Apr 03, 2013 1:13:14 AM practiceUno.Robot FindCard
    [junit] INFO: Is at 3
    [junit] Apr 03, 2013 1:13:14 AM practiceUno.Robot PlayAHand
    [junit] INFO: End turn
    [junit] Apr 03, 2013 1:13:14 AM practiceUno.Robot PlayAHand
    [junit] INFO: Trying to decide
    [junit] Apr 03, 2013 1:13:14 AM practiceUno.Robot Decide
    [junit] INFO: Entering robot decide function
    [junit] Apr 03, 2013 1:13:14 AM practiceUno.Robot Decide
    [junit] INFO: I have 3 cards. 
    [junit] Apr 03, 2013 1:13:14 AM practiceUno.Robot Decide
    [junit] INFO: Card 0: DRTWO RED
    [junit] Apr 03, 2013 1:13:14 AM practiceUno.Robot Decide
    [junit] INFO: Card 1: DRTWO BLUE
    [junit] Apr 03, 2013 1:13:14 AM practiceUno.Robot Decide
    [junit] INFO: Card 2: DRTWO BLUE
    [junit] Apr 03, 2013 1:13:14 AM practiceUno.Robot Decide
    [junit] INFO: The top card was a special card. SKIP YELLOW
    [junit] Apr 03, 2013 1:13:14 AM practiceUno.Robot Decide
    [junit] INFO: In special for loop. Card DRTWO RED
    [junit] Apr 03, 2013 1:13:14 AM practiceUno.Robot Decide
    [junit] INFO: In special for loop. Card DRTWO BLUE
    [junit] Apr 03, 2013 1:13:14 AM practiceUno.Robot Decide
    [junit] INFO: In special for loop. Card DRTWO BLUE
    [junit] Apr 03, 2013 1:13:14 AM practiceUno.Robot PlayAWild
    [junit] INFO: Seeing if I have any wild cards in my hand
    [junit] Apr 03, 2013 1:13:14 AM practiceUno.Robot Decide
    [junit] INFO: Done deciding
    [junit] Apr 03, 2013 1:13:14 AM practiceUno.Robot PlayAHand
    [junit] INFO: decided 2
    [junit] Apr 03, 2013 1:13:14 AM practiceUno.Robot PlayAHand
    [junit] INFO: Need to draw a card
    [junit] Apr 03, 2013 1:13:14 AM practiceUno.Robot Decide
    [junit] INFO: Entering robot decide function
    [junit] Apr 03, 2013 1:13:14 AM practiceUno.Robot Decide
    [junit] INFO: I have 4 cards. 
    [junit] Apr 03, 2013 1:13:14 AM practiceUno.Robot Decide
    [junit] INFO: Card 0: DRTWO RED
    [junit] Apr 03, 2013 1:13:14 AM practiceUno.Robot Decide
    [junit] INFO: Card 1: DRTWO BLUE
    [junit] Apr 03, 2013 1:13:14 AM practiceUno.Robot Decide
    [junit] INFO: Card 2: DRTWO BLUE
    [junit] Apr 03, 2013 1:13:14 AM practiceUno.Robot Decide
    [junit] INFO: Card 3: SKIP GREEN
    [junit] Apr 03, 2013 1:13:14 AM practiceUno.Robot Decide
    [junit] INFO: The top card was a special card. SKIP YELLOW
    [junit] Apr 03, 2013 1:13:14 AM practiceUno.Robot Decide
    [junit] INFO: In special for loop. Card DRTWO RED
    [junit] Apr 03, 2013 1:13:14 AM practiceUno.Robot Decide
    [junit] INFO: In special for loop. Card DRTWO BLUE
    [junit] Apr 03, 2013 1:13:14 AM practiceUno.Robot Decide
    [junit] INFO: In special for loop. Card DRTWO BLUE
    [junit] Apr 03, 2013 1:13:14 AM practiceUno.Robot Decide
    [junit] INFO: In special for loop. Card SKIP GREEN
    [junit] Apr 03, 2013 1:13:14 AM practiceUno.Robot Decide
    [junit] INFO: Done deciding
    [junit] Apr 03, 2013 1:13:14 AM practiceUno.Robot PlayAHand
    [junit] INFO: Trying to play a card SKIP GREEN SKIP YELLOW
    [junit] Apr 03, 2013 1:13:14 AM practiceUno.Robot FindCard
    [junit] INFO: looking at you card : SKIP GREEN
    [junit] Apr 03, 2013 1:13:14 AM practiceUno.Robot FindCard
    [junit] INFO: Is at 3
    [junit] Apr 03, 2013 1:13:14 AM practiceUno.Robot PlayAHand
    [junit] INFO: End turn
    [junit] Apr 03, 2013 1:13:14 AM practiceUno.Robot PlayAHand
    [junit] INFO: Trying to decide
    [junit] Apr 03, 2013 1:13:14 AM practiceUno.Robot Decide
    [junit] INFO: Entering robot decide function
    [junit] Apr 03, 2013 1:13:14 AM practiceUno.Robot Decide
    [junit] INFO: I have 3 cards. 
    [junit] Apr 03, 2013 1:13:14 AM practiceUno.Robot Decide
    [junit] INFO: Card 0: DRTWO RED
    [junit] Apr 03, 2013 1:13:14 AM practiceUno.Robot Decide
    [junit] INFO: Card 1: DRTWO BLUE
    [junit] Apr 03, 2013 1:13:14 AM practiceUno.Robot Decide
    [junit] INFO: Card 2: DRTWO BLUE
    [junit] Apr 03, 2013 1:13:14 AM practiceUno.Robot Decide
    [junit] INFO: The top card was a special card. SKIP GREEN
    [junit] Apr 03, 2013 1:13:14 AM practiceUno.Robot Decide
    [junit] INFO: In special for loop. Card DRTWO RED
    [junit] Apr 03, 2013 1:13:14 AM practiceUno.Robot Decide
    [junit] INFO: In special for loop. Card DRTWO BLUE
    [junit] Apr 03, 2013 1:13:14 AM practiceUno.Robot Decide
    [junit] INFO: In special for loop. Card DRTWO BLUE
    [junit] Apr 03, 2013 1:13:14 AM practiceUno.Robot PlayAWild
    [junit] INFO: Seeing if I have any wild cards in my hand
    [junit] Apr 03, 2013 1:13:14 AM practiceUno.Robot Decide
    [junit] INFO: Done deciding
    [junit] Apr 03, 2013 1:13:14 AM practiceUno.Robot PlayAHand
    [junit] INFO: decided 2
    [junit] Apr 03, 2013 1:13:14 AM practiceUno.Robot PlayAHand
    [junit] INFO: Need to draw a card
    [junit] Apr 03, 2013 1:13:14 AM practiceUno.Robot Decide
    [junit] INFO: Entering robot decide function
    [junit] Apr 03, 2013 1:13:14 AM practiceUno.Robot Decide
    [junit] INFO: I have 4 cards. 
    [junit] Apr 03, 2013 1:13:14 AM practiceUno.Robot Decide
    [junit] INFO: Card 0: DRTWO RED
    [junit] Apr 03, 2013 1:13:14 AM practiceUno.Robot Decide
    [junit] INFO: Card 1: DRTWO BLUE
    [junit] Apr 03, 2013 1:13:14 AM practiceUno.Robot Decide
    [junit] INFO: Card 2: DRTWO BLUE
    [junit] Apr 03, 2013 1:13:14 AM practiceUno.Robot Decide
    [junit] INFO: Card 3: SKIP GREEN
    [junit] Apr 03, 2013 1:13:14 AM practiceUno.Robot Decide
    [junit] INFO: The top card was a special card. SKIP GREEN
    [junit] Apr 03, 2013 1:13:14 AM practiceUno.Robot Decide
    [junit] INFO: In special for loop. Card DRTWO RED
    [junit] Apr 03, 2013 1:13:14 AM practiceUno.Robot Decide
    [junit] INFO: In special for loop. Card DRTWO BLUE
    [junit] Apr 03, 2013 1:13:14 AM practiceUno.Robot Decide
    [junit] INFO: In special for loop. Card DRTWO BLUE
    [junit] Apr 03, 2013 1:13:14 AM practiceUno.Robot Decide
    [junit] INFO: In special for loop. Card SKIP GREEN
    [junit] Apr 03, 2013 1:13:14 AM practiceUno.Robot Decide
    [junit] INFO: Done deciding
    [junit] Apr 03, 2013 1:13:14 AM practiceUno.Robot PlayAHand
    [junit] INFO: Trying to play a card SKIP GREEN SKIP GREEN
    [junit] Apr 03, 2013 1:13:14 AM practiceUno.Robot FindCard
    [junit] INFO: looking at you card : SKIP GREEN
    [junit] Apr 03, 2013 1:13:14 AM practiceUno.Robot FindCard
    [junit] INFO: Is at 3
    [junit] Apr 03, 2013 1:13:14 AM practiceUno.Robot PlayAHand
    [junit] INFO: End turn
    [junit] Apr 03, 2013 1:13:14 AM practiceUno.Robot PlayAHand
    [junit] INFO: Trying to decide
    [junit] Apr 03, 2013 1:13:14 AM practiceUno.Robot Decide
    [junit] INFO: Entering robot decide function
    [junit] Apr 03, 2013 1:13:14 AM practiceUno.Robot Decide
    [junit] INFO: I have 3 cards. 
    [junit] Apr 03, 2013 1:13:14 AM practiceUno.Robot Decide
    [junit] INFO: Card 0: DRTWO RED
    [junit] Apr 03, 2013 1:13:14 AM practiceUno.Robot Decide
    [junit] INFO: Card 1: DRTWO BLUE
    [junit] Apr 03, 2013 1:13:14 AM practiceUno.Robot Decide
    [junit] INFO: Card 2: DRTWO BLUE
    [junit] Apr 03, 2013 1:13:14 AM practiceUno.Robot Decide
    [junit] INFO: The top card was a special card. SKIP GREEN
    [junit] Apr 03, 2013 1:13:14 AM practiceUno.Robot Decide
    [junit] INFO: In special for loop. Card DRTWO RED
    [junit] Apr 03, 2013 1:13:14 AM practiceUno.Robot Decide
    [junit] INFO: In special for loop. Card DRTWO BLUE
    [junit] Apr 03, 2013 1:13:14 AM practiceUno.Robot Decide
    [junit] INFO: In special for loop. Card DRTWO BLUE
    [junit] Apr 03, 2013 1:13:14 AM practiceUno.Robot PlayAWild
    [junit] INFO: Seeing if I have any wild cards in my hand
    [junit] Apr 03, 2013 1:13:14 AM practiceUno.Robot Decide
    [junit] INFO: Done deciding
    [junit] Apr 03, 2013 1:13:14 AM practiceUno.Robot PlayAHand
    [junit] INFO: decided 2
    [junit] Apr 03, 2013 1:13:14 AM practiceUno.Robot PlayAHand
    [junit] INFO: Need to draw a card
    [junit] Apr 03, 2013 1:13:14 AM practiceUno.Robot Decide
    [junit] INFO: Entering robot decide function
    [junit] Apr 03, 2013 1:13:14 AM practiceUno.Robot Decide
    [junit] INFO: I have 4 cards. 
    [junit] Apr 03, 2013 1:13:14 AM practiceUno.Robot Decide
    [junit] INFO: Card 0: DRTWO RED
    [junit] Apr 03, 2013 1:13:14 AM practiceUno.Robot Decide
    [junit] INFO: Card 1: DRTWO BLUE
    [junit] Apr 03, 2013 1:13:14 AM practiceUno.Robot Decide
    [junit] INFO: Card 2: DRTWO BLUE
    [junit] Apr 03, 2013 1:13:14 AM practiceUno.Robot Decide
    [junit] INFO: Card 3: SKIP RED
    [junit] Apr 03, 2013 1:13:14 AM practiceUno.Robot Decide
    [junit] INFO: The top card was a special card. SKIP GREEN
    [junit] Apr 03, 2013 1:13:14 AM practiceUno.Robot Decide
    [junit] INFO: In special for loop. Card DRTWO RED
    [junit] Apr 03, 2013 1:13:14 AM practiceUno.Robot Decide
    [junit] INFO: In special for loop. Card DRTWO BLUE
    [junit] Apr 03, 2013 1:13:14 AM practiceUno.Robot Decide
    [junit] INFO: In special for loop. Card DRTWO BLUE
    [junit] Apr 03, 2013 1:13:14 AM practiceUno.Robot Decide
    [junit] INFO: In special for loop. Card SKIP RED
    [junit] Apr 03, 2013 1:13:14 AM practiceUno.Robot Decide
    [junit] INFO: Done deciding
    [junit] Apr 03, 2013 1:13:14 AM practiceUno.Robot PlayAHand
    [junit] INFO: Trying to play a card SKIP RED SKIP GREEN
    [junit] Apr 03, 2013 1:13:14 AM practiceUno.Robot FindCard
    [junit] INFO: looking at you card : SKIP RED
    [junit] Apr 03, 2013 1:13:14 AM practiceUno.Robot FindCard
    [junit] INFO: Is at 3
    [junit] Apr 03, 2013 1:13:14 AM practiceUno.Robot PlayAHand
    [junit] INFO: End turn
    [junit] Apr 03, 2013 1:13:14 AM practiceUno.Robot PlayAHand
    [junit] INFO: Trying to decide
    [junit] Apr 03, 2013 1:13:14 AM practiceUno.Robot Decide
    [junit] INFO: Entering robot decide function
    [junit] Apr 03, 2013 1:13:14 AM practiceUno.Robot Decide
    [junit] INFO: I have 3 cards. 
    [junit] Apr 03, 2013 1:13:14 AM practiceUno.Robot Decide
    [junit] INFO: Card 0: DRTWO RED
    [junit] Apr 03, 2013 1:13:14 AM practiceUno.Robot Decide
    [junit] INFO: Card 1: DRTWO BLUE
    [junit] Apr 03, 2013 1:13:14 AM practiceUno.Robot Decide
    [junit] INFO: Card 2: DRTWO BLUE
    [junit] Apr 03, 2013 1:13:14 AM practiceUno.Robot Decide
    [junit] INFO: The top card was a special card. SKIP RED
    [junit] Apr 03, 2013 1:13:14 AM practiceUno.Robot Decide
    [junit] INFO: In special for loop. Card DRTWO RED
    [junit] Apr 03, 2013 1:13:14 AM practiceUno.Robot Decide
    [junit] INFO: Done deciding
    [junit] Apr 03, 2013 1:13:14 AM practiceUno.Robot PlayAHand
    [junit] INFO: Decided 1 DRTWO RED
    [junit] Apr 03, 2013 1:13:14 AM practiceUno.Robot PlayAHand
    [junit] INFO: Trying to play a card DRTWO RED SKIP RED
    [junit] Apr 03, 2013 1:13:14 AM practiceUno.Robot FindCard
    [junit] INFO: looking at you card : DRTWO RED
    [junit] Apr 03, 2013 1:13:14 AM practiceUno.Robot FindCard
    [junit] INFO: Is at 0
    [junit] Apr 03, 2013 1:13:14 AM practiceUno.Robot PlayAHand
    [junit] INFO: End turn
    [junit] Apr 03, 2013 1:13:14 AM practiceUno.Robot PlayAHand
    [junit] Apr 03, 2013 1:13:14 AM practiceUno.Robot PlayAHand
    [junit] INFO: Trying to decide
    [junit] Apr 03, 2013 1:13:14 AM practiceUno.Robot Decide
    [junit] INFO: Entering robot decide function
    [junit] Apr 03, 2013 1:13:14 AM practiceUno.Robot Decide
    [junit] INFO: I have 2 cards. 
    [junit] Apr 03, 2013 1:13:14 AM practiceUno.Robot Decide
    [junit] INFO: Card 0: DRTWO BLUE
    [junit] Apr 03, 2013 1:13:14 AM practiceUno.Robot Decide
    [junit] INFO: Card 1: DRTWO BLUE
    [junit] Apr 03, 2013 1:13:14 AM practiceUno.Robot Decide
    [junit] INFO: The top card was a special card. DRTWO RED
    [junit] Apr 03, 2013 1:13:14 AM practiceUno.Robot Decide
    [junit] INFO: In special for loop. Card DRTWO BLUE
    [junit] Apr 03, 2013 1:13:14 AM practiceUno.Robot Decide
    [junit] INFO: Done deciding
    [junit] Apr 03, 2013 1:13:14 AM practiceUno.Robot PlayAHand
    [junit] INFO: Decided 1 DRTWO BLUE
    [junit] Apr 03, 2013 1:13:14 AM practiceUno.Robot PlayAHand
    [junit] INFO: Trying to play a card DRTWO BLUE DRTWO RED
    [junit] Apr 03, 2013 1:13:14 AM practiceUno.Robot FindCard
    [junit] INFO: looking at you card : DRTWO BLUE
    [junit] Apr 03, 2013 1:13:14 AM practiceUno.Robot FindCard
    [junit] INFO: Is at 0
    [junit] Apr 03, 2013 1:13:14 AM practiceUno.Robot PlayAHand
    [junit] INFO: End turn
    [junit] Apr 03, 2013 1:13:14 AM practiceUno.Robot PlayAHand
    [junit] INFO: Trying to decide
    [junit] Apr 03, 2013 1:13:14 AM practiceUno.Robot Decide
    [junit] INFO: Entering robot decide function
    [junit] Apr 03, 2013 1:13:14 AM practiceUno.Robot Decide
    [junit] INFO: I have 1 cards. 
    [junit] Apr 03, 2013 1:13:14 AM practiceUno.Robot Decide
    [junit] INFO: Card 0: DRTWO BLUE
    [junit] Apr 03, 2013 1:13:14 AM practiceUno.Robot Decide
    [junit] INFO: The top card was a special card. DRTWO BLUE
    [junit] Apr 03, 2013 1:13:14 AM practiceUno.Robot Decide
    [junit] INFO: In special for loop. Card DRTWO BLUE
    [junit] Apr 03, 2013 1:13:14 AM practiceUno.Robot Decide
    [junit] INFO: Done deciding
    [junit] Apr 03, 2013 1:13:14 AM practiceUno.Robot PlayAHand
    [junit] INFO: Decided 1 DRTWO BLUE
    [junit] Apr 03, 2013 1:13:14 AM practiceUno.Robot PlayAHand
    [junit] INFO: Trying to play a card DRTWO BLUE DRTWO BLUE
    [junit] Apr 03, 2013 1:13:14 AM practiceUno.Robot FindCard
    [junit] INFO: looking at you card : DRTWO BLUE
    [junit] Apr 03, 2013 1:13:14 AM practiceUno.Robot FindCard
    [junit] INFO: Is at 0
    [junit] Apr 03, 2013 1:13:14 AM practiceUno.Robot PlayAHand
    [junit] INFO: End turn
    [junit] Apr 03, 2013 1:13:14 AM practiceUno.WildCard Wild
    [junit] INFO: Call for wild called
    [junit] Apr 03, 2013 1:13:14 AM practiceUno.Robot PlayAHand
    [junit] INFO: Trying to decide
    [junit] Apr 03, 2013 1:13:14 AM practiceUno.Robot Decide
    [junit] INFO: Entering robot decide function
    [junit] Apr 03, 2013 1:13:14 AM practiceUno.Robot Decide
    [junit] INFO: I have 2 cards. 
    [junit] Apr 03, 2013 1:13:14 AM practiceUno.Robot Decide
    [junit] INFO: Card 0: 5 BLUE
    [junit] Apr 03, 2013 1:13:14 AM practiceUno.Robot Decide
    [junit] INFO: Card 1: DRTWO RED
    [junit] Apr 03, 2013 1:13:14 AM practiceUno.Robot Decide
    [junit] INFO: The top card was a wild card WILD RED
    [junit] Apr 03, 2013 1:13:14 AM practiceUno.Robot Decide
    [junit] INFO: Inside the wild loop 5 BLUE
    [junit] Apr 03, 2013 1:13:14 AM practiceUno.Robot Decide
    [junit] INFO: Inside the wild loop DRTWO RED
    [junit] Apr 03, 2013 1:13:14 AM practiceUno.Robot Decide
    [junit] INFO: Done deciding
    [junit] Apr 03, 2013 1:13:14 AM practiceUno.Robot PlayAHand
    [junit] INFO: Decided 1 DRTWO RED
    [junit] Apr 03, 2013 1:13:14 AM practiceUno.Robot PlayAHand
    [junit] INFO: Trying to play a card DRTWO RED WILD RED
    [junit] Apr 03, 2013 1:13:14 AM practiceUno.Robot FindCard
    [junit] INFO: looking at you card : DRTWO RED
    [junit] Apr 03, 2013 1:13:14 AM practiceUno.Robot FindCard
    [junit] INFO: Is at 1
    [junit] Apr 03, 2013 1:13:14 AM practiceUno.Robot PlayAHand
    [junit] INFO: End turn
    [junit] Apr 03, 2013 1:13:14 AM practiceUno.Robot PlayAHand
    [junit] INFO: Trying to decide
    [junit] Apr 03, 2013 1:13:14 AM practiceUno.Robot Decide
    [junit] INFO: Entering robot decide function
    [junit] Apr 03, 2013 1:13:14 AM practiceUno.Robot Decide
    [junit] INFO: I have 2 cards. 
    [junit] Apr 03, 2013 1:13:14 AM practiceUno.Robot Decide
    [junit] INFO: Card 0: 5 BLUE
    [junit] Apr 03, 2013 1:13:14 AM practiceUno.Robot Decide
    [junit] INFO: Card 1: DRTWO RED
    [junit] Apr 03, 2013 1:13:14 AM practiceUno.Robot Decide
    [junit] INFO: The top card was a number 5 BLUE
    [junit] Apr 03, 2013 1:13:14 AM practiceUno.Robot Decide
    [junit] INFO: Done deciding
    [junit] Apr 03, 2013 1:13:14 AM practiceUno.Robot PlayAHand
    [junit] INFO: Decided 1 5 BLUE
    [junit] Apr 03, 2013 1:13:14 AM practiceUno.Robot PlayAHand
    [junit] INFO: Trying to play a card 5 BLUE 5 BLUE
    [junit] Apr 03, 2013 1:13:14 AM practiceUno.Robot FindCard
    [junit] INFO: looking at you card : 5 BLUE
    [junit] Apr 03, 2013 1:13:14 AM practiceUno.Robot FindCard
    [junit] INFO: Is at 0
    [junit] Apr 03, 2013 1:13:14 AM practiceUno.Robot PlayAHand
    [junit] INFO: End turn
    [junit] Apr 03, 2013 1:13:14 AM practiceUno.Robot FindCard
    [junit] INFO: looking at you card : 5 BLUE
    [junit] Apr 03, 2013 1:13:14 AM practiceUno.Robot FindCard
    [junit] INFO: Is at -1
    [junit] Apr 03, 2013 1:13:14 AM practiceUno.Robot PlayAHand
    [junit] INFO: Trying to decide
    [junit] Apr 03, 2013 1:13:14 AM practiceUno.Robot Decide
    [junit] INFO: Entering robot decide function
    [junit] Apr 03, 2013 1:13:14 AM practiceUno.Robot Decide
    [junit] INFO: I have 7 cards. 
    [junit] Apr 03, 2013 1:13:14 AM practiceUno.Robot Decide
    [junit] INFO: Card 0: DRTWO YELLOW
    [junit] Apr 03, 2013 1:13:14 AM practiceUno.Robot Decide
    [junit] INFO: Card 1: 1 RED
    [junit] Apr 03, 2013 1:13:14 AM practiceUno.Robot Decide
    [junit] INFO: Card 2: 9 RED
    [junit] Apr 03, 2013 1:13:14 AM practiceUno.Robot Decide
    [junit] INFO: Card 3: 3 YELLOW
    [junit] Apr 03, 2013 1:13:14 AM practiceUno.Robot Decide
    [junit] INFO: Card 4: 1 GREEN
    [junit] Apr 03, 2013 1:13:14 AM practiceUno.Robot Decide
    [junit] INFO: Card 5: DRTWO BLUE
    [junit] Apr 03, 2013 1:13:14 AM practiceUno.Robot Decide
    [junit] INFO: Card 6: REVERSE RED
    [junit] Apr 03, 2013 1:13:14 AM practiceUno.Robot Decide
    [junit] INFO: The top card was a number 6 RED
    [junit] Apr 03, 2013 1:13:14 AM practiceUno.Robot Decide
    [junit] INFO: Done deciding
    [junit] Apr 03, 2013 1:13:14 AM practiceUno.Robot PlayAHand
    [junit] INFO: Decided 1 1 RED
    [junit] Apr 03, 2013 1:13:14 AM practiceUno.Robot PlayAHand
    [junit] INFO: Trying to play a card 1 RED 6 RED
    [junit] Apr 03, 2013 1:13:14 AM practiceUno.Robot FindCard
    [junit] INFO: looking at you card : 1 RED
    [junit] Apr 03, 2013 1:13:14 AM practiceUno.Robot FindCard
    [junit] INFO: Is at 1
    [junit] Apr 03, 2013 1:13:14 AM practiceUno.Robot PlayAHand
    [junit] INFO: End turn
    [junit] ------------- ---------------- ---------------
    [junit] Testsuite: practiceUno.SpecialCardTest
    [junit] GetColor
    [junit] GetSpecial
    [junit] Skip
    [junit] Current Player: 0
    [junit] Next Player: 2
    [junit] Current Player: 1
    [junit] Next Player: 3
    [junit] Current Player: 2
    [junit] Next Player: 0
    [junit] Current Player: 3
    [junit] Next Player: 1
    [junit] Current Player: 0
    [junit] Next Player: 2
    [junit] Current Player: 1
    [junit] Next Player: 3
    [junit] Current Player: 2
    [junit] Next Player: 0
    [junit] Current Player: 3
    [junit] Next Player: 1
    [junit] Current Player: 0
    [junit] Next Player: 2
    [junit] Current Player: 1
    [junit] Next Player: 3
    [junit] Current Player: 2
    [junit] Next Player: 0
    [junit] Current Player: 3
    [junit] Next Player: 1
    [junit] Current Player: 0
    [junit] Next Player: 2
    [junit] Current Player: 1
    [junit] Next Player: 3
    [junit] Current Player: 2
    [junit] Next Player: 0
    [junit] Current Player: 3
    [junit] Next Player: 1
    [junit] Reverse
    [junit] Current Player: 0
    [junit] Next Player: 2
    [junit] Current Player: 1
    [junit] Next Player: -1
    [junit] DrawTwo
    [junit] Print
    [junit] 
    [junit] 
    [junit] 
    [junit] 
    [junit] 
    [junit] 
    [junit] 
    [junit] 
    [junit] 
    [junit] 
    [junit] 
    [junit] 
    [junit] Tests run: 6, Failures: 0, Errors: 0, Time elapsed: 0.108 sec
    [junit] 
    [junit] ------------- Standard Output ---------------
    [junit] GetColor
    [junit] GetSpecial
    [junit] Skip
    [junit] Current Player: 0
    [junit] Next Player: 2
    [junit] Current Player: 1
    [junit] Next Player: 3
    [junit] Current Player: 2
    [junit] Next Player: 0
    [junit] Current Player: 3
    [junit] Next Player: 1
    [junit] Current Player: 0
    [junit] Next Player: 2
    [junit] Current Player: 1
    [junit] Next Player: 3
    [junit] Current Player: 2
    [junit] Next Player: 0
    [junit] Current Player: 3
    [junit] Next Player: 1
    [junit] Current Player: 0
    [junit] Next Player: 2
    [junit] Current Player: 1
    [junit] Next Player: 3
    [junit] Current Player: 2
    [junit] Next Player: 0
    [junit] Current Player: 3
    [junit] Next Player: 1
    [junit] Current Player: 0
    [junit] Next Player: 2
    [junit] Current Player: 1
    [junit] Next Player: 3
    [junit] Current Player: 2
    [junit] Next Player: 0
    [junit] Current Player: 3
    [junit] Next Player: 1
    [junit] Reverse
    [junit] Current Player: 0
    [junit] Next Player: 2
    [junit] Current Player: 1
    [junit] Next Player: -1
    [junit] DrawTwo
    [junit] Print
    [junit] 
    [junit] 
    [junit] 
    [junit] 
    [junit] 
    [junit] 
    [junit] 
    [junit] 
    [junit] 
    [junit] 
    [junit] 
    [junit] 
    [junit] ------------- ---------------- ---------------
    [junit] Testsuite: practiceUno.WildCardTest
    [junit] Apr 03, 2013 1:13:16 AM practiceUno.WildCard Wild
    [junit] INFO: Call for wild called
    [junit] GetWild
    [junit] Apr 03, 2013 1:13:16 AM practiceUno.WildCard Wild
    [junit] Wild
    [junit] DrawFour
    [junit] Print
    [junit] 
    [junit] 
    [junit] GetColor
    [junit] Tests run: 5, Failures: 0, Errors: 0, Time elapsed: 0.121 sec
    [junit] 
    [junit] ------------- Standard Output ---------------
    [junit] GetWild
    [junit] Wild
    [junit] DrawFour
    [junit] Print
    [junit] 
    [junit] 
    [junit] GetColor
    [junit] ------------- ---------------- ---------------
    [junit] ------------- Standard Error -----------------
    [junit] Apr 03, 2013 1:13:16 AM practiceUno.WildCard Wild
    [junit] INFO: Call for wild called
    [junit] Apr 03, 2013 1:13:16 AM practiceUno.WildCard Wild
    [junit] INFO: Call for wild called
    [junit] Apr 03, 2013 1:13:16 AM practiceUno.WildCard Wild
    [junit] INFO: Call for wild called
    [junit] Apr 03, 2013 1:13:16 AM practiceUno.WildCard Wild
    [junit] INFO: Call for wild called
    [junit] Apr 03, 2013 1:13:16 AM practiceUno.WildCard Wild
    [junit] INFO: Call for wild called
    [junit] Apr 03, 2013 1:13:16 AM practiceUno.WildCard Wild
    [junit] SEVERE: The color value is null!
    [junit] Apr 03, 2013 1:13:16 AM practiceUno.WildCard Wild
    [junit] INFO: Call for wild called
    [junit] Apr 03, 2013 1:13:16 AM practiceUno.WildCard Wild
    [junit] INFO: Call for wild called
    [junit] Apr 03, 2013 1:13:16 AM practiceUno.WildCard Wild
    [junit] INFO: Call for wild called
    [junit] Apr 03, 2013 1:13:16 AM practiceUno.WildCard Wild
    [junit] INFO: Call for wild called
    [junit] Apr 03, 2013 1:13:16 AM practiceUno.WildCard Wild
    [junit] INFO: Call for wild called
    [junit] Apr 03, 2013 1:13:16 AM practiceUno.WildCard Wild
    [junit] INFO: Call for wild called
    [junit] Apr 03, 2013 1:13:16 AM practiceUno.WildCard Wild
    [junit] INFO: Call for wild called
    [junit] Apr 03, 2013 1:13:16 AM practiceUno.WildCard Wild
    [junit] INFO: Call for wild called
    [junit] Apr 03, 2013 1:13:16 AM practiceUno.WildCard Wild
    [junit] INFO: Call for wild called
    [junit] Apr 03, 2013 1:13:16 AM practiceUno.WildCard Wild
    [junit] INFO: Call for wild called
    [junit] Apr 03, 2013 1:13:16 AM practiceUno.WildCard Wild
    [junit] INFO: Call for wild called
    [junit] Apr 03, 2013 1:13:16 AM practiceUno.WildCard Wild
    [junit] INFO: Call for wild called
    [junit] ------------- ---------------- ---------------
    [junit] INFO: Call for wild called
    [junit] Apr 03, 2013 1:13:16 AM practiceUno.WildCard Wild
    [junit] INFO: Call for wild called
    [junit] Apr 03, 2013 1:13:16 AM practiceUno.WildCard Wild
    [junit] INFO: Call for wild called
    [junit] Apr 03, 2013 1:13:16 AM practiceUno.WildCard Wild
    [junit] INFO: Call for wild called
    [junit] Apr 03, 2013 1:13:16 AM practiceUno.WildCard Wild
    [junit] SEVERE: The color value is null!
    [junit] Apr 03, 2013 1:13:16 AM practiceUno.WildCard Wild
    [junit] INFO: Call for wild called
    [junit] Apr 03, 2013 1:13:16 AM practiceUno.WildCard Wild
    [junit] INFO: Call for wild called
    [junit] Apr 03, 2013 1:13:16 AM practiceUno.WildCard Wild
    [junit] INFO: Call for wild called
    [junit] Apr 03, 2013 1:13:16 AM practiceUno.WildCard Wild
    [junit] INFO: Call for wild called
    [junit] Apr 03, 2013 1:13:16 AM practiceUno.WildCard Wild
    [junit] INFO: Call for wild called
    [junit] Apr 03, 2013 1:13:16 AM practiceUno.WildCard Wild
    [junit] INFO: Call for wild called
    [junit] Apr 03, 2013 1:13:16 AM practiceUno.WildCard Wild
    [junit] INFO: Call for wild called
    [junit] Apr 03, 2013 1:13:16 AM practiceUno.WildCard Wild
    [junit] INFO: Call for wild called
    [junit] Apr 03, 2013 1:13:16 AM practiceUno.WildCard Wild
    [junit] INFO: Call for wild called
    [junit] Apr 03, 2013 1:13:16 AM practiceUno.WildCard Wild
    [junit] INFO: Call for wild called
    [junit] Apr 03, 2013 1:13:16 AM practiceUno.WildCard Wild
    [junit] INFO: Call for wild called
    [junit] Apr 03, 2013 1:13:16 AM practiceUno.WildCard Wild
    [junit] INFO: Call for wild called

test-report:

-post-test-run:

-test-browse:

test:

BUILD SUCCESSFUL
Total time: 13 seconds
